2024-12-25 02:58:14,829 [INFO] WebApp:190 - Connection lost
2024-12-25 02:58:17,211 [INFO] WebApp:187 - Connection restablished
2024-12-25 02:58:19,508 [INFO] WebApp:190 - Connection lost
2024-12-25 02:58:19,722 [INFO] WebApp:187 - Connection restablished
2024-12-25 02:58:22,623 [INFO] WebApp:190 - Connection lost
2024-12-25 02:58:23,277 [INFO] WebApp:187 - Connection restablished
2024-12-25 02:59:36,629 [INFO] WebApp:190 - Connection lost
2024-12-25 02:59:37,129 [INFO] WebApp:187 - Connection restablished
2024-12-25 03:00:05,501 [INFO] WebApp:190 - Connection lost
2024-12-25 03:00:10,003 [INFO] WebApp:187 - Connection restablished
2024-12-25 06:14:47,391 [INFO] WebApp:190 - Connection lost
2024-12-25 06:14:49,961 [INFO] WebApp:187 - Connection restablished
2024-12-25 06:14:54,985 [INFO] WebApp:190 - Connection lost
2024-12-25 06:14:55,642 [INFO] WebApp:187 - Connection restablished
2024-12-25 06:16:08,652 [INFO] WebApp:190 - Connection lost
2024-12-25 06:16:09,086 [INFO] WebApp:187 - Connection restablished
2024-12-25 06:16:37,015 [INFO] WebApp:190 - Connection lost
2024-12-25 06:16:41,503 [INFO] WebApp:187 - Connection restablished
2024-12-25 06:20:23,992 [INFO] WebApp:190 - Connection lost
2024-12-25 06:20:24,513 [INFO] WebApp:187 - Connection restablished
2024-12-25 06:20:52,504 [INFO] WebApp:190 - Connection lost
2024-12-25 06:20:57,034 [INFO] WebApp:187 - Connection restablished
2024-12-25 06:24:39,484 [INFO] WebApp:190 - Connection lost
2024-12-25 06:24:39,895 [INFO] WebApp:187 - Connection restablished
2024-12-25 06:25:08,518 [INFO] WebApp:190 - Connection lost
2024-12-25 06:25:13,020 [INFO] WebApp:187 - Connection restablished
2024-12-25 06:27:45,714 [INFO] WebApp:190 - Connection lost
2024-12-25 06:27:46,145 [INFO] WebApp:187 - Connection restablished
2024-12-25 06:28:14,026 [INFO] WebApp:190 - Connection lost
2024-12-25 06:28:18,526 [INFO] WebApp:187 - Connection restablished
2024-12-25 06:29:41,630 [INFO] WebApp:190 - Connection lost
2024-12-25 06:29:42,046 [INFO] WebApp:187 - Connection restablished
2024-12-25 06:30:09,999 [INFO] WebApp:190 - Connection lost
2024-12-25 06:30:14,520 [INFO] WebApp:187 - Connection restablished
2024-12-25 09:31:43,808 [INFO] WebApp:190 - Connection lost
2024-12-25 09:31:46,443 [INFO] WebApp:187 - Connection restablished
2024-12-25 09:31:49,498 [INFO] WebApp:190 - Connection lost
2024-12-25 09:31:49,699 [INFO] WebApp:187 - Connection restablished
2024-12-25 09:31:52,495 [INFO] WebApp:190 - Connection lost
2024-12-25 09:31:53,120 [INFO] WebApp:187 - Connection restablished
2024-12-25 09:35:15,804 [INFO] WebApp:190 - Connection lost
2024-12-25 09:35:16,252 [INFO] WebApp:187 - Connection restablished
2024-12-25 09:35:46,010 [INFO] WebApp:190 - Connection lost
2024-12-25 09:35:50,734 [INFO] WebApp:187 - Connection restablished
2024-12-25 09:40:33,463 [INFO] WebApp:190 - Connection lost
2024-12-25 09:40:33,883 [INFO] WebApp:187 - Connection restablished
2024-12-25 09:41:03,008 [INFO] WebApp:190 - Connection lost
2024-12-25 09:41:07,496 [INFO] WebApp:187 - Connection restablished
2024-12-25 09:43:30,481 [INFO] WebApp:190 - Connection lost
2024-12-25 09:43:30,878 [INFO] WebApp:187 - Connection restablished
2024-12-25 09:43:58,998 [INFO] WebApp:190 - Connection lost
2024-12-25 09:44:03,531 [INFO] WebApp:187 - Connection restablished
2024-12-25 09:45:25,928 [INFO] WebApp:190 - Connection lost
2024-12-25 09:45:26,317 [INFO] WebApp:187 - Connection restablished
2024-12-25 09:45:54,505 [INFO] WebApp:190 - Connection lost
2024-12-25 09:45:58,767 [INFO] WebApp:187 - Connection restablished
2024-12-25 12:38:05,207 [INFO] WebApp:190 - Connection lost
2024-12-25 12:38:07,168 [INFO] WebApp:187 - Connection restablished
2024-12-25 12:38:09,486 [INFO] WebApp:190 - Connection lost
2024-12-25 12:38:10,117 [INFO] WebApp:187 - Connection restablished
2024-12-25 12:38:12,612 [INFO] WebApp:190 - Connection lost
2024-12-25 12:38:13,241 [INFO] WebApp:187 - Connection restablished
2024-12-25 12:39:26,206 [INFO] WebApp:190 - Connection lost
2024-12-25 12:39:26,722 [INFO] WebApp:187 - Connection restablished
2024-12-25 12:39:55,022 [INFO] WebApp:190 - Connection lost
2024-12-25 12:39:59,558 [INFO] WebApp:187 - Connection restablished
2024-12-25 12:45:21,981 [INFO] WebApp:190 - Connection lost
2024-12-25 12:45:22,472 [INFO] WebApp:187 - Connection restablished
2024-12-25 12:45:50,509 [INFO] WebApp:190 - Connection lost
2024-12-25 12:45:55,994 [INFO] WebApp:187 - Connection restablished
2024-12-25 12:48:27,465 [INFO] WebApp:190 - Connection lost
2024-12-25 12:48:27,878 [INFO] WebApp:187 - Connection restablished
2024-12-25 12:48:56,006 [INFO] WebApp:190 - Connection lost
2024-12-25 12:49:00,509 [INFO] WebApp:187 - Connection restablished
2024-12-25 12:51:13,463 [INFO] WebApp:190 - Connection lost
2024-12-25 12:51:13,873 [INFO] WebApp:187 - Connection restablished
2024-12-25 12:51:42,003 [INFO] WebApp:190 - Connection lost
2024-12-25 12:51:47,531 [INFO] WebApp:187 - Connection restablished
2024-12-25 12:53:59,480 [INFO] WebApp:190 - Connection lost
2024-12-25 12:53:59,905 [INFO] WebApp:187 - Connection restablished
2024-12-25 12:54:28,017 [INFO] WebApp:190 - Connection lost
2024-12-25 12:54:32,541 [INFO] WebApp:187 - Connection restablished
2024-12-25 13:06:35,428 [INFO] WebApp:190 - Connection lost
2024-12-25 13:06:35,876 [INFO] WebApp:187 - Connection restablished
2024-12-25 13:07:04,023 [INFO] WebApp:190 - Connection lost
2024-12-25 13:07:08,509 [INFO] WebApp:187 - Connection restablished
2024-12-25 13:11:40,919 [INFO] WebApp:190 - Connection lost
2024-12-25 13:11:41,433 [INFO] WebApp:187 - Connection restablished
2024-12-25 13:12:09,512 [INFO] WebApp:190 - Connection lost
2024-12-25 13:12:14,015 [INFO] WebApp:187 - Connection restablished
2024-12-25 13:16:46,479 [INFO] WebApp:190 - Connection lost
2024-12-25 13:16:46,890 [INFO] WebApp:187 - Connection restablished
2024-12-25 13:17:15,007 [INFO] WebApp:190 - Connection lost
2024-12-25 13:17:19,494 [INFO] WebApp:187 - Connection restablished
2024-12-25 13:20:51,942 [INFO] WebApp:190 - Connection lost
2024-12-25 13:20:52,366 [INFO] WebApp:187 - Connection restablished
2024-12-25 13:21:22,519 [INFO] WebApp:190 - Connection lost
2024-12-25 13:21:27,022 [INFO] WebApp:187 - Connection restablished
2024-12-25 13:24:09,480 [INFO] WebApp:190 - Connection lost
2024-12-25 13:24:09,898 [INFO] WebApp:187 - Connection restablished
2024-12-25 13:24:38,521 [INFO] WebApp:190 - Connection lost
2024-12-25 13:24:43,009 [INFO] WebApp:187 - Connection restablished
2024-12-25 13:28:25,498 [INFO] WebApp:190 - Connection lost
2024-12-25 13:28:25,931 [INFO] WebApp:187 - Connection restablished
2024-12-25 13:28:54,017 [INFO] WebApp:190 - Connection lost
2024-12-25 13:28:58,505 [INFO] WebApp:187 - Connection restablished
2024-12-25 13:30:11,462 [INFO] WebApp:190 - Connection lost
2024-12-25 13:30:11,885 [INFO] WebApp:187 - Connection restablished
2024-12-25 13:30:40,014 [INFO] WebApp:190 - Connection lost
2024-12-25 13:30:44,569 [INFO] WebApp:187 - Connection restablished
2024-12-25 13:39:47,009 [INFO] WebApp:190 - Connection lost
2024-12-25 13:39:47,410 [INFO] WebApp:187 - Connection restablished
2024-12-25 13:40:15,508 [INFO] WebApp:190 - Connection lost
2024-12-25 13:40:19,985 [INFO] WebApp:187 - Connection restablished
2024-12-25 13:41:42,425 [INFO] WebApp:190 - Connection lost
2024-12-25 13:41:42,836 [INFO] WebApp:187 - Connection restablished
2024-12-25 13:42:11,018 [INFO] WebApp:190 - Connection lost
2024-12-25 13:42:15,513 [INFO] WebApp:187 - Connection restablished
2024-12-25 13:42:41,195 [INFO] WebApp:190 - Connection lost
2024-12-25 13:42:41,591 [INFO] WebApp:187 - Connection restablished
2024-12-25 17:44:11,136 [INFO] WebApp:190 - Connection lost
2024-12-25 17:44:12,338 [INFO] WebApp:187 - Connection restablished
2024-12-25 17:44:12,806 [INFO] WebApp:190 - Connection lost
2024-12-25 17:44:14,868 [INFO] WebApp:187 - Connection restablished
2024-12-25 17:44:16,312 [INFO] WebApp:190 - Connection lost
2024-12-25 17:44:16,516 [INFO] WebApp:187 - Connection restablished
2024-12-25 17:44:18,499 [INFO] WebApp:190 - Connection lost
2024-12-25 17:44:18,681 [INFO] WebApp:187 - Connection restablished
2024-12-25 20:28:09,163 [INFO] WebApp:190 - Connection lost
2024-12-25 20:28:10,156 [INFO] WebApp:187 - Connection restablished
2024-12-25 20:28:13,998 [INFO] WebApp:190 - Connection lost
2024-12-25 20:28:14,437 [INFO] WebApp:187 - Connection restablished
2024-12-25 20:28:16,494 [INFO] WebApp:190 - Connection lost
2024-12-25 20:28:16,888 [INFO] WebApp:187 - Connection restablished
2024-12-25 21:53:01,998 [INFO] WebApp:190 - Connection lost
2024-12-25 21:53:02,425 [INFO] WebApp:187 - Connection restablished
2024-12-25 22:41:22,389 [INFO] McuFinderGlobals:63 - Set McuFinder mode to 2 (CubeIDE integrated)
2024-12-25 22:41:22,970 [ERROR] CheckConnectionManager:249 - Problem, Http access forbiden
2024-12-25 22:41:22,977 [INFO] MainUpdater:2872 - connection check result : 22
2024-12-25 22:41:23,357 [INFO] MicroXplorer:468 - Change Database Path : 
2024-12-25 22:41:23,358 [INFO] MicroXplorer:498 - Change Database Version : DB.6.0.130
2024-12-25 22:41:23,372 [WARN] ThirdParty:871 - waiting for thirdparty lock release [close project]
2024-12-25 22:41:23,374 [INFO] ThirdParty:873 - entering critical section [close project]
2024-12-25 22:41:23,432 [INFO] ThirdParty:883 - exiting critical section [close project]
2024-12-25 22:41:23,444 [INFO] PinOutPanel:1589 - setPackage(No Configuration,No Configuration)
2024-12-25 22:41:23,467 [INFO] UtilMem:75 - Begin LoadConfig() Used Memory: 191122896 Bytes (489684992)
2024-12-25 22:41:23,478 [INFO] MicroXplorer:468 - Change Database Path : 
2024-12-25 22:41:23,478 [INFO] MicroXplorer:498 - Change Database Version : DB.6.0.130
2024-12-25 22:41:23,479 [INFO] OpenFileManager:332 - Change cursor
2024-12-25 22:41:23,687 [INFO] Mcu:2035 - Initializing MCU STM32F407V(E-G)Tx STM32F407VETx STM32F407VET6
2024-12-25 22:41:26,784 [INFO] Context:748 - Trying to add GPIOservice into a context  which must be forbidden
2024-12-25 22:41:27,991 [INFO] RtosManager:555 - Registered RTOS mode: class=CMSIS, group=RTOS, mode=CMSIS_V1, owner=FREERTOS
2024-12-25 22:41:27,991 [INFO] RtosManager:555 - Registered RTOS mode: class=CMSIS, group=RTOS2, mode=CMSIS_V2, owner=FREERTOS
2024-12-25 22:41:27,992 [INFO] RtosManager:555 - Registered RTOS mode: class=RTOS, group=Core, mode=CMSIS_V1, owner=FREERTOS
2024-12-25 22:41:27,992 [INFO] RtosManager:555 - Registered RTOS mode: class=RTOS, group=Core, mode=CMSIS_V2, owner=FREERTOS
2024-12-25 22:41:27,992 [WARN] ModelIntegratedComponent:184 - Missing modes for component STMicroelectronics:FreeRTOS:0.0.1:STMicroelectronics:RTOS:FreeRTOS:Core:::10.2.0:
2024-12-25 22:41:28,060 [WARN] ModelIntegratedComponent:63 - No mode defined for component null
2024-12-25 22:41:28,061 [WARN] ModelIntegratedComponent:63 - No mode defined for component null
2024-12-25 22:41:28,061 [WARN] ModelIntegratedComponent:63 - No mode defined for component null
2024-12-25 22:41:28,061 [WARN] ModelIntegratedComponent:63 - No mode defined for component null
2024-12-25 22:41:28,061 [WARN] ModelIntegratedComponent:63 - No mode defined for component null
2024-12-25 22:41:28,061 [WARN] ModelIntegratedComponent:63 - No mode defined for component null
2024-12-25 22:41:28,061 [WARN] ModelIntegratedComponent:63 - No mode defined for component null
2024-12-25 22:41:28,061 [WARN] ModelIntegratedComponent:63 - No mode defined for component null
2024-12-25 22:41:28,061 [WARN] ModelIntegratedComponent:63 - No mode defined for component null
2024-12-25 22:41:28,062 [WARN] ModelIntegratedComponent:63 - No mode defined for component null
2024-12-25 22:41:28,062 [WARN] ModelIntegratedComponent:63 - No mode defined for component null
2024-12-25 22:41:28,062 [WARN] ModelIntegratedComponent:63 - No mode defined for component null
2024-12-25 22:41:28,062 [WARN] ModelIntegratedComponent:63 - No mode defined for component null
2024-12-25 22:41:28,062 [WARN] ModelIntegratedComponent:63 - No mode defined for component null
2024-12-25 22:41:28,062 [WARN] ModelIntegratedComponent:63 - No mode defined for component null
2024-12-25 22:41:28,062 [WARN] ModelIntegratedComponent:63 - No mode defined for component null
2024-12-25 22:41:28,062 [WARN] ModelIntegratedComponent:63 - No mode defined for component null
2024-12-25 22:41:28,062 [WARN] ModelIntegratedComponent:63 - No mode defined for component null
2024-12-25 22:41:28,062 [WARN] ModelIntegratedComponent:63 - No mode defined for component null
2024-12-25 22:41:28,062 [WARN] ModelIntegratedComponent:63 - No mode defined for component null
2024-12-25 22:41:28,062 [WARN] ModelIntegratedComponent:63 - No mode defined for component null
2024-12-25 22:41:28,063 [WARN] ModelIntegratedComponent:63 - No mode defined for component null
2024-12-25 22:41:28,063 [WARN] ModelIntegratedComponent:63 - No mode defined for component null
2024-12-25 22:41:28,063 [WARN] ModelIntegratedComponent:63 - No mode defined for component null
2024-12-25 22:41:28,063 [WARN] ModelIntegratedComponent:63 - No mode defined for component null
2024-12-25 22:41:28,063 [WARN] ModelIntegratedComponent:63 - No mode defined for component null
2024-12-25 22:41:28,063 [WARN] ModelIntegratedComponent:63 - No mode defined for component null
2024-12-25 22:41:28,063 [WARN] ModelIntegratedComponent:63 - No mode defined for component null
2024-12-25 22:41:28,063 [WARN] ModelIntegratedComponent:63 - No mode defined for component null
2024-12-25 22:41:28,063 [WARN] ModelIntegratedComponent:63 - No mode defined for component null
2024-12-25 22:41:28,063 [WARN] ModelIntegratedComponent:63 - No mode defined for component null
2024-12-25 22:41:28,063 [WARN] ModelIntegratedComponent:63 - No mode defined for component null
2024-12-25 22:41:28,063 [WARN] ModelIntegratedComponent:63 - No mode defined for component null
2024-12-25 22:41:28,063 [WARN] ModelIntegratedComponent:63 - No mode defined for component null
2024-12-25 22:41:28,063 [WARN] ModelIntegratedComponent:63 - No mode defined for component null
2024-12-25 22:41:28,064 [WARN] ModelPack:524 - Component already loaded: STMicroelectronics:HAL Drivers:0.0.0:STMicroelectronics:Device:STMicro_Driver:XSPI:HAL::0.0.1:HAL_XSPI
2024-12-25 22:41:28,243 [INFO] ThirdPartyModel:298 - Start build external matchings
2024-12-25 22:41:29,028 [INFO] ThirdPartyModel:316 - End build external matchings
2024-12-25 22:41:29,061 [INFO] RtosManager:922 - Current active RTOS is FREERTOS [Cortex-M4NS]
2024-12-25 22:41:29,080 [INFO] ImportTextPane:218 - (OptionalMessage_ERROR) IP (RCC) : Parameter (48MHZClocksFreq_Value) has invalid value (84000000)
2024-12-25 22:41:29,082 [INFO] ImportTextPane:218 - (OptionalMessage_ERROR) IP (RCC) : Parameter (RTCHSEDivFreq_Value) has invalid value (12500000)
2024-12-25 22:41:29,622 [INFO] ApiDb:581 - Connected to CubeFinder SQLite database (C:\Users\user\.stmcufinder\plugins\mcufinder\mcu\cube-finder-db.db)
2024-12-25 22:41:29,753 [INFO] ApiDb:668 - CubeFinder database Data Model version=2.1
2024-12-25 22:41:29,755 [INFO] ApiDb:669 - CubeFinder database Configuration version=3.0.39
2024-12-25 22:41:29,756 [INFO] ApiDb:670 - CubeFinder database generation date=2024-11-21 (1732182206)
2024-12-25 22:41:29,756 [INFO] ApiDb:671 - CubeFinder database FW Pack versions=[FP-ATR-ASTRA1_V2.0.0, FP-SNS-FLIGHT1_V5.0.2, FP-SNS-MOTENV1_V5.0.0, FP-SNS-MOTENVWB1_V1.4.0, FP-SNS-SMARTAG2_V1.2.0, FP-SNS-STBOX1_V2.0.0, STM32Cube_FW_C0_V1.3.0, STM32Cube_FW_F4_V1.28.1, STM32Cube_FW_F7_V1.17.2, STM32Cube_FW_G0_V1.6.2, STM32Cube_FW_G4_V1.6.1, STM32Cube_FW_H5_V1.4.0, STM32Cube_FW_H7RS_V1.1.0, STM32Cube_FW_H7_V1.12.0, STM32Cube_FW_L0_V1.12.2, STM32Cube_FW_L4_V1.18.1, STM32Cube_FW_L5_V1.5.1, STM32Cube_FW_N6_V1.0.0, STM32Cube_FW_U0_V1.2.0, STM32Cube_FW_U3_V1.0.0, STM32Cube_FW_U5_V1.7.0, STM32Cube_FW_WB0_V1.1.0, STM32Cube_FW_WBA_V1.5.0, STM32Cube_FW_WB_V1.21.0, STM32Cube_FW_WL3_V1.0.0, STM32Cube_FW_WL_V1.3.0, X-CUBE-ALGOBUILD_V1.4.0, X-CUBE-ALS_V1.0.2, X-CUBE-AZRTOS-F4_V1.1.0, X-CUBE-AZRTOS-F7_V1.1.0, X-CUBE-AZRTOS-G0_V1.1.0, X-CUBE-AZRTOS-G4_V2.0.0, X-CUBE-AZRTOS-H7RS_V1.0.0, X-CUBE-AZRTOS-H7_V3.3.0, X-CUBE-AZRTOS-L4_V2.0.0, X-CUBE-AZRTOS-L5_V2.0.0, X-CUBE-AZRTOS-WB_V2.0.0, X-CUBE-AZRTOS-WL_V2.0.0, X-CUBE-BLE1_V7.0.0, X-CUBE-BLE2_V3.3.0, X-CUBE-BLEMGR_V3.1.0, X-CUBE-EEPRMA1_V5.1.0, X-CUBE-FREERTOS_V1.2.0, X-CUBE-GNSS1_V6.0.0, X-CUBE-MEMS1_V11.0.0, X-CUBE-NFC4_V3.0.0, X-CUBE-NFC7_V1.0.1, X-CUBE-SFXS2LP1_V4.0.0, X-CUBE-SUBG2_V5.0.0, X-CUBE-TOF1_V3.4.2]
2024-12-25 22:41:29,948 [INFO] DbBoardsSqlite:226 - include board P-NUCLEO-WB55-NUCLEO as a kit item of type 'Nucleo-64'
2024-12-25 22:41:29,949 [INFO] DbBoardsSqlite:226 - include board P-NUCLEO-WB55-USBDONGLE as a kit item of type 'Nucleo USB Dongle'
2024-12-25 22:41:29,949 [INFO] DbBoardsSqlite:226 - include board STEVAL-IDP005V1 as a kit item of type 'Evaluation Board'
2024-12-25 22:41:29,950 [INFO] DbBoardsSqlite:226 - include board STEVAL-IDP005V2 as a kit item of type 'Evaluation Board'
2024-12-25 22:41:30,408 [INFO] ApiDb:240 - Found 858 in-development CPN: [B-G473E-ZEST1S, B-WB1M-WPAN1, B-WBA5M-WPAN, B-WL5M-SUBG1, NUCLEO-C031C6, NUCLEO-C051C8, NUCLEO-C071RB, NUCLEO-C092RC, NUCLEO-H503RB, NUCLEO-H533RE, NUCLEO-H563ZI, NUCLEO-H7S3L8, NUCLEO-N657X0-Q, NUCLEO-U031R8, NUCLEO-U083RC, NUCLEO-U385RG-Q, NUCLEO-U545RE-Q, NUCLEO-U5A5ZJ-Q, NUCLEO-WB05KZ, NUCLEO-WB07CC, NUCLEO-WB09KE, NUCLEO-WBA52CG, NUCLEO-WBA55CG, NUCLEO-WL33CC1, NUCLEO-WL33CC2, STEVAL-PROTEUS1, STEVAL-SMARTAG2, STEVAL-STWINBX1, STM320518-EVAL, STM32C0116-DK, STM32C011D6Y3TR, STM32C011D6Y6TR, STM32C011F4P3, STM32C011F4P6, STM32C011F4U3, STM32C011F4U6TR, STM32C011F6P3, STM32C011F6P6, STM32C011F6U3, STM32C011F6U6TR, STM32C011J4M3, STM32C011J4M6, STM32C011J6M3, STM32C011J6M6, STM32C0316-DK, STM32C031C4T3, STM32C031C4T6, STM32C031C4U3, STM32C031C4U6, STM32C031C6T3, STM32C031C6T6, STM32C031C6U3, STM32C031C6U6, STM32C031F4P3, STM32C031F4P6, STM32C031F6P3, STM32C031F6P6, STM32C031G4U3, STM32C031G4U6, STM32C031G6U3, STM32C031G6U6, STM32C031K4T3, STM32C031K4T6, STM32C031K4U3, STM32C031K4U6, STM32C031K6T3, STM32C031K6T6, STM32C031K6U3, STM32C031K6U6, STM32C051C6T6, STM32C051C6U6, STM32C051C8T6, STM32C051C8U6, STM32C051D8Y6TR, STM32C051F6P6, STM32C051F8P6, STM32C051G6U6, STM32C051G8U6, STM32C051K6T6, STM32C051K6U6, STM32C051K8T6, STM32C071C8T6, STM32C071C8T6N, STM32C071C8U6, STM32C071C8U6N, STM32C071CBT6, STM32C071CBT6N, STM32C071CBU6, STM32C071CBU6N, STM32C071F8P6, STM32C071F8P6N, STM32C071FBP6, STM32C071FBP6N, STM32C071FBY6TR, STM32C071G8U6, STM32C071G8U6N, STM32C071GBU6, STM32C071GBU6N, STM32C071K8T6, STM32C071K8T6N, STM32C071K8U6, STM32C071K8U6N, STM32C071KBT6, STM32C071KBT6N, STM32C071KBU6, STM32C071KBU6N, STM32C071R8T6, STM32C071R8T6N, STM32C071RBI6N, STM32C071RBT6, STM32C071RBT6N, STM32C091CBT6, STM32C091CBU6, STM32C091CCT6, STM32C091CCU6, STM32C091ECY6TR, STM32C091FBP6, STM32C091FCP6, STM32C091GBU6, STM32C091GCU6, STM32C091KBT6, STM32C091KBU6, STM32C091KCT6, STM32C091KCU6, STM32C091RBT6, STM32C091RCI6, STM32C091RCT6, STM32C092CBT6, STM32C092CBU6, STM32C092CCT6, STM32C092CCU6, STM32C092ECY6TR, STM32C092FBP6, STM32C092FCP6, STM32C092GBU6, STM32C092GCU6, STM32C092KBT6, STM32C092KBU6, STM32C092KCT6, STM32C092KCU6, STM32C092RBT6, STM32C092RCI6, STM32C092RCT6, STM32G071K8TXN, STM32G071K8UXN, STM32G081GBU6N, STM32G081KBT6N, STM32G081KBUXN, STM32G0B1CCT6N, STM32G0B1KCT6, STM32G0B1NEY6TR, STM32G0B1RCT6N, STM32G0C1CCT6, STM32G0C1CCT6N, STM32G0C1CCU6N, STM32G0C1CET6N, STM32G0C1CEU6N, STM32G0C1KCT6, STM32G0C1NEY6TR, STM32G0C1RCI6N, STM32G0C1RCT6N, STM32G0C1REI6N, STM32G0C1RET6N, STM32G0C1VCI6, STM32G0C1VEI6, STM32G411C6T3, STM32G411C6T6, STM32G411C6U3, STM32G411C6U6, STM32G411C8T3, STM32G411C8T6, STM32G411C8U3, STM32G411C8U6, STM32G411CBT3, STM32G411CBT6, STM32G411CBU3, STM32G411CBU6, STM32G411CCT3, STM32G411CCT6, STM32G411CCU3, STM32G411CCU6, STM32G411K6T3, STM32G411K6T6, STM32G411K6U3, STM32G411K6U6, STM32G411K8T3, STM32G411K8T6, STM32G411K8U3, STM32G411K8U6, STM32G411KBT3, STM32G411KBT6, STM32G411KBU3, STM32G411KBU6, STM32G411M6T3, STM32G411M6T6, STM32G411M8T3, STM32G411M8T6, STM32G411MBT3, STM32G411MBT6, STM32G411MCT3, STM32G411MCT6, STM32G411R6T3, STM32G411R6T6, STM32G411R8T3, STM32G411R8T6, STM32G411RBT3, STM32G411RBT6, STM32G411RCT3, STM32G411RCT6, STM32G414CBT3, STM32G414CBT6, STM32G414CBU3, STM32G414CBU6, STM32G414CCT3, STM32G414CCT6, STM32G414CCU3, STM32G414CCU6, STM32G414MBT3, STM32G414MBT6, STM32G414MCT3, STM32G414MCT6, STM32G414RBT3, STM32G414RBT6, STM32G414RCT3, STM32G414RCT6, STM32G414VBT3, STM32G414VBT6, STM32G414VCT3, STM32G414VCT6, STM32G431CBT3Z, STM32G431RBT3Z, STM32G471CCT6, STM32G471CCU6, STM32G471CET3, STM32G471CET6, STM32G471CEU3, STM32G471CEU6, STM32G471MCT6, STM32G471MET3, STM32G471MET6, STM32G471MEY6TR, STM32G471QCT6, STM32G471QET3, STM32G471RCT6, STM32G471RET3, STM32G471RET6, STM32G471VCH6, STM32G471VCI6, STM32G471VCT6, STM32G471VEH3, STM32G471VEH6, STM32G471VEI3, STM32G471VEI6, STM32G471VET3, STM32G471VET6, STM32G473QET3Z, STM32G473RET3Z, STM32G474CCT6, STM32G491RET3Z, STM32H503CBT6, STM32H503CBU6, STM32H503EBY6TR, STM32H503KBU6, STM32H503RBT6, STM32H523CCT6, STM32H523CCU6, STM32H523CET6, STM32H523CEU6, STM32H523HEY6TR, STM32H523RCT6, STM32H523RET6, STM32H523VCI6, STM32H523VCT6, STM32H523VEI6, STM32H523VET6, STM32H523ZCJ6, STM32H523ZCT6, STM32H523ZEJ6, STM32H523ZET6, STM32H533CET6, STM32H533CEU6, STM32H533HEY6TR, STM32H533RET6, STM32H533VEI6, STM32H533VET6, STM32H533ZEJ6, STM32H533ZET6, STM32H562AGI6, STM32H562AII6, STM32H562IGK6, STM32H562IGT6, STM32H562IIK6, STM32H562IIT6, STM32H562RGT6, STM32H562RGV6, STM32H562RIT6, STM32H562RIV6, STM32H562VGT6, STM32H562VIT6, STM32H562ZGT6, STM32H562ZIT6, STM32H563AGI6, STM32H563AII3Q, STM32H563AII6, STM32H563IGK6, STM32H563IGT6, STM32H563IIK3Q, STM32H563IIK6, STM32H563IIT3Q, STM32H563IIT6, STM32H563MIY3QTR, STM32H563RGT6, STM32H563RGV6, STM32H563RIT6, STM32H563RIV6, STM32H563VGT6, STM32H563VIT3Q, STM32H563VIT6, STM32H563ZGT6, STM32H563ZIT3Q, STM32H563ZIT6, STM32H573AII3Q, STM32H573AII6, STM32H573I-DK, STM32H573IIK3Q, STM32H573IIK6, STM32H573IIT3Q, STM32H573IIT6, STM32H573MIY3QTR, STM32H573RIT6, STM32H573RIV6, STM32H573VIT3Q, STM32H573VIT6, STM32H573ZIT3Q, STM32H573ZIT6, STM32H7R3A8I6, STM32H7R3I8K6, STM32H7R3I8T6, STM32H7R3L8H6, STM32H7R3L8H6H, STM32H7R3R8V6, STM32H7R3V8H6, STM32H7R3V8T6, STM32H7R3V8Y6TR, STM32H7R3Z8J6, STM32H7R3Z8T6, STM32H7R7A8I6, STM32H7R7I8K6, STM32H7R7I8T6, STM32H7R7L8H6, STM32H7R7L8H6H, STM32H7R7Z8J6, STM32H7S3A8I6, STM32H7S3I8K6, STM32H7S3I8T6, STM32H7S3L8H6, STM32H7S3L8H6H, STM32H7S3R8V6, STM32H7S3V8H6, STM32H7S3V8T6, STM32H7S3V8Y6TR, STM32H7S3Z8J6, STM32H7S3Z8T6, STM32H7S78-DK, STM32H7S7A8I6, STM32H7S7I8K6, STM32H7S7I8T6, STM32H7S7L8H6, STM32H7S7L8H6H, STM32H7S7Z8J6, STM32L4R5QGI6STR, STM32MP131AAE3, STM32MP131AAF3, STM32MP131AAG3, STM32MP131CAE3, STM32MP131CAF3, STM32MP131CAG3, STM32MP131DAE7, STM32MP131DAF7, STM32MP131DAG7, STM32MP131FAE7, STM32MP131FAF7, STM32MP131FAG7, STM32MP133AAE3, STM32MP133AAF3, STM32MP133AAG3, STM32MP133CAE3, STM32MP133CAF3, STM32MP133CAG3, STM32MP133DAE7, STM32MP133DAF7, STM32MP133DAG7, STM32MP133FAE7, STM32MP133FAF7, STM32MP133FAG7, STM32MP135AAE3, STM32MP135AAF3, STM32MP135AAG3, STM32MP135CAE3, STM32MP135CAF3, STM32MP135CAG3, STM32MP135DAE7, STM32MP135DAF7, STM32MP135DAG7, STM32MP135F-DK, STM32MP135FAE7, STM32MP135FAF7, STM32MP135FAF7T, STM32MP135FAF7U, STM32MP135FAG7, STM32MP231AAJ3, STM32MP231AAK3, STM32MP231AAL3, STM32MP231CAJ3, STM32MP231CAK3, STM32MP231CAL3, STM32MP231DAJ3, STM32MP231DAK3, STM32MP231DAL3, STM32MP231FAJ3, STM32MP231FAK3, STM32MP231FAL3, STM32MP233AAJ3, STM32MP233AAK3, STM32MP233AAL3, STM32MP233CAJ3, STM32MP233CAK3, STM32MP233CAL3, STM32MP233DAJ3, STM32MP233DAK3, STM32MP233DAL3, STM32MP233FAJ3, STM32MP233FAK3, STM32MP233FAL3, STM32MP235AAJ3, STM32MP235AAK3, STM32MP235AAL3, STM32MP235CAJ3, STM32MP235CAK3, STM32MP235CAL3, STM32MP235DAJ3, STM32MP235DAK3, STM32MP235DAL3, STM32MP235FAJ3, STM32MP235FAK3, STM32MP235FAL3, STM32MP251AAI3, STM32MP251AAJ3, STM32MP251AAK3, STM32MP251AAL3, STM32MP251CAI3, STM32MP251CAJ3, STM32MP251CAK3, STM32MP251CAL3, STM32MP251DAI3, STM32MP251DAJ3, STM32MP251DAK3, STM32MP251DAL3, STM32MP251FAI3, STM32MP251FAJ3, STM32MP251FAK3, STM32MP251FAL3, STM32MP253AAI3, STM32MP253AAJ3, STM32MP253AAK3, STM32MP253AAL3, STM32MP253CAI3, STM32MP253CAJ3, STM32MP253CAK3, STM32MP253CAL3, STM32MP253DAI3, STM32MP253DAJ3, STM32MP253DAK3, STM32MP253DAL3, STM32MP253FAI3, STM32MP253FAJ3, STM32MP253FAK3, STM32MP253FAL3, STM32MP255AAI3, STM32MP255AAJ3, STM32MP255AAK3, STM32MP255AAL3, STM32MP255CAI3, STM32MP255CAJ3, STM32MP255CAK3, STM32MP255CAL3, STM32MP255DAI3, STM32MP255DAJ3, STM32MP255DAK3, STM32MP255DAL3, STM32MP255FAI3, STM32MP255FAJ3, STM32MP255FAK3, STM32MP255FAL3, STM32MP257AAI3, STM32MP257AAJ3, STM32MP257AAK3, STM32MP257AAL3, STM32MP257CAI3, STM32MP257CAJ3, STM32MP257CAK3, STM32MP257CAL3, STM32MP257DAI3, STM32MP257DAJ3, STM32MP257DAK3, STM32MP257DAL3, STM32MP257F-DK, STM32MP257F-EV1, STM32MP257FAI3, STM32MP257FAJ3, STM32MP257FAK3, STM32MP257FAL3, STM32N645A0H3Q, STM32N645B0H3Q, STM32N645I0H3Q, STM32N645L0H3Q, STM32N645X0H3Q, STM32N645Z0H3Q, STM32N647A0H3Q, STM32N647B0H3Q, STM32N647I0H3Q, STM32N647L0H3Q, STM32N647X0H3Q, STM32N647Z0H3Q, STM32N655A0H3Q, STM32N655B0H3Q, STM32N655I0H3Q, STM32N655L0H3Q, STM32N655X0H3Q, STM32N655Z0H3Q, STM32N6570-DK, STM32N657A0H3Q, STM32N657B0H3Q, STM32N657I0H3Q, STM32N657L0H3Q, STM32N657X0H3Q, STM32N657Z0H3Q, STM32U031C6T6, STM32U031C6U6, STM32U031C8T6, STM32U031C8U6, STM32U031F4P6, STM32U031F6P6, STM32U031F8P6, STM32U031G6Y6TR, STM32U031G8Y6TR, STM32U031K4U6, STM32U031K6U6, STM32U031K8U6, STM32U031R6I6, STM32U031R6T6, STM32U031R8I6, STM32U031R8T6, STM32U073C8T6, STM32U073C8U6, STM32U073CBT6, STM32U073CBU6, STM32U073CCT6, STM32U073CCU6, STM32U073H8Y6TR, STM32U073HBY6TR, STM32U073HCY6TR, STM32U073K8U6, STM32U073KBU6, STM32U073KCU6, STM32U073M8I6, STM32U073M8T6, STM32U073MBI6, STM32U073MBT6, STM32U073MCI6, STM32U073MCT6, STM32U073R8I6, STM32U073R8T6, STM32U073RBI6, STM32U073RBT6, STM32U073RCI6, STM32U073RCT6, STM32U083C-DK, STM32U083CCT6, STM32U083CCU6, STM32U083HCY6TR, STM32U083KCU6, STM32U083MCI6, STM32U083MCT6, STM32U083RCI6, STM32U083RCT6, STM32U375CET6, STM32U375CET6Q, STM32U375CEU6, STM32U375CEU6Q, STM32U375CEY6QTR, STM32U375CGT6, STM32U375CGT6Q, STM32U375CGU6, STM32U375CGU6Q, STM32U375CGY6QTR, STM32U375KEU6, STM32U375KGU6, STM32U375REI6, STM32U375REI6Q, STM32U375RET6, STM32U375RET6Q, STM32U375REY6GTR, STM32U375REY6QTR, STM32U375RGI6, STM32U375RGI6Q, STM32U375RGT6, STM32U375RGT6Q, STM32U375RGY6GTR, STM32U375RGY6QTR, STM32U375VEI6, STM32U375VEI6Q, STM32U375VET6, STM32U375VET6Q, STM32U375VGI6, STM32U375VGI6Q, STM32U375VGT6, STM32U375VGT6Q, STM32U385CGT6, STM32U385CGT6Q, STM32U385CGU6, STM32U385CGU6Q, STM32U385CGY6QTR, STM32U385KGU6, STM32U385RGI6, STM32U385RGI6Q, STM32U385RGT6, STM32U385RGT6Q, STM32U385RGY6GTR, STM32U385RGY6QTR, STM32U385VGI6, STM32U385VGI6Q, STM32U385VGT6, STM32U385VGT6Q, STM32U535CBT6, STM32U535CBT6Q, STM32U535CBU6, STM32U535CBU6Q, STM32U535CCT6, STM32U535CCT6Q, STM32U535CCU6, STM32U535CCU6Q, STM32U535CET6, STM32U535CET6Q, STM32U535CEU6, STM32U535CEU6Q, STM32U535JEY6QTR, STM32U535NCY6QTR, STM32U535NEY6QTR, STM32U535RBI6, STM32U535RBI6Q, STM32U535RBT6, STM32U535RBT6Q, STM32U535RCI6, STM32U535RCI6Q, STM32U535RCT6, STM32U535RCT6Q, STM32U535REI6, STM32U535REI6Q, STM32U535RET6, STM32U535RET6Q, STM32U535VCI6, STM32U535VCI6Q, STM32U535VCT6, STM32U535VCT6Q, STM32U535VEI6, STM32U535VEI6Q, STM32U535VET6, STM32U535VET6Q, STM32U545CET6, STM32U545CET6Q, STM32U545CEU6, STM32U545CEU6Q, STM32U545JEY6QTR, STM32U545NEY6QTR, STM32U545REI6, STM32U545REI6Q, STM32U545RET6, STM32U545RET6Q, STM32U545VEI6, STM32U545VEI6Q, STM32U545VET6, STM32U545VET6Q, STM32U595AIH6, STM32U595AIH6Q, STM32U595AJH6, STM32U595AJH6Q, STM32U595QII6, STM32U595QII6Q, STM32U595QJI6, STM32U595QJI6Q, STM32U595RIT6, STM32U595RIT6Q, STM32U595RJT6, STM32U595RJT6Q, STM32U595VIT6, STM32U595VIT6Q, STM32U595VJT6, STM32U595VJT6Q, STM32U595ZIT6, STM32U595ZIT6Q, STM32U595ZIY6QTR, STM32U595ZJT6, STM32U595ZJT6Q, STM32U595ZJY6QTR, STM32U599BJY6QTR, STM32U599NIH6Q, STM32U599NJH6Q, STM32U599VIT6Q, STM32U599VJT6, STM32U599VJT6Q, STM32U599ZIT6Q, STM32U599ZIY6QTR, STM32U599ZJT6Q, STM32U599ZJY6QTR, STM32U5A5AJH6, STM32U5A5AJH6Q, STM32U5A5QII3Q , STM32U5A5QJI6, STM32U5A5QJI6Q, STM32U5A5RJT6, STM32U5A5RJT6Q, STM32U5A5VJT6, STM32U5A5VJT6Q, STM32U5A5ZJT6, STM32U5A5ZJT6Q, STM32U5A5ZJY6QTR, STM32U5A9BJY6QTR, STM32U5A9J-DK, STM32U5A9NJH6Q, STM32U5A9VJT6Q, STM32U5A9ZJT6Q, STM32U5A9ZJY6QTR, STM32U5F7VIT6, STM32U5F7VIT6Q, STM32U5F7VJT6, STM32U5F7VJT6Q, STM32U5F9BJY6QTR, STM32U5F9NJH6Q, STM32U5F9VIT6Q, STM32U5F9VJT6Q, STM32U5F9ZIJ6QTR, STM32U5F9ZIT6Q, STM32U5F9ZJJ6QTR, STM32U5F9ZJT6Q, STM32U5G7VJT6, STM32U5G7VJT6Q, STM32U5G9BJY6QTR, STM32U5G9J-DK1, STM32U5G9J-DK2, STM32U5G9NJH6Q, STM32U5G9VJT6Q, STM32U5G9ZJJ6QTR, STM32U5G9ZJT6Q, STM32WB05KZV6TR, STM32WB05KZV7TR, STM32WB05TZF6TR, STM32WB05TZF7TR, STM32WB06CCF6TR, STM32WB06CCF7TR, STM32WB06CCV6TR, STM32WB06CCV7TR, STM32WB06KCV6TR, STM32WB06KCV7TR, STM32WB07CCF6TR, STM32WB07CCF7TR, STM32WB07CCV6TR, STM32WB07CCV7TR, STM32WB07KCV6TR, STM32WB07KCV7TR, STM32WB09KEV6TR, STM32WB09KEV7TR, STM32WB09TEF6TR, STM32WB09TEF7TR, STM32WB1MMCH6, STM32WBA50KGU6, STM32WBA50KGU6TR, STM32WBA52CEU6, STM32WBA52CEU6TR, STM32WBA52CEU7, STM32WBA52CEU7TR, STM32WBA52CGU6, STM32WBA52CGU6TR, STM32WBA52CGU6U, STM32WBA52CGU7, STM32WBA52CGU7TR, STM32WBA52KEU6, STM32WBA52KEU6TR, STM32WBA52KGU6, STM32WBA52KGU6TR, STM32WBA54CEU6, STM32WBA54CEU6TR, STM32WBA54CEU7, STM32WBA54CEU7TR, STM32WBA54CGU6, STM32WBA54CGU6TR, STM32WBA54CGU7, STM32WBA54CGU7TR, STM32WBA54KEU6, STM32WBA54KEU6TR, STM32WBA54KEU7, STM32WBA54KEU7TR, STM32WBA54KGU6, STM32WBA54KGU6TR, STM32WBA54KGU7, STM32WBA54KGU7TR, STM32WBA55CEU6, STM32WBA55CEU6TR, STM32WBA55CEU7, STM32WBA55CEU7TR, STM32WBA55CGU6, STM32WBA55CGU6TR, STM32WBA55CGU6U, STM32WBA55CGU7, STM32WBA55CGU7TR, STM32WBA55G-DK1, STM32WBA55HEF6, STM32WBA55HEF7, STM32WBA55HGF6, STM32WBA55HGF7, STM32WBA55UEI6, STM32WBA55UEI6TR, STM32WBA55UEI7, STM32WBA55UEI7TR, STM32WBA55UGI6, STM32WBA55UGI6TR, STM32WBA55UGI7, STM32WBA55UGI7TR, STM32WBA5MJGH6TR, STM32WBA5MJGH6U, STM32WL33C8V6, STM32WL33C8V6TR, STM32WL33C8V7, STM32WL33C8V7TR, STM32WL33CBV6, STM32WL33CBV6TR, STM32WL33CBV7, STM32WL33CBV7TR, STM32WL33CCV6, STM32WL33CCV6TR, STM32WL33CCV7, STM32WL33CCV7A, STM32WL33CCV7ATR, STM32WL33CCV7TR, STM32WL33K8V6, STM32WL33K8V6TR, STM32WL33K8V7, STM32WL33K8V7TR, STM32WL33KBV6, STM32WL33KBV6TR, STM32WL33KBV7, STM32WL33KBV7TR, STM32WL33KCV6, STM32WL33KCV6TR, STM32WL33KCV7, STM32WL33KCV7TR, STM32WL5MOCH6, STM32WL5MOCH6TR]
2024-12-25 22:41:30,728 [INFO] BoardInfo:889 - No configuration file found for board P-NUCLEO-WB55
2024-12-25 22:41:30,730 [INFO] DbBoards:161 - Kit is not supported: P-NUCLEO-WB55
2024-12-25 22:41:30,741 [INFO] BoardInfo:889 - No configuration file found for board STEVAL-BFA001V1B
2024-12-25 22:41:30,742 [INFO] DbBoards:161 - Kit is not supported: STEVAL-BFA001V1B
2024-12-25 22:41:30,743 [INFO] BoardInfo:889 - No configuration file found for board STEVAL-BFA001V2B
2024-12-25 22:41:30,744 [INFO] DbBoards:161 - Kit is not supported: STEVAL-BFA001V2B
2024-12-25 22:41:31,045 [INFO] DbBoards:168 - Found 209 boards, 206 are supported
2024-12-25 22:41:31,046 [INFO] DbBoards:169 - Found 209 boards, 42 of them is supported for  Bsp
2024-12-25 22:41:31,055 [INFO] ApiDb:668 - CubeFinder database Data Model version=2.1
2024-12-25 22:41:31,055 [INFO] ApiDb:669 - CubeFinder database Configuration version=3.0.39
2024-12-25 22:41:31,055 [INFO] ApiDb:670 - CubeFinder database generation date=2024-11-21 (1732182206)
2024-12-25 22:41:31,056 [INFO] ApiDb:671 - CubeFinder database FW Pack versions=[FP-ATR-ASTRA1_V2.0.0, FP-SNS-FLIGHT1_V5.0.2, FP-SNS-MOTENV1_V5.0.0, FP-SNS-MOTENVWB1_V1.4.0, FP-SNS-SMARTAG2_V1.2.0, FP-SNS-STBOX1_V2.0.0, STM32Cube_FW_C0_V1.3.0, STM32Cube_FW_F4_V1.28.1, STM32Cube_FW_F7_V1.17.2, STM32Cube_FW_G0_V1.6.2, STM32Cube_FW_G4_V1.6.1, STM32Cube_FW_H5_V1.4.0, STM32Cube_FW_H7RS_V1.1.0, STM32Cube_FW_H7_V1.12.0, STM32Cube_FW_L0_V1.12.2, STM32Cube_FW_L4_V1.18.1, STM32Cube_FW_L5_V1.5.1, STM32Cube_FW_N6_V1.0.0, STM32Cube_FW_U0_V1.2.0, STM32Cube_FW_U3_V1.0.0, STM32Cube_FW_U5_V1.7.0, STM32Cube_FW_WB0_V1.1.0, STM32Cube_FW_WBA_V1.5.0, STM32Cube_FW_WB_V1.21.0, STM32Cube_FW_WL3_V1.0.0, STM32Cube_FW_WL_V1.3.0, X-CUBE-ALGOBUILD_V1.4.0, X-CUBE-ALS_V1.0.2, X-CUBE-AZRTOS-F4_V1.1.0, X-CUBE-AZRTOS-F7_V1.1.0, X-CUBE-AZRTOS-G0_V1.1.0, X-CUBE-AZRTOS-G4_V2.0.0, X-CUBE-AZRTOS-H7RS_V1.0.0, X-CUBE-AZRTOS-H7_V3.3.0, X-CUBE-AZRTOS-L4_V2.0.0, X-CUBE-AZRTOS-L5_V2.0.0, X-CUBE-AZRTOS-WB_V2.0.0, X-CUBE-AZRTOS-WL_V2.0.0, X-CUBE-BLE1_V7.0.0, X-CUBE-BLE2_V3.3.0, X-CUBE-BLEMGR_V3.1.0, X-CUBE-EEPRMA1_V5.1.0, X-CUBE-FREERTOS_V1.2.0, X-CUBE-GNSS1_V6.0.0, X-CUBE-MEMS1_V11.0.0, X-CUBE-NFC4_V3.0.0, X-CUBE-NFC7_V1.0.1, X-CUBE-SFXS2LP1_V4.0.0, X-CUBE-SUBG2_V5.0.0, X-CUBE-TOF1_V3.4.2]
2024-12-25 22:41:34,254 [INFO] ApiDb:240 - Found 858 in-development CPN: [B-G473E-ZEST1S, B-WB1M-WPAN1, B-WBA5M-WPAN, B-WL5M-SUBG1, NUCLEO-C031C6, NUCLEO-C051C8, NUCLEO-C071RB, NUCLEO-C092RC, NUCLEO-H503RB, NUCLEO-H533RE, NUCLEO-H563ZI, NUCLEO-H7S3L8, NUCLEO-N657X0-Q, NUCLEO-U031R8, NUCLEO-U083RC, NUCLEO-U385RG-Q, NUCLEO-U545RE-Q, NUCLEO-U5A5ZJ-Q, NUCLEO-WB05KZ, NUCLEO-WB07CC, NUCLEO-WB09KE, NUCLEO-WBA52CG, NUCLEO-WBA55CG, NUCLEO-WL33CC1, NUCLEO-WL33CC2, STEVAL-PROTEUS1, STEVAL-SMARTAG2, STEVAL-STWINBX1, STM320518-EVAL, STM32C0116-DK, STM32C011D6Y3TR, STM32C011D6Y6TR, STM32C011F4P3, STM32C011F4P6, STM32C011F4U3, STM32C011F4U6TR, STM32C011F6P3, STM32C011F6P6, STM32C011F6U3, STM32C011F6U6TR, STM32C011J4M3, STM32C011J4M6, STM32C011J6M3, STM32C011J6M6, STM32C0316-DK, STM32C031C4T3, STM32C031C4T6, STM32C031C4U3, STM32C031C4U6, STM32C031C6T3, STM32C031C6T6, STM32C031C6U3, STM32C031C6U6, STM32C031F4P3, STM32C031F4P6, STM32C031F6P3, STM32C031F6P6, STM32C031G4U3, STM32C031G4U6, STM32C031G6U3, STM32C031G6U6, STM32C031K4T3, STM32C031K4T6, STM32C031K4U3, STM32C031K4U6, STM32C031K6T3, STM32C031K6T6, STM32C031K6U3, STM32C031K6U6, STM32C051C6T6, STM32C051C6U6, STM32C051C8T6, STM32C051C8U6, STM32C051D8Y6TR, STM32C051F6P6, STM32C051F8P6, STM32C051G6U6, STM32C051G8U6, STM32C051K6T6, STM32C051K6U6, STM32C051K8T6, STM32C071C8T6, STM32C071C8T6N, STM32C071C8U6, STM32C071C8U6N, STM32C071CBT6, STM32C071CBT6N, STM32C071CBU6, STM32C071CBU6N, STM32C071F8P6, STM32C071F8P6N, STM32C071FBP6, STM32C071FBP6N, STM32C071FBY6TR, STM32C071G8U6, STM32C071G8U6N, STM32C071GBU6, STM32C071GBU6N, STM32C071K8T6, STM32C071K8T6N, STM32C071K8U6, STM32C071K8U6N, STM32C071KBT6, STM32C071KBT6N, STM32C071KBU6, STM32C071KBU6N, STM32C071R8T6, STM32C071R8T6N, STM32C071RBI6N, STM32C071RBT6, STM32C071RBT6N, STM32C091CBT6, STM32C091CBU6, STM32C091CCT6, STM32C091CCU6, STM32C091ECY6TR, STM32C091FBP6, STM32C091FCP6, STM32C091GBU6, STM32C091GCU6, STM32C091KBT6, STM32C091KBU6, STM32C091KCT6, STM32C091KCU6, STM32C091RBT6, STM32C091RCI6, STM32C091RCT6, STM32C092CBT6, STM32C092CBU6, STM32C092CCT6, STM32C092CCU6, STM32C092ECY6TR, STM32C092FBP6, STM32C092FCP6, STM32C092GBU6, STM32C092GCU6, STM32C092KBT6, STM32C092KBU6, STM32C092KCT6, STM32C092KCU6, STM32C092RBT6, STM32C092RCI6, STM32C092RCT6, STM32G071K8TXN, STM32G071K8UXN, STM32G081GBU6N, STM32G081KBT6N, STM32G081KBUXN, STM32G0B1CCT6N, STM32G0B1KCT6, STM32G0B1NEY6TR, STM32G0B1RCT6N, STM32G0C1CCT6, STM32G0C1CCT6N, STM32G0C1CCU6N, STM32G0C1CET6N, STM32G0C1CEU6N, STM32G0C1KCT6, STM32G0C1NEY6TR, STM32G0C1RCI6N, STM32G0C1RCT6N, STM32G0C1REI6N, STM32G0C1RET6N, STM32G0C1VCI6, STM32G0C1VEI6, STM32G411C6T3, STM32G411C6T6, STM32G411C6U3, STM32G411C6U6, STM32G411C8T3, STM32G411C8T6, STM32G411C8U3, STM32G411C8U6, STM32G411CBT3, STM32G411CBT6, STM32G411CBU3, STM32G411CBU6, STM32G411CCT3, STM32G411CCT6, STM32G411CCU3, STM32G411CCU6, STM32G411K6T3, STM32G411K6T6, STM32G411K6U3, STM32G411K6U6, STM32G411K8T3, STM32G411K8T6, STM32G411K8U3, STM32G411K8U6, STM32G411KBT3, STM32G411KBT6, STM32G411KBU3, STM32G411KBU6, STM32G411M6T3, STM32G411M6T6, STM32G411M8T3, STM32G411M8T6, STM32G411MBT3, STM32G411MBT6, STM32G411MCT3, STM32G411MCT6, STM32G411R6T3, STM32G411R6T6, STM32G411R8T3, STM32G411R8T6, STM32G411RBT3, STM32G411RBT6, STM32G411RCT3, STM32G411RCT6, STM32G414CBT3, STM32G414CBT6, STM32G414CBU3, STM32G414CBU6, STM32G414CCT3, STM32G414CCT6, STM32G414CCU3, STM32G414CCU6, STM32G414MBT3, STM32G414MBT6, STM32G414MCT3, STM32G414MCT6, STM32G414RBT3, STM32G414RBT6, STM32G414RCT3, STM32G414RCT6, STM32G414VBT3, STM32G414VBT6, STM32G414VCT3, STM32G414VCT6, STM32G431CBT3Z, STM32G431RBT3Z, STM32G471CCT6, STM32G471CCU6, STM32G471CET3, STM32G471CET6, STM32G471CEU3, STM32G471CEU6, STM32G471MCT6, STM32G471MET3, STM32G471MET6, STM32G471MEY6TR, STM32G471QCT6, STM32G471QET3, STM32G471RCT6, STM32G471RET3, STM32G471RET6, STM32G471VCH6, STM32G471VCI6, STM32G471VCT6, STM32G471VEH3, STM32G471VEH6, STM32G471VEI3, STM32G471VEI6, STM32G471VET3, STM32G471VET6, STM32G473QET3Z, STM32G473RET3Z, STM32G474CCT6, STM32G491RET3Z, STM32H503CBT6, STM32H503CBU6, STM32H503EBY6TR, STM32H503KBU6, STM32H503RBT6, STM32H523CCT6, STM32H523CCU6, STM32H523CET6, STM32H523CEU6, STM32H523HEY6TR, STM32H523RCT6, STM32H523RET6, STM32H523VCI6, STM32H523VCT6, STM32H523VEI6, STM32H523VET6, STM32H523ZCJ6, STM32H523ZCT6, STM32H523ZEJ6, STM32H523ZET6, STM32H533CET6, STM32H533CEU6, STM32H533HEY6TR, STM32H533RET6, STM32H533VEI6, STM32H533VET6, STM32H533ZEJ6, STM32H533ZET6, STM32H562AGI6, STM32H562AII6, STM32H562IGK6, STM32H562IGT6, STM32H562IIK6, STM32H562IIT6, STM32H562RGT6, STM32H562RGV6, STM32H562RIT6, STM32H562RIV6, STM32H562VGT6, STM32H562VIT6, STM32H562ZGT6, STM32H562ZIT6, STM32H563AGI6, STM32H563AII3Q, STM32H563AII6, STM32H563IGK6, STM32H563IGT6, STM32H563IIK3Q, STM32H563IIK6, STM32H563IIT3Q, STM32H563IIT6, STM32H563MIY3QTR, STM32H563RGT6, STM32H563RGV6, STM32H563RIT6, STM32H563RIV6, STM32H563VGT6, STM32H563VIT3Q, STM32H563VIT6, STM32H563ZGT6, STM32H563ZIT3Q, STM32H563ZIT6, STM32H573AII3Q, STM32H573AII6, STM32H573I-DK, STM32H573IIK3Q, STM32H573IIK6, STM32H573IIT3Q, STM32H573IIT6, STM32H573MIY3QTR, STM32H573RIT6, STM32H573RIV6, STM32H573VIT3Q, STM32H573VIT6, STM32H573ZIT3Q, STM32H573ZIT6, STM32H7R3A8I6, STM32H7R3I8K6, STM32H7R3I8T6, STM32H7R3L8H6, STM32H7R3L8H6H, STM32H7R3R8V6, STM32H7R3V8H6, STM32H7R3V8T6, STM32H7R3V8Y6TR, STM32H7R3Z8J6, STM32H7R3Z8T6, STM32H7R7A8I6, STM32H7R7I8K6, STM32H7R7I8T6, STM32H7R7L8H6, STM32H7R7L8H6H, STM32H7R7Z8J6, STM32H7S3A8I6, STM32H7S3I8K6, STM32H7S3I8T6, STM32H7S3L8H6, STM32H7S3L8H6H, STM32H7S3R8V6, STM32H7S3V8H6, STM32H7S3V8T6, STM32H7S3V8Y6TR, STM32H7S3Z8J6, STM32H7S3Z8T6, STM32H7S78-DK, STM32H7S7A8I6, STM32H7S7I8K6, STM32H7S7I8T6, STM32H7S7L8H6, STM32H7S7L8H6H, STM32H7S7Z8J6, STM32L4R5QGI6STR, STM32MP131AAE3, STM32MP131AAF3, STM32MP131AAG3, STM32MP131CAE3, STM32MP131CAF3, STM32MP131CAG3, STM32MP131DAE7, STM32MP131DAF7, STM32MP131DAG7, STM32MP131FAE7, STM32MP131FAF7, STM32MP131FAG7, STM32MP133AAE3, STM32MP133AAF3, STM32MP133AAG3, STM32MP133CAE3, STM32MP133CAF3, STM32MP133CAG3, STM32MP133DAE7, STM32MP133DAF7, STM32MP133DAG7, STM32MP133FAE7, STM32MP133FAF7, STM32MP133FAG7, STM32MP135AAE3, STM32MP135AAF3, STM32MP135AAG3, STM32MP135CAE3, STM32MP135CAF3, STM32MP135CAG3, STM32MP135DAE7, STM32MP135DAF7, STM32MP135DAG7, STM32MP135F-DK, STM32MP135FAE7, STM32MP135FAF7, STM32MP135FAF7T, STM32MP135FAF7U, STM32MP135FAG7, STM32MP231AAJ3, STM32MP231AAK3, STM32MP231AAL3, STM32MP231CAJ3, STM32MP231CAK3, STM32MP231CAL3, STM32MP231DAJ3, STM32MP231DAK3, STM32MP231DAL3, STM32MP231FAJ3, STM32MP231FAK3, STM32MP231FAL3, STM32MP233AAJ3, STM32MP233AAK3, STM32MP233AAL3, STM32MP233CAJ3, STM32MP233CAK3, STM32MP233CAL3, STM32MP233DAJ3, STM32MP233DAK3, STM32MP233DAL3, STM32MP233FAJ3, STM32MP233FAK3, STM32MP233FAL3, STM32MP235AAJ3, STM32MP235AAK3, STM32MP235AAL3, STM32MP235CAJ3, STM32MP235CAK3, STM32MP235CAL3, STM32MP235DAJ3, STM32MP235DAK3, STM32MP235DAL3, STM32MP235FAJ3, STM32MP235FAK3, STM32MP235FAL3, STM32MP251AAI3, STM32MP251AAJ3, STM32MP251AAK3, STM32MP251AAL3, STM32MP251CAI3, STM32MP251CAJ3, STM32MP251CAK3, STM32MP251CAL3, STM32MP251DAI3, STM32MP251DAJ3, STM32MP251DAK3, STM32MP251DAL3, STM32MP251FAI3, STM32MP251FAJ3, STM32MP251FAK3, STM32MP251FAL3, STM32MP253AAI3, STM32MP253AAJ3, STM32MP253AAK3, STM32MP253AAL3, STM32MP253CAI3, STM32MP253CAJ3, STM32MP253CAK3, STM32MP253CAL3, STM32MP253DAI3, STM32MP253DAJ3, STM32MP253DAK3, STM32MP253DAL3, STM32MP253FAI3, STM32MP253FAJ3, STM32MP253FAK3, STM32MP253FAL3, STM32MP255AAI3, STM32MP255AAJ3, STM32MP255AAK3, STM32MP255AAL3, STM32MP255CAI3, STM32MP255CAJ3, STM32MP255CAK3, STM32MP255CAL3, STM32MP255DAI3, STM32MP255DAJ3, STM32MP255DAK3, STM32MP255DAL3, STM32MP255FAI3, STM32MP255FAJ3, STM32MP255FAK3, STM32MP255FAL3, STM32MP257AAI3, STM32MP257AAJ3, STM32MP257AAK3, STM32MP257AAL3, STM32MP257CAI3, STM32MP257CAJ3, STM32MP257CAK3, STM32MP257CAL3, STM32MP257DAI3, STM32MP257DAJ3, STM32MP257DAK3, STM32MP257DAL3, STM32MP257F-DK, STM32MP257F-EV1, STM32MP257FAI3, STM32MP257FAJ3, STM32MP257FAK3, STM32MP257FAL3, STM32N645A0H3Q, STM32N645B0H3Q, STM32N645I0H3Q, STM32N645L0H3Q, STM32N645X0H3Q, STM32N645Z0H3Q, STM32N647A0H3Q, STM32N647B0H3Q, STM32N647I0H3Q, STM32N647L0H3Q, STM32N647X0H3Q, STM32N647Z0H3Q, STM32N655A0H3Q, STM32N655B0H3Q, STM32N655I0H3Q, STM32N655L0H3Q, STM32N655X0H3Q, STM32N655Z0H3Q, STM32N6570-DK, STM32N657A0H3Q, STM32N657B0H3Q, STM32N657I0H3Q, STM32N657L0H3Q, STM32N657X0H3Q, STM32N657Z0H3Q, STM32U031C6T6, STM32U031C6U6, STM32U031C8T6, STM32U031C8U6, STM32U031F4P6, STM32U031F6P6, STM32U031F8P6, STM32U031G6Y6TR, STM32U031G8Y6TR, STM32U031K4U6, STM32U031K6U6, STM32U031K8U6, STM32U031R6I6, STM32U031R6T6, STM32U031R8I6, STM32U031R8T6, STM32U073C8T6, STM32U073C8U6, STM32U073CBT6, STM32U073CBU6, STM32U073CCT6, STM32U073CCU6, STM32U073H8Y6TR, STM32U073HBY6TR, STM32U073HCY6TR, STM32U073K8U6, STM32U073KBU6, STM32U073KCU6, STM32U073M8I6, STM32U073M8T6, STM32U073MBI6, STM32U073MBT6, STM32U073MCI6, STM32U073MCT6, STM32U073R8I6, STM32U073R8T6, STM32U073RBI6, STM32U073RBT6, STM32U073RCI6, STM32U073RCT6, STM32U083C-DK, STM32U083CCT6, STM32U083CCU6, STM32U083HCY6TR, STM32U083KCU6, STM32U083MCI6, STM32U083MCT6, STM32U083RCI6, STM32U083RCT6, STM32U375CET6, STM32U375CET6Q, STM32U375CEU6, STM32U375CEU6Q, STM32U375CEY6QTR, STM32U375CGT6, STM32U375CGT6Q, STM32U375CGU6, STM32U375CGU6Q, STM32U375CGY6QTR, STM32U375KEU6, STM32U375KGU6, STM32U375REI6, STM32U375REI6Q, STM32U375RET6, STM32U375RET6Q, STM32U375REY6GTR, STM32U375REY6QTR, STM32U375RGI6, STM32U375RGI6Q, STM32U375RGT6, STM32U375RGT6Q, STM32U375RGY6GTR, STM32U375RGY6QTR, STM32U375VEI6, STM32U375VEI6Q, STM32U375VET6, STM32U375VET6Q, STM32U375VGI6, STM32U375VGI6Q, STM32U375VGT6, STM32U375VGT6Q, STM32U385CGT6, STM32U385CGT6Q, STM32U385CGU6, STM32U385CGU6Q, STM32U385CGY6QTR, STM32U385KGU6, STM32U385RGI6, STM32U385RGI6Q, STM32U385RGT6, STM32U385RGT6Q, STM32U385RGY6GTR, STM32U385RGY6QTR, STM32U385VGI6, STM32U385VGI6Q, STM32U385VGT6, STM32U385VGT6Q, STM32U535CBT6, STM32U535CBT6Q, STM32U535CBU6, STM32U535CBU6Q, STM32U535CCT6, STM32U535CCT6Q, STM32U535CCU6, STM32U535CCU6Q, STM32U535CET6, STM32U535CET6Q, STM32U535CEU6, STM32U535CEU6Q, STM32U535JEY6QTR, STM32U535NCY6QTR, STM32U535NEY6QTR, STM32U535RBI6, STM32U535RBI6Q, STM32U535RBT6, STM32U535RBT6Q, STM32U535RCI6, STM32U535RCI6Q, STM32U535RCT6, STM32U535RCT6Q, STM32U535REI6, STM32U535REI6Q, STM32U535RET6, STM32U535RET6Q, STM32U535VCI6, STM32U535VCI6Q, STM32U535VCT6, STM32U535VCT6Q, STM32U535VEI6, STM32U535VEI6Q, STM32U535VET6, STM32U535VET6Q, STM32U545CET6, STM32U545CET6Q, STM32U545CEU6, STM32U545CEU6Q, STM32U545JEY6QTR, STM32U545NEY6QTR, STM32U545REI6, STM32U545REI6Q, STM32U545RET6, STM32U545RET6Q, STM32U545VEI6, STM32U545VEI6Q, STM32U545VET6, STM32U545VET6Q, STM32U595AIH6, STM32U595AIH6Q, STM32U595AJH6, STM32U595AJH6Q, STM32U595QII6, STM32U595QII6Q, STM32U595QJI6, STM32U595QJI6Q, STM32U595RIT6, STM32U595RIT6Q, STM32U595RJT6, STM32U595RJT6Q, STM32U595VIT6, STM32U595VIT6Q, STM32U595VJT6, STM32U595VJT6Q, STM32U595ZIT6, STM32U595ZIT6Q, STM32U595ZIY6QTR, STM32U595ZJT6, STM32U595ZJT6Q, STM32U595ZJY6QTR, STM32U599BJY6QTR, STM32U599NIH6Q, STM32U599NJH6Q, STM32U599VIT6Q, STM32U599VJT6, STM32U599VJT6Q, STM32U599ZIT6Q, STM32U599ZIY6QTR, STM32U599ZJT6Q, STM32U599ZJY6QTR, STM32U5A5AJH6, STM32U5A5AJH6Q, STM32U5A5QII3Q , STM32U5A5QJI6, STM32U5A5QJI6Q, STM32U5A5RJT6, STM32U5A5RJT6Q, STM32U5A5VJT6, STM32U5A5VJT6Q, STM32U5A5ZJT6, STM32U5A5ZJT6Q, STM32U5A5ZJY6QTR, STM32U5A9BJY6QTR, STM32U5A9J-DK, STM32U5A9NJH6Q, STM32U5A9VJT6Q, STM32U5A9ZJT6Q, STM32U5A9ZJY6QTR, STM32U5F7VIT6, STM32U5F7VIT6Q, STM32U5F7VJT6, STM32U5F7VJT6Q, STM32U5F9BJY6QTR, STM32U5F9NJH6Q, STM32U5F9VIT6Q, STM32U5F9VJT6Q, STM32U5F9ZIJ6QTR, STM32U5F9ZIT6Q, STM32U5F9ZJJ6QTR, STM32U5F9ZJT6Q, STM32U5G7VJT6, STM32U5G7VJT6Q, STM32U5G9BJY6QTR, STM32U5G9J-DK1, STM32U5G9J-DK2, STM32U5G9NJH6Q, STM32U5G9VJT6Q, STM32U5G9ZJJ6QTR, STM32U5G9ZJT6Q, STM32WB05KZV6TR, STM32WB05KZV7TR, STM32WB05TZF6TR, STM32WB05TZF7TR, STM32WB06CCF6TR, STM32WB06CCF7TR, STM32WB06CCV6TR, STM32WB06CCV7TR, STM32WB06KCV6TR, STM32WB06KCV7TR, STM32WB07CCF6TR, STM32WB07CCF7TR, STM32WB07CCV6TR, STM32WB07CCV7TR, STM32WB07KCV6TR, STM32WB07KCV7TR, STM32WB09KEV6TR, STM32WB09KEV7TR, STM32WB09TEF6TR, STM32WB09TEF7TR, STM32WB1MMCH6, STM32WBA50KGU6, STM32WBA50KGU6TR, STM32WBA52CEU6, STM32WBA52CEU6TR, STM32WBA52CEU7, STM32WBA52CEU7TR, STM32WBA52CGU6, STM32WBA52CGU6TR, STM32WBA52CGU6U, STM32WBA52CGU7, STM32WBA52CGU7TR, STM32WBA52KEU6, STM32WBA52KEU6TR, STM32WBA52KGU6, STM32WBA52KGU6TR, STM32WBA54CEU6, STM32WBA54CEU6TR, STM32WBA54CEU7, STM32WBA54CEU7TR, STM32WBA54CGU6, STM32WBA54CGU6TR, STM32WBA54CGU7, STM32WBA54CGU7TR, STM32WBA54KEU6, STM32WBA54KEU6TR, STM32WBA54KEU7, STM32WBA54KEU7TR, STM32WBA54KGU6, STM32WBA54KGU6TR, STM32WBA54KGU7, STM32WBA54KGU7TR, STM32WBA55CEU6, STM32WBA55CEU6TR, STM32WBA55CEU7, STM32WBA55CEU7TR, STM32WBA55CGU6, STM32WBA55CGU6TR, STM32WBA55CGU6U, STM32WBA55CGU7, STM32WBA55CGU7TR, STM32WBA55G-DK1, STM32WBA55HEF6, STM32WBA55HEF7, STM32WBA55HGF6, STM32WBA55HGF7, STM32WBA55UEI6, STM32WBA55UEI6TR, STM32WBA55UEI7, STM32WBA55UEI7TR, STM32WBA55UGI6, STM32WBA55UGI6TR, STM32WBA55UGI7, STM32WBA55UGI7TR, STM32WBA5MJGH6TR, STM32WBA5MJGH6U, STM32WL33C8V6, STM32WL33C8V6TR, STM32WL33C8V7, STM32WL33C8V7TR, STM32WL33CBV6, STM32WL33CBV6TR, STM32WL33CBV7, STM32WL33CBV7TR, STM32WL33CCV6, STM32WL33CCV6TR, STM32WL33CCV7, STM32WL33CCV7A, STM32WL33CCV7ATR, STM32WL33CCV7TR, STM32WL33K8V6, STM32WL33K8V6TR, STM32WL33K8V7, STM32WL33K8V7TR, STM32WL33KBV6, STM32WL33KBV6TR, STM32WL33KBV7, STM32WL33KBV7TR, STM32WL33KCV6, STM32WL33KCV6TR, STM32WL33KCV7, STM32WL33KCV7TR, STM32WL5MOCH6, STM32WL5MOCH6TR]
2024-12-25 22:41:34,261 [INFO] DbMcus:218 - Found 4542 MCUs, 4542 are supported
2024-12-25 22:41:34,262 [INFO] ApiDb:423 - Load user favorites file C:\Users\user/.stm32cubeide/favorites.mcus.txt: 0 item(s)
2024-12-25 22:41:34,263 [INFO] ApiDb:427 - User favorites MCUs=[]
2024-12-25 22:41:34,263 [INFO] DbMcus:224 - Set 0 / 0 favorites MCUs
2024-12-25 22:41:35,094 [INFO] ApiDb:414 - User favorites file not found: C:\Users\user/.stm32cubeide/favorites.boards.txt
2024-12-25 22:41:35,094 [INFO] DbBoards:198 - Set 0 / 0 favorites Boards
2024-12-25 22:41:35,180 [INFO] UtilMem:75 - End LoadConfig() Used Memory: 243346152 Bytes (489684992)
2024-12-25 22:41:35,423 [WARN] ThirdParty:833 - waiting for thirdparty lock release [change project]
2024-12-25 22:41:35,424 [INFO] ThirdParty:835 - entering critical section [change project]
2024-12-25 22:41:35,424 [INFO] ThirdParty:1030 - CMSIS Pack Vendor :STMicroelectronics USBPD 4.1
2024-12-25 22:41:35,424 [INFO] ThirdParty:1030 - CMSIS Pack Vendor :STMicroelectronics X-CUBE-AZRTOS-H7 3.3.0
2024-12-25 22:41:35,424 [INFO] ThirdParty:1030 - CMSIS Pack Vendor :STMicroelectronics X-CUBE-NFC9 1.0.0
2024-12-25 22:41:35,424 [INFO] ThirdParty:1030 - CMSIS Pack Vendor :STMicroelectronics USB_HOST 2.0.0
2024-12-25 22:41:35,424 [INFO] ThirdParty:1030 - CMSIS Pack Vendor :STMicroelectronics FP-SNS-MOTENVWB1 1.4.0
2024-12-25 22:41:35,424 [INFO] ThirdParty:1030 - CMSIS Pack Vendor :STMicroelectronics X-CUBE-AZRTOS-F4 1.1.0
2024-12-25 22:41:35,424 [INFO] ThirdParty:1030 - CMSIS Pack Vendor :STMicroelectronics LIBJPEG 8.0.0
2024-12-25 22:41:35,424 [INFO] ThirdParty:1030 - CMSIS Pack Vendor :STMicroelectronics FP-ATR-ASTRA1 2.0.1
2024-12-25 22:41:35,425 [INFO] ThirdParty:1030 - CMSIS Pack Vendor :STMicroelectronics X-CUBE-SMBUS 2.1.0
2024-12-25 22:41:35,425 [INFO] ThirdParty:1030 - CMSIS Pack Vendor :STMicroelectronics X-CUBE-WB05N 1.1.0
2024-12-25 22:41:35,425 [INFO] ThirdParty:1030 - CMSIS Pack Vendor :STMicroelectronics USB_DEVICE 3.0.0
2024-12-25 22:41:35,425 [INFO] ThirdParty:1030 - CMSIS Pack Vendor :STMicroelectronics X-CUBE-TCPP 4.1.0
2024-12-25 22:41:35,425 [INFO] ThirdParty:1030 - CMSIS Pack Vendor :STMicroelectronics X-CUBE-ISPU 2.1.0
2024-12-25 22:41:35,425 [INFO] ThirdParty:1030 - CMSIS Pack Vendor :STMicroelectronics X-CUBE-FREERTOS 1.2.0
2024-12-25 22:41:35,425 [INFO] ThirdParty:1030 - CMSIS Pack Vendor :STMicroelectronics X-CUBE-IPS 3.0.0
2024-12-25 22:41:35,425 [INFO] ThirdParty:1030 - CMSIS Pack Vendor :STMicroelectronics X-CUBE-AZRTOS-WB 2.0.0
2024-12-25 22:41:35,425 [INFO] ThirdParty:1030 - CMSIS Pack Vendor :STMicroelectronics X-CUBE-GNSS1 7.0.0
2024-12-25 22:41:35,425 [INFO] ThirdParty:1030 - CMSIS Pack Vendor :STMicroelectronics X-CUBE-GNSS1 7.0.1
2024-12-25 22:41:35,425 [INFO] ThirdParty:1030 - CMSIS Pack Vendor :STMicroelectronics X-CUBE-AZRTOS-F7 1.1.0
2024-12-25 22:41:35,425 [INFO] ThirdParty:1030 - CMSIS Pack Vendor :STMicroelectronics X-CUBE-AZRTOS-L5 2.0.0
2024-12-25 22:41:35,425 [INFO] ThirdParty:1030 - CMSIS Pack Vendor :STMicroelectronics USB_DEVICE 2.0.0
2024-12-25 22:41:35,425 [INFO] ThirdParty:1030 - CMSIS Pack Vendor :STMicroelectronics X-CUBE-NFC6 3.1.0
2024-12-25 22:41:35,425 [INFO] ThirdParty:1030 - CMSIS Pack Vendor :STMicroelectronics FP-SNS-STBOX1 2.0.0
2024-12-25 22:41:35,425 [INFO] ThirdParty:1030 - CMSIS Pack Vendor :STMicroelectronics X-CUBE-MEMS1 11.0.0
2024-12-25 22:41:35,425 [INFO] ThirdParty:1030 - CMSIS Pack Vendor :STMicroelectronics FreeRTOS 0.0.1
2024-12-25 22:41:35,425 [INFO] ThirdParty:1030 - CMSIS Pack Vendor :STMicroelectronics X-CUBE-AZRTOS-G0 1.1.0
2024-12-25 22:41:35,425 [INFO] ThirdParty:1030 - CMSIS Pack Vendor :STMicroelectronics X-CUBE-SAFEA1 1.2.2
2024-12-25 22:41:35,425 [INFO] ThirdParty:1030 - CMSIS Pack Vendor :STMicroelectronics X-CUBE-NFC4 3.0.0
2024-12-25 22:41:35,425 [INFO] ThirdParty:1030 - CMSIS Pack Vendor :STMicroelectronics X-CUBE-DPower 1.2.0
2024-12-25 22:41:35,425 [INFO] ThirdParty:1030 - CMSIS Pack Vendor :STMicroelectronics X-CUBE-SUBG2 5.0.0
2024-12-25 22:41:35,425 [INFO] ThirdParty:1030 - CMSIS Pack Vendor :STMicroelectronics STM32_WPAN 1.0.0
2024-12-25 22:41:35,425 [INFO] ThirdParty:1030 - CMSIS Pack Vendor :EmbeddedOffice I-CUBE-FS-RTOS 1.0.1
2024-12-25 22:41:35,427 [INFO] ThirdParty:1030 - CMSIS Pack Vendor :STMicroelectronics lwIP 2.0.3
2024-12-25 22:41:35,427 [INFO] ThirdParty:1030 - CMSIS Pack Vendor :STMicroelectronics FP-SNS-FLIGHT1 5.0.2
2024-12-25 22:41:35,427 [INFO] ThirdParty:1030 - CMSIS Pack Vendor :Cesanta I-CUBE-Mongoose 7.13.0
2024-12-25 22:41:35,427 [INFO] ThirdParty:1030 - CMSIS Pack Vendor :STMicroelectronics USB_HOST 1.0.0
2024-12-25 22:41:35,427 [INFO] ThirdParty:1030 - CMSIS Pack Vendor :Infineon AIROC-Wi-Fi-Bluetooth-STM32 1.7.0
2024-12-25 22:41:35,427 [INFO] ThirdParty:1030 - CMSIS Pack Vendor :STMicroelectronics X-CUBE-AZRTOS-G4 2.0.0
2024-12-25 22:41:35,427 [INFO] ThirdParty:1030 - CMSIS Pack Vendor :STMicroelectronics PDM2PCM 3.1.0
2024-12-25 22:41:35,427 [INFO] ThirdParty:1030 - CMSIS Pack Vendor :STMicroelectronics PDM2PCM 3.3.0
2024-12-25 22:41:35,427 [INFO] ThirdParty:1030 - CMSIS Pack Vendor :STMicroelectronics X-CUBE-DISPLAY 3.0.0
2024-12-25 22:41:35,427 [INFO] ThirdParty:1030 - CMSIS Pack Vendor :STMicroelectronics X-CUBE-TCPP 4.2.0
2024-12-25 22:41:35,427 [INFO] ThirdParty:1030 - CMSIS Pack Vendor :RealThread X-CUBE-RT-Thread_Nano 4.1.1
2024-12-25 22:41:35,427 [INFO] ThirdParty:1030 - CMSIS Pack Vendor :STMicroelectronics X-CUBE-BLE1 7.0.0
2024-12-25 22:41:35,427 [INFO] ThirdParty:1030 - CMSIS Pack Vendor :STMicroelectronics FP-ATR-SIGFOX1 3.2.0
2024-12-25 22:41:35,427 [INFO] ThirdParty:1030 - CMSIS Pack Vendor :STMicroelectronics X-CUBE-NFC10 1.0.0
2024-12-25 22:41:35,427 [INFO] ThirdParty:1030 - CMSIS Pack Vendor :quantropi X-CUBE-qispace-sdk-base 1.9.3
2024-12-25 22:41:35,427 [INFO] ThirdParty:1030 - CMSIS Pack Vendor :STMicroelectronics X-CUBE-BLEMGR 4.0.0
2024-12-25 22:41:35,427 [INFO] ThirdParty:1030 - CMSIS Pack Vendor :STMicroelectronics X-CUBE-EEPRMA1 5.1.0
2024-12-25 22:41:35,427 [INFO] ThirdParty:1030 - CMSIS Pack Vendor :STMicroelectronics HAL Drivers 0.0.0
2024-12-25 22:41:35,427 [INFO] ThirdParty:1030 - CMSIS Pack Vendor :STMicroelectronics MBEDTLS 2.16.2
2024-12-25 22:41:35,427 [INFO] ThirdParty:1030 - CMSIS Pack Vendor :STMicroelectronics X-CUBE-ALS 1.0.2
2024-12-25 22:41:35,428 [INFO] ThirdParty:1030 - CMSIS Pack Vendor :emotas I-CUBE-CANOPEN 1.3.0
2024-12-25 22:41:35,428 [INFO] ThirdParty:1030 - CMSIS Pack Vendor :STMicroelectronics X-CUBE-FREERTOS 1.3.0
2024-12-25 22:41:35,428 [INFO] ThirdParty:1030 - CMSIS Pack Vendor :wolfSSL I-CUBE-wolfSSL 5.7.4
2024-12-25 22:41:35,428 [INFO] ThirdParty:1030 - CMSIS Pack Vendor :STMicroelectronics X-CUBE-NFC7 1.0.1
2024-12-25 22:41:35,428 [INFO] ThirdParty:1030 - CMSIS Pack Vendor :STMicroelectronics MBEDTLS 2.14.1
2024-12-25 22:41:35,428 [INFO] ThirdParty:1030 - CMSIS Pack Vendor :ITTIA_DB I-CUBE-ITTIADB 8.9.0
2024-12-25 22:41:35,428 [INFO] ThirdParty:1030 - CMSIS Pack Vendor :STMicroelectronics X-CUBE-TOUCHGFX 4.24.1
2024-12-25 22:41:35,428 [INFO] ThirdParty:1030 - CMSIS Pack Vendor :wolfSSL I-CUBE-wolfTPM 3.4.0
2024-12-25 22:41:35,428 [INFO] ThirdParty:1030 - CMSIS Pack Vendor :portGmbH I-Cube-SoM-uGOAL 1.1.0
2024-12-25 22:41:35,428 [INFO] ThirdParty:1030 - CMSIS Pack Vendor :STMicroelectronics ThreadX 1.0.0
2024-12-25 22:41:35,428 [INFO] ThirdParty:1030 - CMSIS Pack Vendor :STMicroelectronics FP-SNS-SMARTAG2 1.2.0
2024-12-25 22:41:35,428 [INFO] ThirdParty:1030 - CMSIS Pack Vendor :STMicroelectronics X-CUBE-MEMS1 11.1.0
2024-12-25 22:41:35,428 [INFO] ThirdParty:1030 - CMSIS Pack Vendor :STMicroelectronics X-CUBE-AZRTOS-WL 2.0.0
2024-12-25 22:41:35,428 [INFO] ThirdParty:1030 - CMSIS Pack Vendor :SEGGER I-CUBE-embOS 1.3.1
2024-12-25 22:41:35,428 [INFO] ThirdParty:1030 - CMSIS Pack Vendor :STMicroelectronics X-CUBE-ALGOBUILD 1.4.0
2024-12-25 22:41:35,428 [INFO] ThirdParty:1030 - CMSIS Pack Vendor :STMicroelectronics FP-SNS-MOTENV1 5.0.0
2024-12-25 22:41:35,428 [INFO] ThirdParty:1030 - CMSIS Pack Vendor :STMicroelectronics USB_DEVICE 1.0.0
2024-12-25 22:41:35,428 [INFO] ThirdParty:1030 - CMSIS Pack Vendor :STMicroelectronics X-CUBE-AZRTOS-H7RS 1.0.0
2024-12-25 22:41:35,428 [INFO] ThirdParty:1030 - CMSIS Pack Vendor :wolfSSL I-CUBE-wolfMQTT 1.19.0
2024-12-25 22:41:35,428 [INFO] ThirdParty:1030 - CMSIS Pack Vendor :STMicroelectronics X-CUBE-AZRTOS-L4 2.0.0
2024-12-25 22:41:35,429 [INFO] ThirdParty:1030 - CMSIS Pack Vendor :STMicroelectronics ThreadX 0.0.2
2024-12-25 22:41:35,429 [INFO] ThirdParty:1030 - CMSIS Pack Vendor :WES I-CUBE-Cesium 1.3.0
2024-12-25 22:41:35,429 [INFO] ThirdParty:1030 - CMSIS Pack Vendor :STMicroelectronics lwIP 2.1.2
2024-12-25 22:41:35,429 [INFO] ThirdParty:1030 - CMSIS Pack Vendor :STMicroelectronics X-CUBE-SFXS2LP1 4.0.0
2024-12-25 22:41:35,429 [INFO] ThirdParty:1030 - CMSIS Pack Vendor :STMicroelectronics X-CUBE-BLE2 3.3.0
2024-12-25 22:41:35,429 [INFO] ThirdParty:1030 - CMSIS Pack Vendor :STMicroelectronics X-CUBE-TOF1 3.4.2
2024-12-25 22:41:35,429 [INFO] ThirdParty:1030 - CMSIS Pack Vendor :STMicroelectronics X-CUBE-AI 9.1.0
2024-12-25 22:41:35,429 [INFO] ThirdParty:1030 - CMSIS Pack Vendor :STMicroelectronics PDM2PCM 3.2.0
2024-12-25 22:41:35,429 [INFO] ThirdParty:1030 - CMSIS Pack Vendor :wolfSSL I-CUBE-wolfSSH 1.4.17
2024-12-25 22:41:35,429 [INFO] ThirdParty:841 - exiting critical section [change project]
2024-12-25 22:41:36,251 [INFO] PinOutPanel:1589 - setPackage(No Configuration,No Configuration)
2024-12-25 22:41:36,253 [INFO] PinOutPanel:1589 - setPackage(STM32F407VETx,LQFP100)
2024-12-25 22:41:37,378 [INFO] UtilMem:75 - Before build in PCC Used Memory: 322358512 Bytes (489684992)
2024-12-25 22:41:38,743 [INFO] UtilMem:75 - After build in PCC Used Memory: 417539896 Bytes (489684992)
2024-12-25 22:41:38,855 [INFO] ApiDbMcu:508 - Load IP Config File for FREERTOS
2024-12-25 22:41:38,954 [INFO] IPUIPlugin:80 - create IPUIPlugin
2024-12-25 22:41:38,955 [INFO] IPUIPlugin:80 - create IPUIPlugin
2024-12-25 22:41:38,955 [INFO] IPUIPlugin:80 - create IPUIPlugin
2024-12-25 22:41:38,955 [INFO] IPUIPlugin:80 - create IPUIPlugin
2024-12-25 22:41:38,955 [INFO] IPUIPlugin:80 - create IPUIPlugin
2024-12-25 22:41:38,956 [INFO] IPUIPlugin:80 - create IPUIPlugin
2024-12-25 22:41:38,956 [INFO] IPUIPlugin:80 - create IPUIPlugin
2024-12-25 22:41:38,956 [INFO] IPUIPlugin:80 - create IPUIPlugin
2024-12-25 22:41:38,957 [INFO] IPUIPlugin:80 - create IPUIPlugin
2024-12-25 22:41:38,957 [INFO] IPUIPlugin:80 - create IPUIPlugin
2024-12-25 22:41:38,957 [INFO] IPUIPlugin:80 - create IPUIPlugin
2024-12-25 22:41:38,957 [INFO] IPUIPlugin:80 - create IPUIPlugin
2024-12-25 22:41:38,957 [INFO] IPUIPlugin:80 - create IPUIPlugin
2024-12-25 22:41:38,959 [INFO] IPUIPlugin:80 - create IPUIPlugin
2024-12-25 22:41:38,959 [INFO] IPUIPlugin:80 - create IPUIPlugin
2024-12-25 22:41:38,959 [INFO] IPUIPlugin:80 - create IPUIPlugin
2024-12-25 22:41:38,959 [INFO] IPUIPlugin:80 - create IPUIPlugin
2024-12-25 22:41:38,960 [INFO] IPUIPlugin:80 - create IPUIPlugin
2024-12-25 22:41:38,960 [INFO] IPUIPlugin:80 - create IPUIPlugin
2024-12-25 22:41:38,960 [INFO] IPUIPlugin:80 - create IPUIPlugin
2024-12-25 22:41:38,961 [INFO] IPUIPlugin:80 - create IPUIPlugin
2024-12-25 22:41:38,961 [INFO] IPUIPlugin:80 - create IPUIPlugin
2024-12-25 22:41:38,961 [INFO] IPUIPlugin:80 - create IPUIPlugin
2024-12-25 22:41:38,962 [INFO] IPUIPlugin:80 - create IPUIPlugin
2024-12-25 22:41:38,962 [INFO] IPUIPlugin:80 - create IPUIPlugin
2024-12-25 22:41:38,964 [INFO] IPUIPlugin:80 - create IPUIPlugin
2024-12-25 22:41:38,964 [INFO] IPUIPlugin:80 - create IPUIPlugin
2024-12-25 22:41:38,964 [INFO] IPUIPlugin:80 - create IPUIPlugin
2024-12-25 22:41:38,965 [INFO] IPUIPlugin:80 - create IPUIPlugin
2024-12-25 22:41:38,965 [INFO] IPUIPlugin:80 - create IPUIPlugin
2024-12-25 22:41:38,966 [INFO] IPUIPlugin:80 - create IPUIPlugin
2024-12-25 22:41:38,966 [INFO] IPUIPlugin:80 - create IPUIPlugin
2024-12-25 22:41:38,966 [INFO] IPUIPlugin:80 - create IPUIPlugin
2024-12-25 22:41:38,967 [INFO] IPUIPlugin:80 - create IPUIPlugin
2024-12-25 22:41:38,967 [INFO] IPUIPlugin:80 - create IPUIPlugin
2024-12-25 22:41:38,967 [INFO] IPUIPlugin:80 - create IPUIPlugin
2024-12-25 22:41:38,968 [INFO] IPUIPlugin:80 - create IPUIPlugin
2024-12-25 22:41:38,969 [INFO] IPUIPlugin:80 - create IPUIPlugin
2024-12-25 22:41:38,969 [INFO] IPUIPlugin:80 - create IPUIPlugin
2024-12-25 22:41:38,970 [INFO] IPUIPlugin:80 - create IPUIPlugin
2024-12-25 22:41:38,970 [INFO] IPUIPlugin:80 - create IPUIPlugin
2024-12-25 22:41:38,971 [INFO] IPUIPlugin:80 - create IPUIPlugin
2024-12-25 22:41:38,972 [INFO] IPUIPlugin:80 - create IPUIPlugin
2024-12-25 22:41:38,973 [INFO] IPUIPlugin:80 - create IPUIPlugin
2024-12-25 22:41:38,974 [INFO] IPUIPlugin:80 - create IPUIPlugin
2024-12-25 22:41:38,974 [INFO] IPUIPlugin:80 - create IPUIPlugin
2024-12-25 22:41:38,975 [INFO] IPUIPlugin:80 - create IPUIPlugin
2024-12-25 22:41:38,975 [INFO] IPUIPlugin:80 - create IPUIPlugin
2024-12-25 22:41:38,976 [INFO] IPUIPlugin:80 - create IPUIPlugin
2024-12-25 22:41:38,977 [INFO] IPUIPlugin:80 - create IPUIPlugin
2024-12-25 22:41:38,977 [INFO] IPUIPlugin:80 - create IPUIPlugin
2024-12-25 22:41:38,978 [INFO] IPUIPlugin:80 - create IPUIPlugin
2024-12-25 22:41:38,979 [INFO] IPUIPlugin:80 - create IPUIPlugin
2024-12-25 22:41:38,979 [INFO] IPUIPlugin:80 - create IPUIPlugin
2024-12-25 22:41:38,980 [INFO] IPUIPlugin:80 - create IPUIPlugin
2024-12-25 22:41:38,980 [INFO] IPUIPlugin:80 - create IPUIPlugin
2024-12-25 22:41:38,980 [INFO] IPUIPlugin:80 - create IPUIPlugin
2024-12-25 22:41:38,981 [INFO] IPUIPlugin:80 - create IPUIPlugin
2024-12-25 22:41:39,016 [INFO] ApiDbMcu:508 - Load IP Config File for PDM2PCM
2024-12-25 22:41:39,065 [WARN] FreeRTOS:1023 - Null or empty value: should not occur! (nothing added to the table)
2024-12-25 22:41:39,415 [INFO] CADModel:165 - CPN selected for project levelSTM32F407VET6
2024-12-25 22:41:39,416 [INFO] CADModel:114 - Register for checkConnection events
2024-12-25 22:41:39,421 [INFO] RtosManager:697 - Active RTOS found at IOC load: FREERTOS [Cortex-M4NS]
2024-12-25 22:41:39,492 [INFO] OpenFileManager:363 - Restore cursor
2024-12-25 22:41:49,329 [ERROR] RtosPanel:558 - Can not restore the selected Tab for FREERTOS(A reason can be that the tab is no more available.)
2024-12-25 22:41:57,947 [INFO] TasksAndQueuesTab:757 - Dynamic
2024-12-25 22:41:57,947 [WARN] TasksAndQueuesTab:763 - 128 128
2024-12-25 22:41:57,949 [WARN] TasksAndQueuesTab:775 - max value is: 3840.0
2024-12-25 22:41:57,949 [INFO] TasksAndQueuesTab:757 - Dynamic
2024-12-25 22:41:57,949 [WARN] TasksAndQueuesTab:763 - 128 128
2024-12-25 22:41:57,949 [WARN] TasksAndQueuesTab:775 - max value is: 3840.0
2024-12-25 22:41:57,949 [INFO] TasksAndQueuesTab:757 - Dynamic
2024-12-25 22:41:57,949 [WARN] TasksAndQueuesTab:763 - 128 128
2024-12-25 22:41:57,949 [WARN] TasksAndQueuesTab:775 - max value is: 3840.0
2024-12-25 22:41:58,604 [INFO] TasksAndQueuesTab:757 - Dynamic
2024-12-25 22:41:58,604 [WARN] TasksAndQueuesTab:763 - 128 128
2024-12-25 22:41:58,605 [WARN] TasksAndQueuesTab:775 - max value is: 3840.0
2024-12-25 22:41:58,605 [INFO] TasksAndQueuesTab:757 - Dynamic
2024-12-25 22:41:58,605 [WARN] TasksAndQueuesTab:763 - 128 128
2024-12-25 22:41:58,605 [WARN] TasksAndQueuesTab:775 - max value is: 3840.0
2024-12-25 22:41:58,605 [INFO] TasksAndQueuesTab:757 - Dynamic
2024-12-25 22:41:58,605 [WARN] TasksAndQueuesTab:763 - 128 128
2024-12-25 22:41:58,605 [WARN] TasksAndQueuesTab:775 - max value is: 3840.0
2024-12-25 22:42:02,681 [INFO] TasksAndQueuesTab:757 - Dynamic
2024-12-25 22:42:02,681 [WARN] TasksAndQueuesTab:763 - 128 128
2024-12-25 22:42:02,681 [WARN] TasksAndQueuesTab:775 - max value is: 3840.0
2024-12-25 22:42:02,681 [INFO] TasksAndQueuesTab:757 - Dynamic
2024-12-25 22:42:02,681 [WARN] TasksAndQueuesTab:763 - 128 128
2024-12-25 22:42:02,681 [WARN] TasksAndQueuesTab:775 - max value is: 3840.0
2024-12-25 22:42:02,681 [INFO] TasksAndQueuesTab:757 - Dynamic
2024-12-25 22:42:02,681 [WARN] TasksAndQueuesTab:763 - 128 128
2024-12-25 22:42:02,681 [WARN] TasksAndQueuesTab:775 - max value is: 3840.0
2024-12-25 22:43:53,353 [INFO] UtilMem:75 - End SaveConfig() Used Memory: 244134488 Bytes (711983104)
2024-12-25 22:43:56,513 [INFO] UtilMem:75 - End SaveConfig() Used Memory: 298964400 Bytes (711983104)
2024-12-25 22:43:57,512 [INFO] BlockDiagram:2766 - set Specific Code input for plugin: FREERTOS
2024-12-25 22:43:57,512 [INFO] BlockDiagram:2766 - set Specific Code input for plugin: TIM1_8
2024-12-25 22:43:57,512 [INFO] BlockDiagram:2766 - set Specific Code input for plugin: SYS
2024-12-25 22:43:57,512 [INFO] BlockDiagram:2766 - set Specific Code input for plugin: RCC
2024-12-25 22:43:57,512 [INFO] BlockDiagram:2766 - set Specific Code input for plugin: NVIC
2024-12-25 22:43:57,512 [INFO] BlockDiagram:2766 - set Specific Code input for plugin: USART
2024-12-25 22:43:57,513 [INFO] BlockDiagram:2766 - set Specific Code input for plugin: GPIO
2024-12-25 22:43:57,515 [INFO] CodeGenerator:896 - code generatio: config db path: D:\STM32CubeIDE_1.17.0\STM32CubeIDE\plugins\com.st.stm32cube.common.mx_6.13.0.202411220809\\db\
2024-12-25 22:43:57,887 [INFO] CodeEngine:255 - oldGeneratedFile, D:\STM32\RTOS\RTOS\MXTmpFiles\license.tmp_save
2024-12-25 22:43:58,821 [INFO] CodeEngine:279 - Generated code: D:\STM32\RTOS\RTOS\MXTmpFiles\license.tmp
2024-12-25 22:43:59,006 [INFO] CodeEngine:255 - oldGeneratedFile, D:\STM32\RTOS\RTOS\MXTmpFiles\gpio.tmp_save
2024-12-25 22:43:59,218 [INFO] CodeEngine:279 - Generated code: D:\STM32\RTOS\RTOS\MXTmpFiles\gpio.tmp
2024-12-25 22:43:59,477 [INFO] Middleware:1450 - No code input for Bsp Dependency
2024-12-25 22:43:59,503 [INFO] CodeEngine:255 - oldGeneratedFile, D:\STM32\RTOS\RTOS\MXTmpFiles\rtos_inc.tmp_save
2024-12-25 22:43:59,675 [INFO] CodeEngine:279 - Generated code: D:\STM32\RTOS\RTOS\MXTmpFiles\rtos_inc.tmp
2024-12-25 22:43:59,688 [INFO] CodeEngine:255 - oldGeneratedFile, D:\STM32\RTOS\RTOS\MXTmpFiles\rtos_kernelInit.tmp_save
2024-12-25 22:43:59,830 [INFO] CodeEngine:279 - Generated code: D:\STM32\RTOS\RTOS\MXTmpFiles\rtos_kernelInit.tmp
2024-12-25 22:43:59,845 [INFO] CodeEngine:255 - oldGeneratedFile, D:\STM32\RTOS\RTOS\MXTmpFiles\rtos_kernelStart.tmp_save
2024-12-25 22:43:59,965 [INFO] CodeEngine:279 - Generated code: D:\STM32\RTOS\RTOS\MXTmpFiles\rtos_kernelStart.tmp
2024-12-25 22:43:59,980 [INFO] CodeEngine:255 - oldGeneratedFile, D:\STM32\RTOS\RTOS\MXTmpFiles\rtos_typedefs.tmp_save
2024-12-25 22:44:00,085 [INFO] CodeEngine:279 - Generated code: D:\STM32\RTOS\RTOS\MXTmpFiles\rtos_typedefs.tmp
2024-12-25 22:44:00,102 [INFO] CodeEngine:255 - oldGeneratedFile, D:\STM32\RTOS\RTOS\MXTmpFiles\rtos_vars.tmp_save
2024-12-25 22:44:00,224 [INFO] CodeEngine:279 - Generated code: D:\STM32\RTOS\RTOS\MXTmpFiles\rtos_vars.tmp
2024-12-25 22:44:00,244 [INFO] CodeEngine:255 - oldGeneratedFile, D:\STM32\RTOS\RTOS\MXTmpFiles\rtos_pfp.tmp_save
2024-12-25 22:44:00,348 [INFO] CodeEngine:279 - Generated code: D:\STM32\RTOS\RTOS\MXTmpFiles\rtos_pfp.tmp
2024-12-25 22:44:00,365 [INFO] CodeEngine:255 - oldGeneratedFile, D:\STM32\RTOS\RTOS\MXTmpFiles\rtos_obj_creat.tmp_save
2024-12-25 22:44:00,470 [INFO] CodeEngine:279 - Generated code: D:\STM32\RTOS\RTOS\MXTmpFiles\rtos_obj_creat.tmp
2024-12-25 22:44:00,497 [INFO] CodeEngine:255 - oldGeneratedFile, D:\STM32\RTOS\RTOS\MXTmpFiles\rtos_default_thread.tmp_save
2024-12-25 22:44:00,603 [INFO] CodeEngine:279 - Generated code: D:\STM32\RTOS\RTOS\MXTmpFiles\rtos_default_thread.tmp
2024-12-25 22:44:00,628 [INFO] CodeEngine:255 - oldGeneratedFile, D:\STM32\RTOS\RTOS\MXTmpFiles\rtos_threads.tmp_save
2024-12-25 22:44:00,737 [INFO] CodeEngine:279 - Generated code: D:\STM32\RTOS\RTOS\MXTmpFiles\rtos_threads.tmp
2024-12-25 22:44:00,757 [INFO] Middleware:1450 - No code input for Bsp Dependency
2024-12-25 22:44:00,766 [INFO] CodeEngine:255 - oldGeneratedFile, D:\STM32\RTOS\RTOS\MXTmpFiles\rtos_inc.tmp_save
2024-12-25 22:44:00,867 [INFO] CodeEngine:279 - Generated code: D:\STM32\RTOS\RTOS\MXTmpFiles\rtos_inc.tmp
2024-12-25 22:44:00,871 [INFO] CodeEngine:255 - oldGeneratedFile, D:\STM32\RTOS\RTOS\MXTmpFiles\rtos_kernelInit.tmp_save
2024-12-25 22:44:01,014 [INFO] CodeEngine:279 - Generated code: D:\STM32\RTOS\RTOS\MXTmpFiles\rtos_kernelInit.tmp
2024-12-25 22:44:01,018 [INFO] CodeEngine:255 - oldGeneratedFile, D:\STM32\RTOS\RTOS\MXTmpFiles\rtos_kernelStart.tmp_save
2024-12-25 22:44:01,084 [INFO] CodeEngine:279 - Generated code: D:\STM32\RTOS\RTOS\MXTmpFiles\rtos_kernelStart.tmp
2024-12-25 22:44:01,088 [INFO] CodeEngine:255 - oldGeneratedFile, D:\STM32\RTOS\RTOS\MXTmpFiles\rtos_typedefs.tmp_save
2024-12-25 22:44:01,167 [INFO] CodeEngine:279 - Generated code: D:\STM32\RTOS\RTOS\MXTmpFiles\rtos_typedefs.tmp
2024-12-25 22:44:01,185 [INFO] CodeEngine:255 - oldGeneratedFile, D:\STM32\RTOS\RTOS\MXTmpFiles\rtos_vars.tmp_save
2024-12-25 22:44:01,259 [INFO] CodeEngine:279 - Generated code: D:\STM32\RTOS\RTOS\MXTmpFiles\rtos_vars.tmp
2024-12-25 22:44:01,263 [INFO] CodeEngine:255 - oldGeneratedFile, D:\STM32\RTOS\RTOS\MXTmpFiles\rtos_pfp.tmp_save
2024-12-25 22:44:01,339 [INFO] CodeEngine:279 - Generated code: D:\STM32\RTOS\RTOS\MXTmpFiles\rtos_pfp.tmp
2024-12-25 22:44:01,354 [INFO] CodeEngine:255 - oldGeneratedFile, D:\STM32\RTOS\RTOS\MXTmpFiles\rtos_obj_creat.tmp_save
2024-12-25 22:44:01,422 [INFO] CodeEngine:279 - Generated code: D:\STM32\RTOS\RTOS\MXTmpFiles\rtos_obj_creat.tmp
2024-12-25 22:44:01,427 [INFO] CodeEngine:255 - oldGeneratedFile, D:\STM32\RTOS\RTOS\MXTmpFiles\rtos_default_thread.tmp_save
2024-12-25 22:44:01,494 [INFO] CodeEngine:279 - Generated code: D:\STM32\RTOS\RTOS\MXTmpFiles\rtos_default_thread.tmp
2024-12-25 22:44:01,498 [INFO] CodeEngine:255 - oldGeneratedFile, D:\STM32\RTOS\RTOS\MXTmpFiles\rtos_threads.tmp_save
2024-12-25 22:44:01,563 [INFO] CodeEngine:279 - Generated code: D:\STM32\RTOS\RTOS\MXTmpFiles\rtos_threads.tmp
2024-12-25 22:44:01,595 [INFO] CodeEngine:255 - oldGeneratedFile, D:\STM32\RTOS\RTOS\Core\Inc\FreeRTOSConfig.h_save
2024-12-25 22:44:01,763 [INFO] CodeEngine:279 - Generated code: D:\STM32\RTOS\RTOS\Core\Inc\FreeRTOSConfig.h
2024-12-25 22:44:01,812 [INFO] CodeEngine:255 - oldGeneratedFile, D:\STM32\RTOS\RTOS\Core\Src\freertos.c_save
2024-12-25 22:44:01,975 [INFO] CodeEngine:279 - Generated code: D:\STM32\RTOS\RTOS\Core\Src\freertos.c
2024-12-25 22:44:02,017 [INFO] CodeEngine:255 - oldGeneratedFile, D:\STM32\RTOS\RTOS\Core\Src\stm32f4xx_it.c_save
2024-12-25 22:44:02,234 [INFO] CodeEngine:279 - Generated code: D:\STM32\RTOS\RTOS\Core\Src\stm32f4xx_it.c
2024-12-25 22:44:02,261 [INFO] CodeEngine:255 - oldGeneratedFile, D:\STM32\RTOS\RTOS\Core\Inc\stm32f4xx_it.h_save
2024-12-25 22:44:02,383 [INFO] CodeEngine:279 - Generated code: D:\STM32\RTOS\RTOS\Core\Inc\stm32f4xx_it.h
2024-12-25 22:44:02,433 [INFO] CodeEngine:255 - oldGeneratedFile, D:\STM32\RTOS\RTOS\Core\Src\stm32f4xx_hal_msp.c_save
2024-12-25 22:44:02,650 [INFO] CodeEngine:279 - Generated code: D:\STM32\RTOS\RTOS\Core\Src\stm32f4xx_hal_msp.c
2024-12-25 22:44:02,665 [INFO] CodeEngine:255 - oldGeneratedFile, D:\STM32\RTOS\RTOS\MXTmpFiles\system.tmp_save
2024-12-25 22:44:02,757 [INFO] CodeEngine:279 - Generated code: D:\STM32\RTOS\RTOS\MXTmpFiles\system.tmp
2024-12-25 22:44:02,793 [INFO] CodeEngine:255 - oldGeneratedFile, D:\STM32\RTOS\RTOS\Core\Src\stm32f4xx_hal_timebase_tim.c_save
2024-12-25 22:44:02,927 [INFO] CodeEngine:279 - Generated code: D:\STM32\RTOS\RTOS\Core\Src\stm32f4xx_hal_timebase_tim.c
2024-12-25 22:44:02,964 [INFO] CodeEngine:311 - oldGeneratedFile, D:\STM32\RTOS\RTOS\Core\Inc\stm32f4xx_hal_conf.h_save
2024-12-25 22:44:03,098 [INFO] CodeEngine:335 - Generated code: D:\STM32\RTOS\RTOS\Core\Inc\stm32f4xx_hal_conf.h
2024-12-25 22:44:03,165 [INFO] ApiDbMcu:508 - Load IP Config File for TIM5
2024-12-25 22:44:03,170 [INFO] ApiDbMcu:508 - Load IP Config File for USART3
2024-12-25 22:44:03,175 [INFO] ApiDbMcu:508 - Load IP Config File for RCC
2024-12-25 22:44:03,181 [WARN] IPConfigManager:3618 - IP not found : TIM
2024-12-25 22:44:03,182 [WARN] CodeGenerator:4152 - IP not found : null
2024-12-25 22:44:03,236 [INFO] CodeEngine:255 - oldGeneratedFile, D:\STM32\RTOS\RTOS\Core\Inc\main.h_save
2024-12-25 22:44:03,417 [INFO] CodeEngine:279 - Generated code: D:\STM32\RTOS\RTOS\Core\Inc\main.h
2024-12-25 22:44:03,454 [INFO] CodeEngine:255 - oldGeneratedFile, D:\STM32\RTOS\RTOS\Core\Src\main.c_save
2024-12-25 22:44:03,760 [INFO] CodeEngine:279 - Generated code: D:\STM32\RTOS\RTOS\Core\Src\main.c
2024-12-25 22:44:04,579 [INFO] ProjectBuilder:3289 - Time for Copy HAL[1] : 321mS.
2024-12-25 22:44:04,593 [INFO] ProjectBuilder:4876 - Project Generator version: 4.5.0-RC5
2024-12-25 22:44:04,730 [INFO] ConfigFileManager:1579 - The Die is : DIE413
2024-12-25 22:44:04,747 [INFO] ApiDbMcu:508 - Load IP Config File for FATFS
2024-12-25 22:44:04,764 [INFO] ApiDbMcu:508 - Load IP Config File for LIBJPEG
2024-12-25 22:44:04,785 [INFO] ApiDbMcu:508 - Load IP Config File for LWIP
2024-12-25 22:44:04,808 [INFO] ApiDbMcu:508 - Load IP Config File for MBEDTLS
2024-12-25 22:44:04,836 [INFO] ApiDbMcu:508 - Load IP Config File for USB_DEVICE
2024-12-25 22:44:04,854 [INFO] ApiDbMcu:508 - Load IP Config File for USB_HOST
