2025-01-12 22:15:36,532 [ERROR] LogOutputStream:75 - [STDERR_REDIRECT] 
2025-01-12 22:18:25,587 [INFO] Activator:176 - 


2025-01-12 22:18:25,590 [INFO] Activator:177 - !SESSION log4j initialized
2025-01-12 22:18:34,098 [INFO] LogOutputStream:77 - [STDOUT_REDIRECT] 
2025-01-12 22:18:37,847 [INFO] ApplicationProperties:184 - Using Application install path: D:\STM32CubeIDE_1.17.0\STM32CubeIDE\plugins\com.st.stm32cube.common.mx_6.13.0.202411220809
2025-01-12 22:18:37,880 [INFO] DbMcusXml:78 - Set database path to: D:\STM32CubeIDE_1.17.0\STM32CubeIDE\plugins\com.st.stm32cube.common.mx_6.13.0.202411220809\\db\/mcu/
2025-01-12 22:18:37,880 [INFO] ApiDb:274 - Set plugin database path to: D:\STM32CubeIDE_1.17.0\STM32CubeIDE\plugins\com.st.stm32cube.common.mx_6.13.0.202411220809\\db\/plugins/boardmanager/
2025-01-12 22:18:37,881 [WARN] ApiDb:259 - Overriding images path with different value:  => D:\STM32CubeIDE_1.17.0\STM32CubeIDE\plugins\com.st.stm32cube.common.mx_6.13.0.202411220809\\db\/plugins/mcufinder/images/
2025-01-12 22:18:37,908 [INFO] ApiDb:250 - Set database path to: C:\Users\user\.stmcufinder\plugins\mcufinder//mcu/
2025-01-12 22:18:37,910 [INFO] DbMcusAds:125 - Set database path to: C:\Users\user\.stmcufinder\plugins\mcufinder//mcu/
2025-01-12 22:18:37,916 [INFO] CrossReferenceDbSqlite:203 - Set database path to: C:\Users\user\.stmcufinder\plugins\mcufinder//mcu/cs/
2025-01-12 22:18:38,210 [INFO] RulesReader:64 - Compatibility file has been processed (297 Rules)
2025-01-12 22:18:38,380 [INFO] DbMcusXml:78 - Set database path to: D:\STM32CubeIDE_1.17.0\STM32CubeIDE\plugins\com.st.stm32cube.common.mx_6.13.0.202411220809\\db\/mcu/
2025-01-12 22:18:38,381 [INFO] ApiDb:274 - Set plugin database path to: D:\STM32CubeIDE_1.17.0\STM32CubeIDE\plugins\com.st.stm32cube.common.mx_6.13.0.202411220809\\db\/plugins/boardmanager/
2025-01-12 22:18:38,382 [INFO] ApiDb:261 - Set plugin images path to: D:\STM32CubeIDE_1.17.0\STM32CubeIDE\plugins\com.st.stm32cube.common.mx_6.13.0.202411220809\\db\/plugins/mcufinder/images/
2025-01-12 22:18:38,382 [WARN] DbFile:41 - Overriding database path with different value: C:\Users\user\.stmcufinder\plugins\mcufinder/ => C:\Users\user\.stmcufinder\plugins\mcufinder
2025-01-12 22:18:38,383 [INFO] ApiDb:250 - Set database path to: C:\Users\user\.stmcufinder\plugins\mcufinder//mcu/
2025-01-12 22:18:38,383 [WARN] DbFile:41 - Overriding database path with different value: C:\Users\user\.stmcufinder\plugins\mcufinder/ => C:\Users\user\.stmcufinder\plugins\mcufinder
2025-01-12 22:18:38,383 [INFO] DbMcusAds:125 - Set database path to: C:\Users\user\.stmcufinder\plugins\mcufinder//mcu/
2025-01-12 22:18:38,384 [WARN] DbFile:41 - Overriding database path with different value: C:\Users\user\.stmcufinder\plugins\mcufinder/ => C:\Users\user\.stmcufinder\plugins\mcufinder
2025-01-12 22:18:38,384 [WARN] DbFile:41 - Overriding database path with different value: C:\Users\user\.stmcufinder\plugins\mcufinder/ => C:\Users\user\.stmcufinder\plugins\mcufinder
2025-01-12 22:18:38,384 [INFO] CrossReferenceDbSqlite:203 - Set database path to: C:\Users\user\.stmcufinder\plugins\mcufinder//mcu/cs/
2025-01-12 22:18:38,528 [INFO] MainPanel:272 - HeapMemory: 268435456
2025-01-12 22:18:38,663 [INFO] DbMcusXml:78 - Set database path to: D:\STM32CubeIDE_1.17.0\STM32CubeIDE\plugins\com.st.stm32cube.common.mx_6.13.0.202411220809\\db\/mcu/
2025-01-12 22:18:38,663 [INFO] ApiDb:274 - Set plugin database path to: D:\STM32CubeIDE_1.17.0\STM32CubeIDE\plugins\com.st.stm32cube.common.mx_6.13.0.202411220809\\db\/plugins/boardmanager/
2025-01-12 22:18:38,663 [INFO] ApiDb:261 - Set plugin images path to: D:\STM32CubeIDE_1.17.0\STM32CubeIDE\plugins\com.st.stm32cube.common.mx_6.13.0.202411220809\\db\/plugins/mcufinder/images/
2025-01-12 22:18:38,664 [WARN] DbFile:41 - Overriding database path with different value: C:\Users\user\.stmcufinder\plugins\mcufinder/ => C:\Users\user\.stmcufinder\plugins\mcufinder
2025-01-12 22:18:38,664 [INFO] ApiDb:250 - Set database path to: C:\Users\user\.stmcufinder\plugins\mcufinder//mcu/
2025-01-12 22:18:38,664 [WARN] DbFile:41 - Overriding database path with different value: C:\Users\user\.stmcufinder\plugins\mcufinder/ => C:\Users\user\.stmcufinder\plugins\mcufinder
2025-01-12 22:18:38,664 [INFO] DbMcusAds:125 - Set database path to: C:\Users\user\.stmcufinder\plugins\mcufinder//mcu/
2025-01-12 22:18:38,664 [WARN] DbFile:41 - Overriding database path with different value: C:\Users\user\.stmcufinder\plugins\mcufinder/ => C:\Users\user\.stmcufinder\plugins\mcufinder
2025-01-12 22:18:38,664 [WARN] DbFile:41 - Overriding database path with different value: C:\Users\user\.stmcufinder\plugins\mcufinder/ => C:\Users\user\.stmcufinder\plugins\mcufinder
2025-01-12 22:18:38,665 [INFO] CrossReferenceDbSqlite:203 - Set database path to: C:\Users\user\.stmcufinder\plugins\mcufinder//mcu/cs/
2025-01-12 22:18:38,688 [INFO] ApplicationProperties:184 - Using Application install path: D:\STM32CubeIDE_1.17.0\STM32CubeIDE\plugins\com.st.stm32cube.common.mx_6.13.0.202411220809
2025-01-12 22:18:38,689 [INFO] PluginManage:196 - Search for loadable plugins [exclusion list=, ]
2025-01-12 22:18:38,691 [INFO] PluginManage:310 - Check plugin analytics
2025-01-12 22:18:38,940 [INFO] AnalyticsPlugin:253 - Accepted Software Licenses: STM32CubeMX.6.13.0
2025-01-12 22:18:38,940 [INFO] AnalyticsPlugin:255 - Accepted CMSIS Pack Licenses: wolfSSL.I-CUBE-wolfSSH.1.4.17,wolfSSL.I-CUBE-wolfSSL.5.7.4,EmbeddedOffice.I-CUBE-FS-RTOS.1.0.1
2025-01-12 22:18:38,941 [INFO] AnalyticsPlugin:257 - Accepted Firmware Licenses: FW.F4.1.28.0
2025-01-12 22:18:38,944 [INFO] PluginManage:359 - Loaded plugin analytics (category:tool,tabindex:-1)
2025-01-12 22:18:38,945 [INFO] PluginManage:310 - Check plugin cadmodel
2025-01-12 22:18:38,969 [INFO] CADModel:105 - Init CAD model plugin
2025-01-12 22:18:38,969 [INFO] PluginManage:359 - Loaded plugin cadmodel (category:power,tabindex:5)
2025-01-12 22:18:38,970 [INFO] PluginManage:310 - Check plugin clock
2025-01-12 22:18:38,998 [INFO] PluginManage:359 - Loaded plugin clock (category:base,tabindex:2)
2025-01-12 22:18:38,998 [INFO] PluginManage:310 - Check plugin ddr
2025-01-12 22:18:39,001 [INFO] PluginManage:359 - Loaded plugin ddr (category:tool,tabindex:6)
2025-01-12 22:18:39,001 [INFO] PluginManage:310 - Check plugin filemanager
2025-01-12 22:18:39,232 [INFO] PluginManage:359 - Loaded plugin filemanager (category:base,tabindex:10)
2025-01-12 22:18:39,232 [INFO] PluginManage:310 - Check plugin ipmanager
2025-01-12 22:18:39,243 [INFO] PluginManage:359 - Loaded plugin ipmanager (category:base,tabindex:5)
2025-01-12 22:18:39,244 [INFO] PluginManage:310 - Check plugin lpbam
2025-01-12 22:18:39,271 [INFO] PluginManage:359 - Loaded plugin lpbam (category:base,tabindex:0)
2025-01-12 22:18:39,272 [INFO] PluginManage:310 - Check plugin memorymap
2025-01-12 22:18:39,305 [INFO] PluginManage:359 - Loaded plugin memorymap (category:base,tabindex:4)
2025-01-12 22:18:39,305 [INFO] PluginManage:310 - Check plugin pinoutandconfiguration
2025-01-12 22:18:39,334 [INFO] PluginManage:359 - Loaded plugin pinoutandconfiguration (category:base,tabindex:1)
2025-01-12 22:18:39,334 [INFO] PluginManage:310 - Check plugin pinoutconfig
2025-01-12 22:18:39,474 [WARN] SupportedApi:132 - Cannot load RTOS API schema: s4s-elt-must-match.1: The content of 'definitions' must match (annotation?, (simpleType | complexType)?, (unique | key | keyref)*)). A problem was found starting at: attribute.
2025-01-12 22:18:39,651 [INFO] PluginManage:359 - Loaded plugin pinoutconfig (category:base,tabindex:0)
2025-01-12 22:18:39,651 [INFO] PluginManage:310 - Check plugin power
2025-01-12 22:18:39,683 [INFO] PluginManage:359 - Loaded plugin power (category:power,tabindex:4)
2025-01-12 22:18:39,683 [INFO] PluginManage:310 - Check plugin projectmanager
2025-01-12 22:18:39,704 [INFO] PluginManage:359 - Loaded plugin projectmanager (category:projectmanager,tabindex:4)
2025-01-12 22:18:39,704 [INFO] PluginManage:310 - Check plugin rif
2025-01-12 22:18:39,734 [INFO] PluginManage:359 - Loaded plugin rif (category:base,tabindex:3)
2025-01-12 22:18:39,734 [INFO] PluginManage:310 - Check plugin thirdparty
2025-01-12 22:18:40,094 [WARN] IntegrityCheckThread:84 - waiting for thirdparty lock release [integrity check]
2025-01-12 22:18:40,094 [INFO] PluginManage:359 - Loaded plugin thirdparty (category:base,tabindex:-1)
2025-01-12 22:18:40,094 [INFO] IntegrityCheckThread:86 - entering critical section [integrity check]
2025-01-12 22:18:40,094 [INFO] PluginManage:310 - Check plugin tools
2025-01-12 22:18:40,095 [INFO] ThirdPartyUpdaterWithRetryManager:70 - Updater plugin not ready yet. [1/15]
2025-01-12 22:18:40,146 [INFO] PluginManage:359 - Loaded plugin tools (category:base,tabindex:7)
2025-01-12 22:18:40,147 [INFO] PluginManage:310 - Check plugin tutovideos
2025-01-12 22:18:40,386 [INFO] PluginManage:359 - Loaded plugin tutovideos (category:base,tabindex:-1)
2025-01-12 22:18:40,386 [INFO] PluginManage:310 - Check plugin updater
2025-01-12 22:18:40,414 [INFO] PluginManage:359 - Loaded plugin updater (category:base,tabindex:12)
2025-01-12 22:18:40,414 [INFO] PluginManage:310 - Check plugin userauth
2025-01-12 22:18:40,419 [INFO] UserAuth:118 - Init User Auth plugin
2025-01-12 22:18:40,419 [INFO] PluginManage:359 - Loaded plugin userauth (category:base,tabindex:14)
2025-01-12 22:18:40,420 [INFO] PluginManage:283 - PluginManage : Loaded plugins [18]
2025-01-12 22:18:40,692 [INFO] PinOutPanel:1589 - setPackage(No Configuration,No Configuration)
2025-01-12 22:18:40,802 [INFO] CADModel:165 - CPN selected for project level
2025-01-12 22:18:40,802 [INFO] CADModel:114 - Register for checkConnection events
2025-01-12 22:18:40,837 [INFO] IPUIPlugin:80 - create IPUIPlugin
2025-01-12 22:18:40,837 [INFO] PluginManager:220 - loadIPPluginJar : add adc
2025-01-12 22:18:40,893 [INFO] IPUIPlugin:80 - create IPUIPlugin
2025-01-12 22:18:40,893 [INFO] PluginManager:220 - loadIPPluginJar : add aes
2025-01-12 22:18:40,959 [INFO] IPUIPlugin:80 - create IPUIPlugin
2025-01-12 22:18:40,960 [INFO] PluginManager:220 - loadIPPluginJar : add can
2025-01-12 22:18:40,997 [INFO] IPUIPlugin:80 - create IPUIPlugin
2025-01-12 22:18:40,997 [INFO] PluginManager:220 - loadIPPluginJar : add comp
2025-01-12 22:18:41,048 [INFO] IPUIPlugin:80 - create IPUIPlugin
2025-01-12 22:18:41,049 [INFO] PluginManager:220 - loadIPPluginJar : add cryp
2025-01-12 22:18:41,066 [INFO] IPUIPlugin:80 - create IPUIPlugin
2025-01-12 22:18:41,066 [INFO] PluginManager:220 - loadIPPluginJar : add ddr_ctrl_phy
2025-01-12 22:18:41,106 [INFO] IPUIPlugin:80 - create IPUIPlugin
2025-01-12 22:18:41,107 [INFO] PluginManager:220 - loadIPPluginJar : add dfsdm
2025-01-12 22:18:41,126 [INFO] IPUIPlugin:80 - create IPUIPlugin
2025-01-12 22:18:41,126 [INFO] PluginManager:220 - loadIPPluginJar : add dma
2025-01-12 22:18:41,183 [INFO] IPUIPlugin:80 - create IPUIPlugin
2025-01-12 22:18:41,183 [INFO] PluginManager:220 - loadIPPluginJar : add dma3
2025-01-12 22:18:41,245 [INFO] IPUIPlugin:80 - create IPUIPlugin
2025-01-12 22:18:41,245 [INFO] PluginManager:220 - loadIPPluginJar : add extmemmanager
2025-01-12 22:18:41,272 [INFO] IPUIPlugin:80 - create IPUIPlugin
2025-01-12 22:18:41,272 [INFO] PluginManager:220 - loadIPPluginJar : add fatfs
2025-01-12 22:18:41,334 [INFO] IPUIPlugin:80 - create IPUIPlugin
2025-01-12 22:18:41,334 [INFO] PluginManager:220 - loadIPPluginJar : add fmc
2025-01-12 22:18:41,354 [INFO] IPUIPlugin:80 - create IPUIPlugin
2025-01-12 22:18:41,354 [INFO] PluginManager:220 - loadIPPluginJar : add freertos
2025-01-12 22:18:41,383 [INFO] IPUIPlugin:80 - create IPUIPlugin
2025-01-12 22:18:41,383 [INFO] PluginManager:220 - loadIPPluginJar : add genericplugin
2025-01-12 22:18:41,513 [INFO] IPUIPlugin:80 - create IPUIPlugin
2025-01-12 22:18:41,513 [INFO] PluginManager:220 - loadIPPluginJar : add gfxmmu
2025-01-12 22:18:41,694 [INFO] IPUIPlugin:80 - create IPUIPlugin
2025-01-12 22:18:41,694 [INFO] PluginManager:220 - loadIPPluginJar : add gic
2025-01-12 22:18:41,710 [INFO] IPUIPlugin:80 - create IPUIPlugin
2025-01-12 22:18:41,710 [INFO] PluginManager:220 - loadIPPluginJar : add gpio
2025-01-12 22:18:41,834 [INFO] IPUIPlugin:80 - create IPUIPlugin
2025-01-12 22:18:41,834 [INFO] PluginManager:220 - loadIPPluginJar : add gtzc
2025-01-12 22:18:41,881 [INFO] IPUIPlugin:80 - create IPUIPlugin
2025-01-12 22:18:41,881 [INFO] PluginManager:220 - loadIPPluginJar : add hash
2025-01-12 22:18:41,954 [INFO] IPUIPlugin:80 - create IPUIPlugin
2025-01-12 22:18:41,954 [INFO] PluginManager:220 - loadIPPluginJar : add i2c
2025-01-12 22:18:42,007 [INFO] IPUIPlugin:80 - create IPUIPlugin
2025-01-12 22:18:42,007 [INFO] PluginManager:220 - loadIPPluginJar : add i2s
2025-01-12 22:18:42,065 [INFO] IPUIPlugin:80 - create IPUIPlugin
2025-01-12 22:18:42,065 [INFO] PluginManager:220 - loadIPPluginJar : add i3c
2025-01-12 22:18:42,201 [INFO] IPUIPlugin:80 - create IPUIPlugin
2025-01-12 22:18:42,202 [INFO] PluginManager:220 - loadIPPluginJar : add ipddr
2025-01-12 22:18:42,330 [INFO] IPUIPlugin:80 - create IPUIPlugin
2025-01-12 22:18:42,330 [INFO] PluginManager:220 - loadIPPluginJar : add linkedlist
2025-01-12 22:18:42,380 [INFO] IPUIPlugin:80 - create IPUIPlugin
2025-01-12 22:18:42,380 [INFO] PluginManager:220 - loadIPPluginJar : add lorawan
2025-01-12 22:18:42,431 [INFO] IPUIPlugin:80 - create IPUIPlugin
2025-01-12 22:18:42,431 [INFO] PluginManager:220 - loadIPPluginJar : add ltdc
2025-01-12 22:18:42,448 [INFO] IPUIPlugin:80 - create IPUIPlugin
2025-01-12 22:18:42,449 [INFO] PluginManager:220 - loadIPPluginJar : add mdma
2025-01-12 22:18:42,466 [INFO] IPUIPlugin:80 - create IPUIPlugin
2025-01-12 22:18:42,466 [INFO] PluginManager:220 - loadIPPluginJar : add nvic
2025-01-12 22:18:42,523 [INFO] IPUIPlugin:80 - create IPUIPlugin
2025-01-12 22:18:42,523 [INFO] PluginManager:220 - loadIPPluginJar : add opamp
2025-01-12 22:18:42,610 [INFO] IPUIPlugin:80 - create IPUIPlugin
2025-01-12 22:18:42,610 [INFO] PluginManager:220 - loadIPPluginJar : add openamp
2025-01-12 22:18:42,673 [INFO] IPUIPlugin:80 - create IPUIPlugin
2025-01-12 22:18:42,673 [INFO] PluginManager:220 - loadIPPluginJar : add pdm2pcm
2025-01-12 22:18:42,692 [INFO] IPUIPlugin:80 - create IPUIPlugin
2025-01-12 22:18:42,695 [INFO] PluginManager:220 - loadIPPluginJar : add plateformsettings
2025-01-12 22:18:42,728 [INFO] IPUIPlugin:80 - create IPUIPlugin
2025-01-12 22:18:42,729 [INFO] PluginManager:220 - loadIPPluginJar : add quadspi
2025-01-12 22:18:42,769 [INFO] IPUIPlugin:80 - create IPUIPlugin
2025-01-12 22:18:42,769 [INFO] PluginManager:220 - loadIPPluginJar : add radio
2025-01-12 22:18:42,788 [INFO] IPUIPlugin:80 - create IPUIPlugin
2025-01-12 22:18:42,788 [INFO] PluginManager:220 - loadIPPluginJar : add resmgrutility
2025-01-12 22:18:42,860 [INFO] IPUIPlugin:80 - create IPUIPlugin
2025-01-12 22:18:42,861 [INFO] PluginManager:220 - loadIPPluginJar : add sai
2025-01-12 22:18:42,914 [INFO] IPUIPlugin:80 - create IPUIPlugin
2025-01-12 22:18:42,914 [INFO] PluginManager:220 - loadIPPluginJar : add spi
2025-01-12 22:18:43,010 [INFO] IPUIPlugin:80 - create IPUIPlugin
2025-01-12 22:18:43,010 [INFO] PluginManager:220 - loadIPPluginJar : add stm32_wpan
2025-01-12 22:18:43,041 [INFO] IPUIPlugin:80 - create IPUIPlugin
2025-01-12 22:18:43,041 [INFO] PluginManager:220 - loadIPPluginJar : add tim
2025-01-12 22:18:43,097 [INFO] ThirdPartyUpdaterWithRetryManager:70 - Updater plugin not ready yet. [2/15]
2025-01-12 22:18:43,123 [INFO] IPUIPlugin:80 - create IPUIPlugin
2025-01-12 22:18:43,124 [INFO] PluginManager:220 - loadIPPluginJar : add touchsensing
2025-01-12 22:18:43,154 [INFO] IPUIPlugin:80 - create IPUIPlugin
2025-01-12 22:18:43,154 [INFO] PluginManager:220 - loadIPPluginJar : add tracer_emb
2025-01-12 22:18:43,185 [INFO] IPUIPlugin:80 - create IPUIPlugin
2025-01-12 22:18:43,186 [INFO] PluginManager:220 - loadIPPluginJar : add ts
2025-01-12 22:18:43,216 [INFO] IPUIPlugin:80 - create IPUIPlugin
2025-01-12 22:18:43,217 [INFO] PluginManager:220 - loadIPPluginJar : add tsc
2025-01-12 22:18:43,248 [INFO] IPUIPlugin:80 - create IPUIPlugin
2025-01-12 22:18:43,248 [INFO] PluginManager:220 - loadIPPluginJar : add ucpd
2025-01-12 22:18:43,313 [INFO] IPUIPlugin:80 - create IPUIPlugin
2025-01-12 22:18:43,314 [INFO] PluginManager:220 - loadIPPluginJar : add usart
2025-01-12 22:18:43,379 [INFO] IPUIPlugin:80 - create IPUIPlugin
2025-01-12 22:18:43,380 [INFO] PluginManager:220 - loadIPPluginJar : add usbx
2025-01-12 22:18:43,523 [FATAL] Updater:351 - Updater called before beeing initialized
2025-01-12 22:18:43,567 [INFO] RulesReader:64 - Compatibility file has been processed (297 Rules)
2025-01-12 22:18:43,584 [INFO] RulesReader:64 - Compatibility file has been processed (297 Rules)
2025-01-12 22:18:43,596 [INFO] CADModel:165 - CPN selected for project level
2025-01-12 22:18:43,597 [INFO] CADModel:114 - Register for checkConnection events
2025-01-12 22:18:43,597 [FATAL] Updater:351 - Updater called before beeing initialized
2025-01-12 22:18:43,597 [ERROR] CADModel:125 - Updater not yet initialized, retry later 
2025-01-12 22:18:43,803 [FATAL] Updater:351 - Updater called before beeing initialized
2025-01-12 22:18:43,806 [INFO] CADModel:165 - CPN selected for project level
2025-01-12 22:18:43,806 [INFO] CADModel:114 - Register for checkConnection events
2025-01-12 22:18:43,806 [FATAL] Updater:351 - Updater called before beeing initialized
2025-01-12 22:18:43,807 [ERROR] CADModel:125 - Updater not yet initialized, retry later 
2025-01-12 22:18:43,813 [FATAL] Updater:351 - Updater called before beeing initialized
2025-01-12 22:18:43,998 [FATAL] Updater:351 - Updater called before beeing initialized
2025-01-12 22:18:44,012 [INFO] DbMcusAds:53 - JSON generation date=Wed Dec 18 00:01:15 IRKT 2024 (1734451275196)
2025-01-12 22:18:44,012 [FATAL] Updater:351 - Updater called before beeing initialized
2025-01-12 22:18:44,120 [WARN] DetailPanel:346 - Failed to get advertising image, set to default
2025-01-12 22:18:44,410 [FATAL] Updater:351 - Updater called before beeing initialized
2025-01-12 22:18:44,413 [FATAL] Updater:351 - Updater called before beeing initialized
2025-01-12 22:18:44,413 [FATAL] Updater:351 - Updater called before beeing initialized
2025-01-12 22:18:44,413 [WARN] DetailPanel:346 - Failed to get advertising image, set to default
2025-01-12 22:18:44,414 [FATAL] Updater:351 - Updater called before beeing initialized
2025-01-12 22:18:44,487 [ERROR] Updater:1198 - MainUpdater not yet initialized. External WinMGr cannot be set.
2025-01-12 22:18:44,500 [INFO] Updater:1134 - Updater Version found : 6.13.0
2025-01-12 22:18:44,516 [INFO] ApplicationProperties:184 - Using Application install path: D:\STM32CubeIDE_1.17.0\STM32CubeIDE\plugins\com.st.stm32cube.common.mx_6.13.0.202411220809
2025-01-12 22:18:46,099 [INFO] ThirdPartyUpdaterWithRetryManager:70 - Updater plugin not ready yet. [3/15]
2025-01-12 22:18:46,111 [ERROR] LogOutputStream:75 - [STDERR_REDIRECT] Jan 12, 2025 10:18:46 PM java.util.prefs.WindowsPreferences <init>
2025-01-12 22:18:46,116 [ERROR] LogOutputStream:75 - [STDERR_REDIRECT] WARNING: Could not open/create prefs root node Software\JavaSoft\Prefs at root 0xffffffff80000002. Windows RegCreateKeyEx(...) returned error code 5.
2025-01-12 22:18:46,117 [ERROR] LogOutputStream:75 - [STDERR_REDIRECT] 
2025-01-12 22:18:46,847 [ERROR] CheckConnectionManager:249 - Problem, Http access forbiden
2025-01-12 22:18:46,857 [INFO] MainUpdater:2872 - connection check result : 22
2025-01-12 22:18:46,858 [INFO] MainUpdater:289 - Updater Check For Update Now.
2025-01-12 22:18:46,859 [INFO] MicroXplorer:498 - Change Database Version : DB.6.0.130
2025-01-12 22:18:46,885 [INFO] McuFinderGlobals:63 - Set McuFinder mode to 2 (CubeIDE integrated)
2025-01-12 22:18:46,900 [INFO] UserAuth:486 - Internet connection configuration mode: 2
2025-01-12 22:18:46,904 [INFO] UserAuth:486 - Internet connection configuration mode: 2
2025-01-12 22:18:47,245 [INFO] CheckServerUpdateThread:120 - End of CheckServer Thread
2025-01-12 22:18:49,373 [WARN] PackLoader:240 - Cannot read IP mode file for STMicroelectronics.FP-SNS-MOTENVWB1.1.4.0
2025-01-12 22:18:49,394 [WARN] PackLoader:240 - Cannot read IP mode file for STMicroelectronics.FP-ATR-ASTRA1.2.0.1
2025-01-12 22:18:49,417 [WARN] PackLoader:240 - Cannot read IP mode file for STMicroelectronics.X-CUBE-SMBUS.2.1.0
2025-01-12 22:18:49,447 [WARN] PackLoader:240 - Cannot read IP mode file for STMicroelectronics.X-CUBE-WB05N.1.1.0
2025-01-12 22:18:49,512 [WARN] PackLoader:240 - Cannot read IP mode file for STMicroelectronics.X-CUBE-AZRTOS-F7.1.1.0
2025-01-12 22:18:49,623 [WARN] PackLoader:240 - Cannot read IP mode file for STMicroelectronics.X-CUBE-MEMS1.11.0.0
2025-01-12 22:18:49,883 [WARN] PackLoader:240 - Cannot read IP mode file for STMicroelectronics.FP-SNS-FLIGHT1.5.0.2
2025-01-12 22:18:49,954 [WARN] PackLoader:240 - Cannot read IP mode file for Infineon.AIROC-Wi-Fi-Bluetooth-STM32.1.7.0
2025-01-12 22:18:50,006 [WARN] PackLoader:240 - Cannot read IP mode file for STMicroelectronics.X-CUBE-DISPLAY.3.0.0
2025-01-12 22:18:50,046 [WARN] PackLoader:240 - Cannot read IP mode file for STMicroelectronics.X-CUBE-BLE1.7.0.0
2025-01-12 22:18:50,070 [WARN] PackLoader:240 - Cannot read IP mode file for STMicroelectronics.X-CUBE-NFC10.1.0.0
2025-01-12 22:18:50,102 [WARN] PackLoader:240 - Cannot read IP mode file for STMicroelectronics.X-CUBE-BLEMGR.4.0.0
2025-01-12 22:18:50,134 [WARN] PackLoader:240 - Cannot read IP mode file for emotas.I-CUBE-CANOPEN.1.3.0
2025-01-12 22:18:50,156 [WARN] PackLoader:240 - Cannot read IP mode file for STMicroelectronics.FP-SNS-SMARTAG2.1.2.0
2025-01-12 22:18:50,289 [WARN] PackLoader:240 - Cannot read IP mode file for STMicroelectronics.X-CUBE-MEMS1.11.1.0
2025-01-12 22:18:50,447 [INFO] LogOutputStream:77 - [STDOUT_REDIRECT] 1 : Invalid condition id : UX_CORESTACK_Condition cause : null
2025-01-12 22:18:50,448 [INFO] LogOutputStream:77 - [STDOUT_REDIRECT] 1 : Invalid condition id : UX_CORESTACK_Condition cause : null
2025-01-12 22:18:50,450 [INFO] LogOutputStream:77 - [STDOUT_REDIRECT] 1 : Invalid condition id : UX_CORESTACK_Condition cause : null
2025-01-12 22:18:50,452 [INFO] LogOutputStream:77 - [STDOUT_REDIRECT] 1 : Invalid condition id : UX_CORESTACK_Condition cause : null
2025-01-12 22:18:50,454 [INFO] LogOutputStream:77 - [STDOUT_REDIRECT] 1 : Invalid condition id : UX_CORESTACK_Condition cause : null
2025-01-12 22:18:50,457 [WARN] PackLoader:240 - Cannot read IP mode file for STMicroelectronics.X-CUBE-AZRTOS-WL.2.0.0
2025-01-12 22:18:50,480 [WARN] PackLoader:240 - Cannot read IP mode file for STMicroelectronics.FP-SNS-MOTENV1.5.0.0
2025-01-12 22:18:50,502 [WARN] PackLoader:240 - Cannot read IP mode file for wolfSSL.I-CUBE-wolfMQTT.1.19.0
2025-01-12 22:18:50,525 [WARN] PackLoader:240 - Cannot read IP mode file for WES.I-CUBE-Cesium.1.3.0
2025-01-12 22:18:50,548 [WARN] PackLoader:240 - Cannot read IP mode file for STMicroelectronics.X-CUBE-BLE2.3.3.0
2025-01-12 22:18:50,577 [WARN] PackLoader:240 - Cannot read IP mode file for STMicroelectronics.X-CUBE-NFC9.1.0.0
2025-01-12 22:18:50,602 [WARN] PackLoader:240 - Cannot read IP mode file for STMicroelectronics.X-CUBE-TCPP.4.1.0
2025-01-12 22:18:50,659 [WARN] PackLoader:240 - Cannot read IP mode file for STMicroelectronics.X-CUBE-AZRTOS-G0.1.1.0
2025-01-12 22:18:50,690 [WARN] PackLoader:240 - Cannot read IP mode file for STMicroelectronics.X-CUBE-SAFEA1.1.2.2
2025-01-12 22:18:50,713 [WARN] PackLoader:240 - Cannot read IP mode file for STMicroelectronics.X-CUBE-NFC4.3.0.0
2025-01-12 22:18:50,743 [WARN] PackLoader:240 - Cannot read IP mode file for EmbeddedOffice.I-CUBE-FS-RTOS.1.0.1
2025-01-12 22:18:50,904 [WARN] PackLoader:240 - Cannot read IP mode file for STMicroelectronics.X-CUBE-TCPP.4.2.0
2025-01-12 22:18:50,926 [WARN] PackLoader:240 - Cannot read IP mode file for RealThread.X-CUBE-RT-Thread_Nano.4.1.1
2025-01-12 22:18:50,945 [WARN] PackLoader:240 - Cannot read IP mode file for STMicroelectronics.FP-ATR-SIGFOX1.3.2.0
2025-01-12 22:18:50,968 [WARN] ConditionMgr:438 - getConditionDescription Invalid condition id : Cortex-A Device cause : null
2025-01-12 22:18:51,000 [WARN] ConditionMgr:1044 - genDependencies : Invalid condition id : Cortex-A Device cause : null
2025-01-12 22:18:51,000 [WARN] ConditionMgr:1044 - genDependencies : Invalid condition id : Cortex-A Device cause : null
2025-01-12 22:18:51,000 [WARN] ConditionMgr:1044 - genDependencies : Invalid condition id : Cortex-A Device cause : null
2025-01-12 22:18:51,026 [WARN] PackLoader:240 - Cannot read IP mode file for STMicroelectronics.X-CUBE-EEPRMA1.5.1.0
2025-01-12 22:18:51,050 [WARN] PackLoader:240 - Cannot read IP mode file for wolfSSL.I-CUBE-wolfSSL.5.7.4
2025-01-12 22:18:51,173 [WARN] PackLoader:240 - Cannot read IP mode file for ITTIA_DB.I-CUBE-ITTIADB.8.9.0
2025-01-12 22:18:51,239 [WARN] PackLoader:240 - Cannot read IP mode file for SEGGER.I-CUBE-embOS.1.3.1
2025-01-12 22:18:51,287 [WARN] PackLoader:240 - Cannot read IP mode file for STMicroelectronics.X-CUBE-ALGOBUILD.1.4.0
2025-01-12 22:18:51,310 [WARN] PackLoader:240 - Cannot read IP mode file for STMicroelectronics.X-CUBE-AI.9.1.0
2025-01-12 22:18:51,349 [WARN] PackLoader:240 - Cannot read IP mode file for STMicroelectronics.X-CUBE-AZRTOS-F4.1.1.0
2025-01-12 22:18:51,376 [WARN] PackLoader:240 - Cannot read IP mode file for STMicroelectronics.X-CUBE-ISPU.2.1.0
2025-01-12 22:18:51,396 [WARN] PackLoader:240 - Cannot read IP mode file for STMicroelectronics.X-CUBE-FREERTOS.1.2.0
2025-01-12 22:18:51,441 [WARN] PackLoader:240 - Cannot read IP mode file for STMicroelectronics.X-CUBE-AZRTOS-L5.2.0.0
2025-01-12 22:18:51,469 [WARN] PackLoader:240 - Cannot read IP mode file for STMicroelectronics.X-CUBE-NFC6.3.1.0
2025-01-12 22:18:51,492 [WARN] PackLoader:240 - Cannot read IP mode file for STMicroelectronics.X-CUBE-DPower.1.2.0
2025-01-12 22:18:51,516 [WARN] PackLoader:240 - Cannot read IP mode file for STMicroelectronics.X-CUBE-FREERTOS.1.3.0
2025-01-12 22:18:51,543 [WARN] PackLoader:240 - Cannot read IP mode file for STMicroelectronics.X-CUBE-NFC7.1.0.1
2025-01-12 22:18:51,593 [WARN] ConditionMgr:438 - getConditionDescription Invalid condition id : LAN8742 Phy interface Condition cause : null
2025-01-12 22:18:51,593 [WARN] PackLoader:240 - Cannot read IP mode file for STMicroelectronics.X-CUBE-AZRTOS-L4.2.0.0
2025-01-12 22:18:51,595 [WARN] ConditionMgr:1044 - genDependencies : Invalid condition id : LAN8742 Phy interface Condition cause : null
2025-01-12 22:18:51,595 [WARN] ConditionMgr:1044 - genDependencies : Invalid condition id : LAN8742 Phy interface Condition cause : null
2025-01-12 22:18:51,596 [WARN] ConditionMgr:1044 - genDependencies : Invalid condition id : LAN8742 Phy interface Condition cause : null
2025-01-12 22:18:51,621 [WARN] PackLoader:240 - Cannot read IP mode file for STMicroelectronics.X-CUBE-SFXS2LP1.4.0.0
2025-01-12 22:18:51,671 [WARN] PackLoader:240 - Cannot read IP mode file for STMicroelectronics.X-CUBE-AZRTOS-H7.3.3.0
2025-01-12 22:18:51,705 [WARN] PackLoader:240 - Cannot read IP mode file for STMicroelectronics.X-CUBE-IPS.3.0.0
2025-01-12 22:18:51,744 [WARN] ConditionMgr:438 - getConditionDescription Invalid condition id : UX DEVICE CLASS RTOS Condition cause : null
2025-01-12 22:18:51,744 [WARN] ConditionMgr:438 - getConditionDescription Invalid condition id : UX DEVICE CLASS RTOS Condition cause : null
2025-01-12 22:18:51,747 [WARN] PackLoader:240 - Cannot read IP mode file for STMicroelectronics.X-CUBE-AZRTOS-WB.2.0.0
2025-01-12 22:18:51,748 [WARN] ConditionMgr:1044 - genDependencies : Invalid condition id : UX DEVICE CLASS RTOS Condition cause : null
2025-01-12 22:18:51,748 [WARN] ConditionMgr:1044 - genDependencies : Invalid condition id : UX DEVICE CLASS RTOS Condition cause : null
2025-01-12 22:18:51,748 [WARN] ConditionMgr:1044 - genDependencies : Invalid condition id : UX DEVICE CLASS RTOS Condition cause : null
2025-01-12 22:18:51,748 [WARN] ConditionMgr:1044 - genDependencies : Invalid condition id : UX DEVICE CLASS RTOS Condition cause : null
2025-01-12 22:18:51,749 [WARN] ConditionMgr:1044 - genDependencies : Invalid condition id : UX DEVICE CLASS RTOS Condition cause : null
2025-01-12 22:18:51,773 [WARN] PackLoader:240 - Cannot read IP mode file for STMicroelectronics.X-CUBE-GNSS1.7.0.0
2025-01-12 22:18:51,800 [WARN] PackLoader:240 - Cannot read IP mode file for STMicroelectronics.X-CUBE-GNSS1.7.0.1
2025-01-12 22:18:51,823 [WARN] PackLoader:240 - Cannot read IP mode file for STMicroelectronics.FP-SNS-STBOX1.2.0.0
2025-01-12 22:18:51,857 [WARN] PackLoader:240 - Cannot read IP mode file for STMicroelectronics.X-CUBE-SUBG2.5.0.0
2025-01-12 22:18:51,880 [WARN] PackLoader:240 - Cannot read IP mode file for Cesanta.I-CUBE-Mongoose.7.13.0
2025-01-12 22:18:51,928 [WARN] PackLoader:240 - Cannot read IP mode file for STMicroelectronics.X-CUBE-AZRTOS-G4.2.0.0
2025-01-12 22:18:51,957 [WARN] PackLoader:240 - Cannot read IP mode file for STMicroelectronics.X-CUBE-ALS.1.0.2
2025-01-12 22:18:51,986 [WARN] PackLoader:240 - Cannot read IP mode file for STMicroelectronics.X-CUBE-TOUCHGFX.4.24.1
2025-01-12 22:18:52,011 [WARN] PackLoader:240 - Cannot read IP mode file for wolfSSL.I-CUBE-wolfTPM.3.4.0
2025-01-12 22:18:52,031 [WARN] PackLoader:240 - Cannot read IP mode file for portGmbH.I-Cube-SoM-uGOAL.1.1.0
2025-01-12 22:18:52,074 [WARN] PackLoader:240 - Cannot read IP mode file for STMicroelectronics.X-CUBE-AZRTOS-H7RS.1.0.0
2025-01-12 22:18:52,125 [WARN] PackLoader:240 - Cannot read IP mode file for STMicroelectronics.X-CUBE-TOF1.3.4.2
2025-01-12 22:18:52,160 [WARN] PackLoader:240 - Cannot read IP mode file for wolfSSL.I-CUBE-wolfSSH.1.4.17
2025-01-12 22:18:52,232 [INFO] ThirdParty:978 - Integrity check success = true
2025-01-12 22:18:52,232 [INFO] IntegrityCheckThread:100 - exiting critical section [integrity check]
2025-01-12 22:18:52,233 [INFO] IntegrityCheckThread:103 - End integrity checks thread
2025-01-12 22:21:51,254 [ERROR] LogOutputStream:75 - [STDERR_REDIRECT] 
