2024-12-19 21:46:47,439 [INFO] UtilMem:75 - End SaveConfig() Used Memory: 811303920 Bytes (963641344)
2024-12-19 21:46:49,328 [INFO] UtilMem:75 - End SaveConfig() Used Memory: 411292872 Bytes (963641344)
2024-12-19 21:46:49,524 [INFO] BlockDiagram:2766 - set Specific Code input for plugin: FREERTOS
2024-12-19 21:46:49,524 [INFO] BlockDiagram:2766 - set Specific Code input for plugin: SYS
2024-12-19 21:46:49,524 [INFO] BlockDiagram:2766 - set Specific Code input for plugin: RCC
2024-12-19 21:46:49,524 [INFO] BlockDiagram:2766 - set Specific Code input for plugin: NVIC
2024-12-19 21:46:49,524 [INFO] BlockDiagram:2766 - set Specific Code input for plugin: USART
2024-12-19 21:46:49,524 [INFO] BlockDiagram:2766 - set Specific Code input for plugin: GPIO
2024-12-19 21:46:49,524 [INFO] CodeGenerator:896 - code generatio: config db path: D:\STM32CubeIDE_1.17.0\STM32CubeIDE\plugins\com.st.stm32cube.common.mx_6.13.0.202411220809\\db\
2024-12-19 21:46:49,685 [INFO] CodeEngine:255 - oldGeneratedFile, D:\STM32\RTOS\RTOS\MXTmpFiles\license.tmp_save
2024-12-19 21:46:49,804 [INFO] CodeEngine:279 - Generated code: D:\STM32\RTOS\RTOS\MXTmpFiles\license.tmp
2024-12-19 21:46:49,820 [INFO] CodeEngine:255 - oldGeneratedFile, D:\STM32\RTOS\RTOS\MXTmpFiles\gpio.tmp_save
2024-12-19 21:46:49,939 [INFO] CodeEngine:279 - Generated code: D:\STM32\RTOS\RTOS\MXTmpFiles\gpio.tmp
2024-12-19 21:46:49,992 [INFO] Middleware:1450 - No code input for Bsp Dependency
2024-12-19 21:46:49,998 [INFO] CodeEngine:255 - oldGeneratedFile, D:\STM32\RTOS\RTOS\MXTmpFiles\rtos_inc.tmp_save
2024-12-19 21:46:50,108 [INFO] CodeEngine:279 - Generated code: D:\STM32\RTOS\RTOS\MXTmpFiles\rtos_inc.tmp
2024-12-19 21:46:50,110 [INFO] CodeEngine:255 - oldGeneratedFile, D:\STM32\RTOS\RTOS\MXTmpFiles\rtos_kernelInit.tmp_save
2024-12-19 21:46:50,189 [INFO] CodeEngine:279 - Generated code: D:\STM32\RTOS\RTOS\MXTmpFiles\rtos_kernelInit.tmp
2024-12-19 21:46:50,192 [INFO] CodeEngine:255 - oldGeneratedFile, D:\STM32\RTOS\RTOS\MXTmpFiles\rtos_kernelStart.tmp_save
2024-12-19 21:46:50,264 [INFO] CodeEngine:279 - Generated code: D:\STM32\RTOS\RTOS\MXTmpFiles\rtos_kernelStart.tmp
2024-12-19 21:46:50,267 [INFO] CodeEngine:255 - oldGeneratedFile, D:\STM32\RTOS\RTOS\MXTmpFiles\rtos_typedefs.tmp_save
2024-12-19 21:46:50,345 [INFO] CodeEngine:279 - Generated code: D:\STM32\RTOS\RTOS\MXTmpFiles\rtos_typedefs.tmp
2024-12-19 21:46:50,348 [INFO] CodeEngine:255 - oldGeneratedFile, D:\STM32\RTOS\RTOS\MXTmpFiles\rtos_vars.tmp_save
2024-12-19 21:46:50,436 [INFO] CodeEngine:279 - Generated code: D:\STM32\RTOS\RTOS\MXTmpFiles\rtos_vars.tmp
2024-12-19 21:46:50,440 [INFO] CodeEngine:255 - oldGeneratedFile, D:\STM32\RTOS\RTOS\MXTmpFiles\rtos_pfp.tmp_save
2024-12-19 21:46:50,526 [INFO] CodeEngine:279 - Generated code: D:\STM32\RTOS\RTOS\MXTmpFiles\rtos_pfp.tmp
2024-12-19 21:46:50,530 [INFO] CodeEngine:255 - oldGeneratedFile, D:\STM32\RTOS\RTOS\MXTmpFiles\rtos_obj_creat.tmp_save
2024-12-19 21:46:50,604 [INFO] CodeEngine:279 - Generated code: D:\STM32\RTOS\RTOS\MXTmpFiles\rtos_obj_creat.tmp
2024-12-19 21:46:50,608 [INFO] CodeEngine:255 - oldGeneratedFile, D:\STM32\RTOS\RTOS\MXTmpFiles\rtos_default_thread.tmp_save
2024-12-19 21:46:50,680 [INFO] CodeEngine:279 - Generated code: D:\STM32\RTOS\RTOS\MXTmpFiles\rtos_default_thread.tmp
2024-12-19 21:46:50,684 [INFO] CodeEngine:255 - oldGeneratedFile, D:\STM32\RTOS\RTOS\MXTmpFiles\rtos_threads.tmp_save
2024-12-19 21:46:50,748 [INFO] CodeEngine:279 - Generated code: D:\STM32\RTOS\RTOS\MXTmpFiles\rtos_threads.tmp
2024-12-19 21:46:50,759 [INFO] Middleware:1450 - No code input for Bsp Dependency
2024-12-19 21:46:50,766 [INFO] CodeEngine:255 - oldGeneratedFile, D:\STM32\RTOS\RTOS\MXTmpFiles\rtos_inc.tmp_save
2024-12-19 21:46:50,876 [INFO] CodeEngine:279 - Generated code: D:\STM32\RTOS\RTOS\MXTmpFiles\rtos_inc.tmp
2024-12-19 21:46:50,880 [INFO] CodeEngine:255 - oldGeneratedFile, D:\STM32\RTOS\RTOS\MXTmpFiles\rtos_kernelInit.tmp_save
2024-12-19 21:46:50,946 [INFO] CodeEngine:279 - Generated code: D:\STM32\RTOS\RTOS\MXTmpFiles\rtos_kernelInit.tmp
2024-12-19 21:46:50,950 [INFO] CodeEngine:255 - oldGeneratedFile, D:\STM32\RTOS\RTOS\MXTmpFiles\rtos_kernelStart.tmp_save
2024-12-19 21:46:51,015 [INFO] CodeEngine:279 - Generated code: D:\STM32\RTOS\RTOS\MXTmpFiles\rtos_kernelStart.tmp
2024-12-19 21:46:51,020 [INFO] CodeEngine:255 - oldGeneratedFile, D:\STM32\RTOS\RTOS\MXTmpFiles\rtos_typedefs.tmp_save
2024-12-19 21:46:51,090 [INFO] CodeEngine:279 - Generated code: D:\STM32\RTOS\RTOS\MXTmpFiles\rtos_typedefs.tmp
2024-12-19 21:46:51,106 [INFO] CodeEngine:255 - oldGeneratedFile, D:\STM32\RTOS\RTOS\MXTmpFiles\rtos_vars.tmp_save
2024-12-19 21:46:51,180 [INFO] CodeEngine:279 - Generated code: D:\STM32\RTOS\RTOS\MXTmpFiles\rtos_vars.tmp
2024-12-19 21:46:51,184 [INFO] CodeEngine:255 - oldGeneratedFile, D:\STM32\RTOS\RTOS\MXTmpFiles\rtos_pfp.tmp_save
2024-12-19 21:46:51,241 [INFO] CodeEngine:279 - Generated code: D:\STM32\RTOS\RTOS\MXTmpFiles\rtos_pfp.tmp
2024-12-19 21:46:51,255 [INFO] CodeEngine:255 - oldGeneratedFile, D:\STM32\RTOS\RTOS\MXTmpFiles\rtos_obj_creat.tmp_save
2024-12-19 21:46:51,327 [INFO] CodeEngine:279 - Generated code: D:\STM32\RTOS\RTOS\MXTmpFiles\rtos_obj_creat.tmp
2024-12-19 21:46:51,332 [INFO] CodeEngine:255 - oldGeneratedFile, D:\STM32\RTOS\RTOS\MXTmpFiles\rtos_default_thread.tmp_save
2024-12-19 21:46:51,399 [INFO] CodeEngine:279 - Generated code: D:\STM32\RTOS\RTOS\MXTmpFiles\rtos_default_thread.tmp
2024-12-19 21:46:51,404 [INFO] CodeEngine:255 - oldGeneratedFile, D:\STM32\RTOS\RTOS\MXTmpFiles\rtos_threads.tmp_save
2024-12-19 21:46:51,468 [INFO] CodeEngine:279 - Generated code: D:\STM32\RTOS\RTOS\MXTmpFiles\rtos_threads.tmp
2024-12-19 21:46:51,485 [INFO] CodeEngine:255 - oldGeneratedFile, D:\STM32\RTOS\RTOS\Core\Inc\FreeRTOSConfig.h_save
2024-12-19 21:46:51,616 [INFO] CodeEngine:279 - Generated code: D:\STM32\RTOS\RTOS\Core\Inc\FreeRTOSConfig.h
2024-12-19 21:46:51,645 [INFO] CodeEngine:255 - oldGeneratedFile, D:\STM32\RTOS\RTOS\Core\Src\freertos.c_save
2024-12-19 21:46:51,725 [INFO] CodeEngine:279 - Generated code: D:\STM32\RTOS\RTOS\Core\Src\freertos.c
2024-12-19 21:46:51,751 [INFO] CodeEngine:255 - oldGeneratedFile, D:\STM32\RTOS\RTOS\Core\Src\stm32f4xx_it.c_save
2024-12-19 21:46:51,986 [INFO] CodeEngine:279 - Generated code: D:\STM32\RTOS\RTOS\Core\Src\stm32f4xx_it.c
2024-12-19 21:46:51,990 [INFO] CodeEngine:255 - oldGeneratedFile, D:\STM32\RTOS\RTOS\Core\Inc\stm32f4xx_it.h_save
2024-12-19 21:46:52,051 [INFO] CodeEngine:279 - Generated code: D:\STM32\RTOS\RTOS\Core\Inc\stm32f4xx_it.h
2024-12-19 21:46:52,075 [INFO] CodeEngine:255 - oldGeneratedFile, D:\STM32\RTOS\RTOS\Core\Src\stm32f4xx_hal_msp.c_save
2024-12-19 21:46:52,180 [INFO] CodeEngine:279 - Generated code: D:\STM32\RTOS\RTOS\Core\Src\stm32f4xx_hal_msp.c
2024-12-19 21:46:52,182 [INFO] CodeEngine:255 - oldGeneratedFile, D:\STM32\RTOS\RTOS\MXTmpFiles\system.tmp_save
2024-12-19 21:46:52,253 [INFO] CodeEngine:279 - Generated code: D:\STM32\RTOS\RTOS\MXTmpFiles\system.tmp
2024-12-19 21:46:52,270 [INFO] CodeEngine:255 - oldGeneratedFile, D:\STM32\RTOS\RTOS\Core\Src\stm32f4xx_hal_timebase_tim.c_save
2024-12-19 21:46:52,336 [INFO] CodeEngine:279 - Generated code: D:\STM32\RTOS\RTOS\Core\Src\stm32f4xx_hal_timebase_tim.c
2024-12-19 21:46:52,364 [INFO] CodeEngine:311 - oldGeneratedFile, D:\STM32\RTOS\RTOS\Core\Inc\stm32f4xx_hal_conf.h_save
2024-12-19 21:46:52,481 [INFO] CodeEngine:335 - Generated code: D:\STM32\RTOS\RTOS\Core\Inc\stm32f4xx_hal_conf.h
2024-12-19 21:46:52,557 [INFO] CodeEngine:255 - oldGeneratedFile, D:\STM32\RTOS\RTOS\Core\Inc\main.h_save
2024-12-19 21:46:52,661 [INFO] CodeEngine:279 - Generated code: D:\STM32\RTOS\RTOS\Core\Inc\main.h
2024-12-19 21:46:52,681 [INFO] CodeEngine:255 - oldGeneratedFile, D:\STM32\RTOS\RTOS\Core\Src\main.c_save
2024-12-19 21:46:52,830 [INFO] CodeEngine:279 - Generated code: D:\STM32\RTOS\RTOS\Core\Src\main.c
2024-12-19 21:46:53,357 [INFO] ProjectBuilder:3289 - Time for Copy HAL[1] : 257mS.
2024-12-19 21:46:53,360 [INFO] ProjectBuilder:4876 - Project Generator version: 4.5.0-RC5
2024-12-19 21:46:53,450 [INFO] ConfigFileManager:1579 - The Die is : DIE413
2024-12-19 21:46:54,310 [INFO] ProjectBuilder:5154 - Time for Generating toolchain IDE Files: 949mS.
2024-12-19 21:46:54,310 [INFO] ProjectBuilder:3146 - Time for Copy CMSIS : 0mS.
2024-12-19 21:46:54,315 [INFO] ProjectBuilder:3146 - Time for Copy CMSIS : 0mS.
2024-12-19 22:10:38,544 [INFO] UserAuth:486 - Internet connection configuration mode: 2
2024-12-19 22:10:38,546 [INFO] UserAuth:486 - Internet connection configuration mode: 2
2024-12-19 22:10:38,547 [INFO] UserAuth:486 - Internet connection configuration mode: 2
2024-12-19 22:10:38,548 [INFO] UserAuth:486 - Internet connection configuration mode: 2
2024-12-19 22:10:38,549 [INFO] UserAuth:486 - Internet connection configuration mode: 2
2024-12-19 22:10:38,550 [INFO] UserAuth:486 - Internet connection configuration mode: 2
2024-12-19 22:10:38,552 [INFO] UserAuth:486 - Internet connection configuration mode: 2
2024-12-19 22:10:38,553 [INFO] UserAuth:486 - Internet connection configuration mode: 2
2024-12-19 22:10:38,554 [INFO] UserAuth:486 - Internet connection configuration mode: 2
2024-12-19 22:10:38,555 [INFO] UserAuth:486 - Internet connection configuration mode: 2
2024-12-19 22:10:38,557 [INFO] UserAuth:486 - Internet connection configuration mode: 2
2024-12-19 22:10:38,558 [INFO] UserAuth:486 - Internet connection configuration mode: 2
2024-12-19 22:10:38,559 [INFO] UserAuth:486 - Internet connection configuration mode: 2
2024-12-19 22:10:38,561 [INFO] UserAuth:486 - Internet connection configuration mode: 2
2024-12-19 22:10:38,563 [INFO] UserAuth:486 - Internet connection configuration mode: 2
2024-12-19 22:10:38,564 [INFO] UserAuth:486 - Internet connection configuration mode: 2
2024-12-19 22:10:38,565 [INFO] UserAuth:486 - Internet connection configuration mode: 2
2024-12-19 22:10:38,567 [INFO] UserAuth:486 - Internet connection configuration mode: 2
2024-12-19 22:10:38,569 [INFO] UserAuth:486 - Internet connection configuration mode: 2
2024-12-19 22:10:38,570 [INFO] UserAuth:486 - Internet connection configuration mode: 2
2024-12-19 22:10:38,572 [INFO] UserAuth:486 - Internet connection configuration mode: 2
2024-12-19 22:10:38,573 [INFO] UserAuth:486 - Internet connection configuration mode: 2
2024-12-19 22:10:38,575 [INFO] UserAuth:486 - Internet connection configuration mode: 2
2024-12-19 22:10:38,577 [INFO] UserAuth:486 - Internet connection configuration mode: 2
2024-12-19 22:10:38,578 [INFO] UserAuth:486 - Internet connection configuration mode: 2
2024-12-19 22:10:38,580 [INFO] UserAuth:486 - Internet connection configuration mode: 2
2024-12-19 22:10:38,581 [INFO] UserAuth:486 - Internet connection configuration mode: 2
2024-12-19 22:10:38,582 [INFO] UserAuth:486 - Internet connection configuration mode: 2
2024-12-19 22:10:38,584 [INFO] UserAuth:486 - Internet connection configuration mode: 2
2024-12-19 22:10:38,586 [INFO] UserAuth:486 - Internet connection configuration mode: 2
2024-12-19 22:10:38,587 [INFO] UserAuth:486 - Internet connection configuration mode: 2
2024-12-19 22:10:38,588 [INFO] UserAuth:486 - Internet connection configuration mode: 2
2024-12-19 22:10:38,590 [INFO] UserAuth:486 - Internet connection configuration mode: 2
2024-12-19 22:10:38,591 [INFO] UserAuth:486 - Internet connection configuration mode: 2
2024-12-19 22:10:38,592 [INFO] UserAuth:486 - Internet connection configuration mode: 2
2024-12-19 22:10:38,593 [INFO] UserAuth:486 - Internet connection configuration mode: 2
2024-12-19 22:10:38,594 [INFO] UserAuth:486 - Internet connection configuration mode: 2
2024-12-19 22:10:38,596 [INFO] UserAuth:486 - Internet connection configuration mode: 2
2024-12-19 22:10:38,597 [INFO] UserAuth:486 - Internet connection configuration mode: 2
2024-12-19 22:10:38,598 [INFO] UserAuth:486 - Internet connection configuration mode: 2
2024-12-19 22:10:38,599 [INFO] UserAuth:486 - Internet connection configuration mode: 2
2024-12-19 22:10:38,600 [INFO] UserAuth:486 - Internet connection configuration mode: 2
2024-12-19 22:10:38,602 [INFO] UserAuth:486 - Internet connection configuration mode: 2
2024-12-19 22:10:38,603 [INFO] UserAuth:486 - Internet connection configuration mode: 2
2024-12-19 22:10:38,605 [INFO] UserAuth:486 - Internet connection configuration mode: 2
2024-12-19 22:10:38,606 [INFO] UserAuth:486 - Internet connection configuration mode: 2
2024-12-19 22:10:38,607 [INFO] UserAuth:486 - Internet connection configuration mode: 2
2024-12-19 22:10:38,608 [INFO] UserAuth:486 - Internet connection configuration mode: 2
2024-12-19 22:10:38,610 [INFO] UserAuth:486 - Internet connection configuration mode: 2
2024-12-19 22:10:38,610 [INFO] UserAuth:486 - Internet connection configuration mode: 2
2024-12-19 22:10:38,611 [INFO] UserAuth:486 - Internet connection configuration mode: 2
2024-12-19 22:10:38,613 [INFO] UserAuth:486 - Internet connection configuration mode: 2
2024-12-19 22:10:38,614 [INFO] UserAuth:486 - Internet connection configuration mode: 2
2024-12-19 22:10:38,616 [INFO] UserAuth:486 - Internet connection configuration mode: 2
2024-12-19 22:10:38,617 [INFO] UserAuth:486 - Internet connection configuration mode: 2
2024-12-19 22:10:38,618 [INFO] UserAuth:486 - Internet connection configuration mode: 2
2024-12-19 22:10:38,840 [INFO] UserAuth:486 - Internet connection configuration mode: 2
2024-12-19 22:10:38,849 [INFO] UserAuth:486 - Internet connection configuration mode: 2
2024-12-19 22:10:38,853 [INFO] UserAuth:486 - Internet connection configuration mode: 2
2024-12-19 22:10:38,856 [INFO] UserAuth:486 - Internet connection configuration mode: 2
2024-12-19 22:10:38,864 [INFO] UserAuth:486 - Internet connection configuration mode: 2
2024-12-19 22:10:38,870 [INFO] UserAuth:486 - Internet connection configuration mode: 2
2024-12-19 22:10:38,875 [INFO] UserAuth:486 - Internet connection configuration mode: 2
2024-12-19 22:10:38,884 [INFO] UserAuth:486 - Internet connection configuration mode: 2
2024-12-19 22:10:38,889 [INFO] UserAuth:486 - Internet connection configuration mode: 2
2024-12-19 22:10:38,896 [INFO] UserAuth:486 - Internet connection configuration mode: 2
2024-12-19 22:10:38,903 [INFO] UserAuth:486 - Internet connection configuration mode: 2
2024-12-19 22:10:38,909 [INFO] UserAuth:486 - Internet connection configuration mode: 2
2024-12-19 22:10:38,917 [INFO] UserAuth:486 - Internet connection configuration mode: 2
2024-12-19 22:10:38,922 [INFO] UserAuth:486 - Internet connection configuration mode: 2
2024-12-19 22:10:38,927 [INFO] UserAuth:486 - Internet connection configuration mode: 2
2024-12-19 22:10:38,954 [INFO] UserAuth:486 - Internet connection configuration mode: 2
2024-12-19 22:10:39,007 [INFO] UserAuth:486 - Internet connection configuration mode: 2
2024-12-19 22:10:39,015 [INFO] UserAuth:486 - Internet connection configuration mode: 2
2024-12-19 22:10:39,038 [INFO] UserAuth:486 - Internet connection configuration mode: 2
2024-12-19 22:10:39,052 [INFO] UserAuth:486 - Internet connection configuration mode: 2
2024-12-19 22:10:39,061 [INFO] UserAuth:486 - Internet connection configuration mode: 2
2024-12-19 22:10:39,085 [INFO] UserAuth:486 - Internet connection configuration mode: 2
2024-12-19 22:10:39,092 [INFO] UserAuth:486 - Internet connection configuration mode: 2
2024-12-19 22:10:39,100 [INFO] UserAuth:486 - Internet connection configuration mode: 2
2024-12-19 22:10:39,104 [INFO] UserAuth:486 - Internet connection configuration mode: 2
2024-12-19 22:10:39,108 [INFO] UserAuth:486 - Internet connection configuration mode: 2
2024-12-19 22:10:39,112 [INFO] UserAuth:486 - Internet connection configuration mode: 2
2024-12-19 22:10:39,115 [INFO] UserAuth:486 - Internet connection configuration mode: 2
2024-12-19 22:10:39,119 [INFO] UserAuth:486 - Internet connection configuration mode: 2
2024-12-19 22:10:39,122 [INFO] UserAuth:486 - Internet connection configuration mode: 2
2024-12-19 22:10:39,129 [INFO] UserAuth:486 - Internet connection configuration mode: 2
2024-12-19 22:10:39,146 [INFO] UserAuth:486 - Internet connection configuration mode: 2
2024-12-19 22:10:39,253 [INFO] UserAuth:486 - Internet connection configuration mode: 2
2024-12-19 22:10:39,259 [INFO] UserAuth:486 - Internet connection configuration mode: 2
2024-12-19 22:10:39,268 [INFO] UserAuth:486 - Internet connection configuration mode: 2
2024-12-19 22:10:39,273 [INFO] UserAuth:486 - Internet connection configuration mode: 2
2024-12-19 22:10:39,284 [INFO] UserAuth:486 - Internet connection configuration mode: 2
2024-12-19 22:10:39,286 [INFO] UserAuth:486 - Internet connection configuration mode: 2
2024-12-19 22:10:39,289 [INFO] UserAuth:486 - Internet connection configuration mode: 2
2024-12-19 22:10:39,291 [INFO] UserAuth:486 - Internet connection configuration mode: 2
2024-12-19 22:10:39,295 [INFO] UserAuth:486 - Internet connection configuration mode: 2
2024-12-19 22:10:39,297 [INFO] UserAuth:486 - Internet connection configuration mode: 2
2024-12-19 22:10:39,299 [INFO] UserAuth:486 - Internet connection configuration mode: 2
2024-12-19 22:10:39,301 [INFO] UserAuth:486 - Internet connection configuration mode: 2
2024-12-19 22:10:39,303 [INFO] UserAuth:486 - Internet connection configuration mode: 2
2024-12-19 22:10:39,306 [INFO] UserAuth:486 - Internet connection configuration mode: 2
2024-12-19 22:10:39,311 [INFO] UserAuth:486 - Internet connection configuration mode: 2
2024-12-19 22:10:39,313 [INFO] UserAuth:486 - Internet connection configuration mode: 2
2024-12-19 22:10:39,315 [INFO] UserAuth:486 - Internet connection configuration mode: 2
2024-12-19 22:10:39,317 [INFO] UserAuth:486 - Internet connection configuration mode: 2
2024-12-19 22:10:39,318 [INFO] UserAuth:486 - Internet connection configuration mode: 2
2024-12-19 22:10:39,322 [INFO] UserAuth:486 - Internet connection configuration mode: 2
2024-12-19 22:10:39,331 [INFO] UserAuth:486 - Internet connection configuration mode: 2
2024-12-19 22:10:39,335 [INFO] UserAuth:486 - Internet connection configuration mode: 2
2024-12-19 22:10:39,340 [INFO] UserAuth:486 - Internet connection configuration mode: 2
2024-12-19 22:10:39,345 [INFO] UserAuth:486 - Internet connection configuration mode: 2
2024-12-19 22:10:39,350 [INFO] UserAuth:486 - Internet connection configuration mode: 2
2024-12-19 22:10:39,352 [INFO] UserAuth:486 - Internet connection configuration mode: 2
2024-12-19 22:10:39,368 [INFO] UserAuth:486 - Internet connection configuration mode: 2
2024-12-19 22:10:39,371 [INFO] UserAuth:486 - Internet connection configuration mode: 2
2024-12-19 22:10:39,398 [INFO] UserAuth:486 - Internet connection configuration mode: 2
2024-12-19 22:10:39,401 [INFO] UserAuth:486 - Internet connection configuration mode: 2
2024-12-19 22:10:39,404 [INFO] UserAuth:486 - Internet connection configuration mode: 2
2024-12-19 22:10:39,516 [INFO] UserAuth:486 - Internet connection configuration mode: 2
2024-12-19 22:10:39,519 [INFO] UserAuth:486 - Internet connection configuration mode: 2
2024-12-19 22:10:39,522 [INFO] UserAuth:486 - Internet connection configuration mode: 2
2024-12-19 22:10:39,534 [INFO] UserAuth:486 - Internet connection configuration mode: 2
2024-12-19 22:10:39,537 [INFO] UserAuth:486 - Internet connection configuration mode: 2
2024-12-19 22:10:39,562 [INFO] UserAuth:486 - Internet connection configuration mode: 2
2024-12-19 22:10:39,566 [INFO] UserAuth:486 - Internet connection configuration mode: 2
2024-12-19 22:10:39,587 [INFO] UserAuth:486 - Internet connection configuration mode: 2
2024-12-19 22:10:39,593 [INFO] UserAuth:486 - Internet connection configuration mode: 2
2024-12-19 22:10:39,597 [INFO] UserAuth:486 - Internet connection configuration mode: 2
2024-12-19 22:10:39,614 [INFO] UserAuth:486 - Internet connection configuration mode: 2
2024-12-19 22:10:39,616 [INFO] UserAuth:486 - Internet connection configuration mode: 2
2024-12-19 22:10:39,619 [INFO] UserAuth:486 - Internet connection configuration mode: 2
2024-12-19 22:10:39,629 [INFO] UserAuth:486 - Internet connection configuration mode: 2
2024-12-19 22:10:39,631 [INFO] UserAuth:486 - Internet connection configuration mode: 2
2024-12-19 22:10:39,648 [INFO] UserAuth:486 - Internet connection configuration mode: 2
2024-12-19 22:10:39,651 [INFO] UserAuth:486 - Internet connection configuration mode: 2
2024-12-19 22:10:39,662 [INFO] UserAuth:486 - Internet connection configuration mode: 2
2024-12-19 22:10:39,666 [INFO] UserAuth:486 - Internet connection configuration mode: 2
2024-12-19 22:10:39,672 [INFO] UserAuth:486 - Internet connection configuration mode: 2
2024-12-19 22:10:39,677 [INFO] UserAuth:486 - Internet connection configuration mode: 2
2024-12-19 22:10:39,680 [INFO] UserAuth:486 - Internet connection configuration mode: 2
2024-12-19 22:10:39,682 [INFO] UserAuth:486 - Internet connection configuration mode: 2
2024-12-19 22:10:39,686 [INFO] UserAuth:486 - Internet connection configuration mode: 2
2024-12-19 22:10:39,690 [INFO] UserAuth:486 - Internet connection configuration mode: 2
2024-12-19 22:10:39,695 [INFO] UserAuth:486 - Internet connection configuration mode: 2
2024-12-19 22:10:39,699 [INFO] UserAuth:486 - Internet connection configuration mode: 2
2024-12-19 22:10:39,703 [INFO] UserAuth:486 - Internet connection configuration mode: 2
2024-12-19 22:10:39,708 [INFO] UserAuth:486 - Internet connection configuration mode: 2
2024-12-19 22:10:39,711 [INFO] UserAuth:486 - Internet connection configuration mode: 2
2024-12-19 22:10:39,715 [INFO] UserAuth:486 - Internet connection configuration mode: 2
2024-12-19 22:10:39,719 [INFO] UserAuth:486 - Internet connection configuration mode: 2
2024-12-19 22:10:39,733 [INFO] UserAuth:486 - Internet connection configuration mode: 2
2024-12-19 22:12:53,691 [INFO] NvicIntPanel:101 - NVIC parent = com.st.microxplorer.plugins.ip.nvic.MultiNvicIntPanel[,0,0,0x0,invalid,layout=javax.swing.BoxLayout,alignmentX=0.0,alignmentY=0.0,border=,flags=9,maximumSize=,minimumSize=,preferredSize=]
2024-12-19 22:13:22,288 [INFO] UtilMem:75 - End SaveConfig() Used Memory: 596178776 Bytes (964689920)
2024-12-19 22:13:24,262 [INFO] UtilMem:75 - End SaveConfig() Used Memory: 686432592 Bytes (964689920)
2024-12-19 22:13:24,940 [INFO] BlockDiagram:2766 - set Specific Code input for plugin: FREERTOS
2024-12-19 22:13:24,941 [INFO] BlockDiagram:2766 - set Specific Code input for plugin: TIM1_8
2024-12-19 22:13:24,941 [INFO] BlockDiagram:2766 - set Specific Code input for plugin: SYS
2024-12-19 22:13:24,941 [INFO] BlockDiagram:2766 - set Specific Code input for plugin: RCC
2024-12-19 22:13:24,941 [INFO] BlockDiagram:2766 - set Specific Code input for plugin: NVIC
2024-12-19 22:13:24,941 [INFO] BlockDiagram:2766 - set Specific Code input for plugin: USART
2024-12-19 22:13:24,942 [INFO] BlockDiagram:2766 - set Specific Code input for plugin: GPIO
2024-12-19 22:13:24,943 [INFO] CodeGenerator:896 - code generatio: config db path: D:\STM32CubeIDE_1.17.0\STM32CubeIDE\plugins\com.st.stm32cube.common.mx_6.13.0.202411220809\\db\
2024-12-19 22:13:25,365 [INFO] CodeEngine:255 - oldGeneratedFile, D:\STM32\RTOS\RTOS\MXTmpFiles\license.tmp_save
2024-12-19 22:13:25,752 [INFO] CodeEngine:279 - Generated code: D:\STM32\RTOS\RTOS\MXTmpFiles\license.tmp
2024-12-19 22:13:25,829 [INFO] CodeEngine:255 - oldGeneratedFile, D:\STM32\RTOS\RTOS\MXTmpFiles\gpio.tmp_save
2024-12-19 22:13:26,086 [INFO] CodeEngine:279 - Generated code: D:\STM32\RTOS\RTOS\MXTmpFiles\gpio.tmp
2024-12-19 22:13:26,456 [INFO] Middleware:1450 - No code input for Bsp Dependency
2024-12-19 22:13:26,469 [INFO] CodeEngine:255 - oldGeneratedFile, D:\STM32\RTOS\RTOS\MXTmpFiles\rtos_inc.tmp_save
2024-12-19 22:13:26,719 [INFO] CodeEngine:279 - Generated code: D:\STM32\RTOS\RTOS\MXTmpFiles\rtos_inc.tmp
2024-12-19 22:13:26,725 [INFO] CodeEngine:255 - oldGeneratedFile, D:\STM32\RTOS\RTOS\MXTmpFiles\rtos_kernelInit.tmp_save
2024-12-19 22:13:26,878 [INFO] CodeEngine:279 - Generated code: D:\STM32\RTOS\RTOS\MXTmpFiles\rtos_kernelInit.tmp
2024-12-19 22:13:26,883 [INFO] CodeEngine:255 - oldGeneratedFile, D:\STM32\RTOS\RTOS\MXTmpFiles\rtos_kernelStart.tmp_save
2024-12-19 22:13:27,027 [INFO] CodeEngine:279 - Generated code: D:\STM32\RTOS\RTOS\MXTmpFiles\rtos_kernelStart.tmp
2024-12-19 22:13:27,034 [INFO] CodeEngine:255 - oldGeneratedFile, D:\STM32\RTOS\RTOS\MXTmpFiles\rtos_typedefs.tmp_save
2024-12-19 22:13:27,176 [INFO] CodeEngine:279 - Generated code: D:\STM32\RTOS\RTOS\MXTmpFiles\rtos_typedefs.tmp
2024-12-19 22:13:27,195 [INFO] CodeEngine:255 - oldGeneratedFile, D:\STM32\RTOS\RTOS\MXTmpFiles\rtos_vars.tmp_save
2024-12-19 22:13:27,351 [INFO] CodeEngine:279 - Generated code: D:\STM32\RTOS\RTOS\MXTmpFiles\rtos_vars.tmp
2024-12-19 22:13:27,359 [INFO] CodeEngine:255 - oldGeneratedFile, D:\STM32\RTOS\RTOS\MXTmpFiles\rtos_pfp.tmp_save
2024-12-19 22:13:27,459 [INFO] CodeEngine:279 - Generated code: D:\STM32\RTOS\RTOS\MXTmpFiles\rtos_pfp.tmp
2024-12-19 22:13:27,490 [INFO] CodeEngine:255 - oldGeneratedFile, D:\STM32\RTOS\RTOS\MXTmpFiles\rtos_obj_creat.tmp_save
2024-12-19 22:13:27,608 [INFO] CodeEngine:279 - Generated code: D:\STM32\RTOS\RTOS\MXTmpFiles\rtos_obj_creat.tmp
2024-12-19 22:13:27,623 [INFO] CodeEngine:255 - oldGeneratedFile, D:\STM32\RTOS\RTOS\MXTmpFiles\rtos_default_thread.tmp_save
2024-12-19 22:13:27,725 [INFO] CodeEngine:279 - Generated code: D:\STM32\RTOS\RTOS\MXTmpFiles\rtos_default_thread.tmp
2024-12-19 22:13:27,755 [INFO] CodeEngine:255 - oldGeneratedFile, D:\STM32\RTOS\RTOS\MXTmpFiles\rtos_threads.tmp_save
2024-12-19 22:13:27,848 [INFO] CodeEngine:279 - Generated code: D:\STM32\RTOS\RTOS\MXTmpFiles\rtos_threads.tmp
2024-12-19 22:13:27,868 [INFO] Middleware:1450 - No code input for Bsp Dependency
2024-12-19 22:13:27,880 [INFO] CodeEngine:255 - oldGeneratedFile, D:\STM32\RTOS\RTOS\MXTmpFiles\rtos_inc.tmp_save
2024-12-19 22:13:28,005 [INFO] CodeEngine:279 - Generated code: D:\STM32\RTOS\RTOS\MXTmpFiles\rtos_inc.tmp
2024-12-19 22:13:28,012 [INFO] CodeEngine:255 - oldGeneratedFile, D:\STM32\RTOS\RTOS\MXTmpFiles\rtos_kernelInit.tmp_save
2024-12-19 22:13:28,100 [INFO] CodeEngine:279 - Generated code: D:\STM32\RTOS\RTOS\MXTmpFiles\rtos_kernelInit.tmp
2024-12-19 22:13:28,106 [INFO] CodeEngine:255 - oldGeneratedFile, D:\STM32\RTOS\RTOS\MXTmpFiles\rtos_kernelStart.tmp_save
2024-12-19 22:13:28,198 [INFO] CodeEngine:279 - Generated code: D:\STM32\RTOS\RTOS\MXTmpFiles\rtos_kernelStart.tmp
2024-12-19 22:13:28,204 [INFO] CodeEngine:255 - oldGeneratedFile, D:\STM32\RTOS\RTOS\MXTmpFiles\rtos_typedefs.tmp_save
2024-12-19 22:13:28,302 [INFO] CodeEngine:279 - Generated code: D:\STM32\RTOS\RTOS\MXTmpFiles\rtos_typedefs.tmp
2024-12-19 22:13:28,322 [INFO] CodeEngine:255 - oldGeneratedFile, D:\STM32\RTOS\RTOS\MXTmpFiles\rtos_vars.tmp_save
2024-12-19 22:13:28,422 [INFO] CodeEngine:279 - Generated code: D:\STM32\RTOS\RTOS\MXTmpFiles\rtos_vars.tmp
2024-12-19 22:13:28,427 [INFO] CodeEngine:255 - oldGeneratedFile, D:\STM32\RTOS\RTOS\MXTmpFiles\rtos_pfp.tmp_save
2024-12-19 22:13:28,523 [INFO] CodeEngine:279 - Generated code: D:\STM32\RTOS\RTOS\MXTmpFiles\rtos_pfp.tmp
2024-12-19 22:13:28,544 [INFO] CodeEngine:255 - oldGeneratedFile, D:\STM32\RTOS\RTOS\MXTmpFiles\rtos_obj_creat.tmp_save
2024-12-19 22:13:28,636 [INFO] CodeEngine:279 - Generated code: D:\STM32\RTOS\RTOS\MXTmpFiles\rtos_obj_creat.tmp
2024-12-19 22:13:28,643 [INFO] CodeEngine:255 - oldGeneratedFile, D:\STM32\RTOS\RTOS\MXTmpFiles\rtos_default_thread.tmp_save
2024-12-19 22:13:28,728 [INFO] CodeEngine:279 - Generated code: D:\STM32\RTOS\RTOS\MXTmpFiles\rtos_default_thread.tmp
2024-12-19 22:13:28,734 [INFO] CodeEngine:255 - oldGeneratedFile, D:\STM32\RTOS\RTOS\MXTmpFiles\rtos_threads.tmp_save
2024-12-19 22:13:28,822 [INFO] CodeEngine:279 - Generated code: D:\STM32\RTOS\RTOS\MXTmpFiles\rtos_threads.tmp
2024-12-19 22:13:28,860 [INFO] CodeEngine:255 - oldGeneratedFile, D:\STM32\RTOS\RTOS\Core\Inc\FreeRTOSConfig.h_save
2024-12-19 22:13:29,063 [INFO] CodeEngine:279 - Generated code: D:\STM32\RTOS\RTOS\Core\Inc\FreeRTOSConfig.h
2024-12-19 22:13:29,108 [INFO] CodeEngine:255 - oldGeneratedFile, D:\STM32\RTOS\RTOS\Core\Src\freertos.c_save
2024-12-19 22:13:29,204 [INFO] CodeEngine:279 - Generated code: D:\STM32\RTOS\RTOS\Core\Src\freertos.c
2024-12-19 22:13:29,260 [INFO] CodeEngine:255 - oldGeneratedFile, D:\STM32\RTOS\RTOS\Core\Src\stm32f4xx_it.c_save
2024-12-19 22:13:29,530 [INFO] CodeEngine:279 - Generated code: D:\STM32\RTOS\RTOS\Core\Src\stm32f4xx_it.c
2024-12-19 22:13:29,537 [INFO] CodeEngine:255 - oldGeneratedFile, D:\STM32\RTOS\RTOS\Core\Inc\stm32f4xx_it.h_save
2024-12-19 22:13:29,635 [INFO] CodeEngine:279 - Generated code: D:\STM32\RTOS\RTOS\Core\Inc\stm32f4xx_it.h
2024-12-19 22:13:29,691 [INFO] CodeEngine:255 - oldGeneratedFile, D:\STM32\RTOS\RTOS\Core\Src\stm32f4xx_hal_msp.c_save
2024-12-19 22:13:29,933 [INFO] CodeEngine:279 - Generated code: D:\STM32\RTOS\RTOS\Core\Src\stm32f4xx_hal_msp.c
2024-12-19 22:13:29,939 [INFO] CodeEngine:255 - oldGeneratedFile, D:\STM32\RTOS\RTOS\MXTmpFiles\system.tmp_save
2024-12-19 22:13:30,023 [INFO] CodeEngine:279 - Generated code: D:\STM32\RTOS\RTOS\MXTmpFiles\system.tmp
2024-12-19 22:13:30,063 [INFO] CodeEngine:255 - oldGeneratedFile, D:\STM32\RTOS\RTOS\Core\Src\stm32f4xx_hal_timebase_tim.c_save
2024-12-19 22:13:30,235 [INFO] CodeEngine:279 - Generated code: D:\STM32\RTOS\RTOS\Core\Src\stm32f4xx_hal_timebase_tim.c
2024-12-19 22:13:30,282 [INFO] CodeEngine:311 - oldGeneratedFile, D:\STM32\RTOS\RTOS\Core\Inc\stm32f4xx_hal_conf.h_save
2024-12-19 22:13:30,450 [INFO] CodeEngine:335 - Generated code: D:\STM32\RTOS\RTOS\Core\Inc\stm32f4xx_hal_conf.h
2024-12-19 22:13:30,515 [INFO] ApiDbMcu:508 - Load IP Config File for TIM5
2024-12-19 22:13:30,520 [WARN] IPConfigManager:3618 - IP not found : TIM
2024-12-19 22:13:30,521 [WARN] CodeGenerator:4152 - IP not found : null
2024-12-19 22:13:30,572 [INFO] CodeEngine:255 - oldGeneratedFile, D:\STM32\RTOS\RTOS\Core\Inc\main.h_save
2024-12-19 22:13:30,707 [INFO] CodeEngine:279 - Generated code: D:\STM32\RTOS\RTOS\Core\Inc\main.h
2024-12-19 22:13:30,741 [INFO] CodeEngine:255 - oldGeneratedFile, D:\STM32\RTOS\RTOS\Core\Src\main.c_save
2024-12-19 22:13:30,963 [INFO] CodeEngine:279 - Generated code: D:\STM32\RTOS\RTOS\Core\Src\main.c
2024-12-19 22:13:31,507 [INFO] ProjectBuilder:3289 - Time for Copy HAL[1] : 251mS.
2024-12-19 22:13:31,514 [INFO] ProjectBuilder:4876 - Project Generator version: 4.5.0-RC5
2024-12-19 22:13:31,656 [INFO] ConfigFileManager:1579 - The Die is : DIE413
2024-12-19 22:13:34,671 [INFO] ProjectBuilder:5154 - Time for Generating toolchain IDE Files: 3157mS.
2024-12-19 22:13:34,672 [INFO] ProjectBuilder:3146 - Time for Copy CMSIS : 1mS.
2024-12-19 22:13:34,678 [INFO] ProjectBuilder:3146 - Time for Copy CMSIS : 0mS.
2024-12-19 22:51:14,726 [ERROR] CheckConnectionManager:249 - Problem, Http access forbiden
2024-12-19 22:51:14,731 [INFO] MainUpdater:2872 - connection check result : 22
2024-12-19 22:51:14,840 [INFO] MicroXplorer:468 - Change Database Path : 
2024-12-19 22:51:14,840 [INFO] MicroXplorer:498 - Change Database Version : DB.6.0.130
2024-12-19 22:51:14,899 [ERROR] ProjectManagerView:394 - 
java.lang.NullPointerException: Cannot invoke "javax.swing.JTextField.getText()" because the return value of "java.util.List.get(int)" is null
	at com.st.microxplorer.plugins.projectmanager.gui.ProjectChoiceTab$9.caretUpdate(ProjectChoiceTab.java:2616) ~[filemanager.jar:?]
	at javax.swing.text.JTextComponent.fireCaretUpdate(JTextComponent.java:408) ~[?:?]
	at javax.swing.text.JTextComponent$MutableCaretEvent.fire(JTextComponent.java:4484) ~[?:?]
	at javax.swing.text.JTextComponent$MutableCaretEvent.stateChanged(JTextComponent.java:4506) ~[?:?]
	at javax.swing.text.DefaultCaret.fireStateChanged(DefaultCaret.java:857) ~[?:?]
	at javax.swing.text.DefaultCaret.changeCaretPosition(DefaultCaret.java:1343) ~[?:?]
	at javax.swing.text.DefaultCaret.handleSetDot(DefaultCaret.java:1242) ~[?:?]
	at javax.swing.text.DefaultCaret.setDot(DefaultCaret.java:1223) ~[?:?]
	at javax.swing.text.DefaultCaret$Handler.insertUpdate(DefaultCaret.java:1819) ~[?:?]
	at javax.swing.text.AbstractDocument.fireInsertUpdate(AbstractDocument.java:227) ~[?:?]
	at javax.swing.text.AbstractDocument.handleInsertString(AbstractDocument.java:781) ~[?:?]
	at javax.swing.text.AbstractDocument.insertString(AbstractDocument.java:740) ~[?:?]
	at javax.swing.text.PlainDocument.insertString(PlainDocument.java:131) ~[?:?]
	at javax.swing.text.AbstractDocument.replace(AbstractDocument.java:699) ~[?:?]
	at javax.swing.text.JTextComponent.setText(JTextComponent.java:1725) ~[?:?]
	at com.st.microxplorer.plugins.projectmanager.gui.ProjectChoiceTab.createHeapStackFields(ProjectChoiceTab.java:975) ~[filemanager.jar:?]
	at com.st.microxplorer.plugins.projectmanager.gui.ProjectChoiceTab.buildLinkSettingsPanel(ProjectChoiceTab.java:3666) ~[filemanager.jar:?]
	at com.st.microxplorer.plugins.projectmanager.gui.ProjectChoiceTab.defineWindowsFields(ProjectChoiceTab.java:1934) ~[filemanager.jar:?]
	at com.st.microxplorer.plugins.projectmanager.gui.ProjectChoiceTab.updateSettings(ProjectChoiceTab.java:553) ~[filemanager.jar:?]
	at com.st.microxplorer.plugins.projectmanager.gui.ProjectSettingsPanel.UpdateDialog(ProjectSettingsPanel.java:245) ~[filemanager.jar:?]
	at com.st.microxplorer.plugins.projectmanager.ProjectManagerView.propertyChange(ProjectManagerView.java:391) ~[filemanager.jar:?]
	at java.beans.PropertyChangeSupport.fire(PropertyChangeSupport.java:343) ~[?:?]
	at java.beans.PropertyChangeSupport.firePropertyChange(PropertyChangeSupport.java:335) ~[?:?]
	at java.beans.PropertyChangeSupport.firePropertyChange(PropertyChangeSupport.java:268) ~[?:?]
	at com.st.microxplorer.util.MXPropertyChangeSupport.firePropertyChange(MXPropertyChangeSupport.java:54) ~[STM32CubeMX.jar:?]
	at com.st.microxplorer.mxsystem.MxSystem.closeConfig(MxSystem.java:899) ~[STM32CubeMX.jar:?]
	at com.st.microxplorer.maingui.MainPanel.closeConfig(MainPanel.java:789) ~[STM32CubeMX.jar:?]
	at com.st.microxplorer.plugins.filemanager.engine.OpenFileManager.loadConfigurationFile(OpenFileManager.java:265) ~[filemanager.jar:?]
	at com.st.microxplorer.plugins.filemanager.engine.MainFileManager.userLoadConfig(MainFileManager.java:340) ~[filemanager.jar:?]
	at com.st.microxplorer.plugins.filemanager.engine.MainFileManager.userLoadConfig(MainFileManager.java:318) ~[filemanager.jar:?]
	at com.st.microxplorer.plugins.filemanager.FileManagerView.getSpecificTask(FileManagerView.java:246) ~[filemanager.jar:?]
	at com.st.stm32cube.common.mx.editor.CubeMxEditor.getMxTabbedPaneInstance(CubeMxEditor.java:1198) ~[com.st.stm32cube.common.mx_6.13.0.202411220809/:?]
	at com.st.stm32cube.common.mx.editor.CubeMxEditor$12$1.createSwingComponent(CubeMxEditor.java:1068) ~[com.st.stm32cube.common.mx_6.13.0.202411220809/:?]
	at com.st.stm32cube.common.mx.oss.core.awtswtbridge.EmbeddedSwingComposite.doComponentCreation(EmbeddedSwingComposite.java:492) ~[com.st.stm32cube.common.mx.oss_6.13.0.202411220809/:?]
	at com.st.stm32cube.common.mx.oss.core.awtswtbridge.EmbeddedSwingComposite$4.run(EmbeddedSwingComposite.java:291) ~[com.st.stm32cube.common.mx.oss_6.13.0.202411220809/:?]
	at com.st.stm32cube.common.mx.oss.core.awtswtbridge.AwtEnvironment$2.run(AwtEnvironment.java:166) ~[com.st.stm32cube.common.mx.oss_6.13.0.202411220809/:?]
	at java.awt.event.InvocationEvent.dispatch(InvocationEvent.java:318) ~[?:?]
	at java.awt.EventQueue.dispatchEventImpl(EventQueue.java:773) ~[?:?]
	at java.awt.EventQueue$4.run(EventQueue.java:720) ~[?:?]
	at java.awt.EventQueue$4.run(EventQueue.java:714) ~[?:?]
	at java.security.AccessController.doPrivileged(AccessController.java:400) ~[?:?]
	at java.security.ProtectionDomain$JavaSecurityAccessImpl.doIntersectionPrivilege(ProtectionDomain.java:87) ~[?:?]
	at java.awt.EventQueue.dispatchEvent(EventQueue.java:742) ~[?:?]
	at java.awt.EventDispatchThread.pumpOneEventForFilters(EventDispatchThread.java:203) ~[?:?]
	at java.awt.EventDispatchThread.pumpEventsForFilter(EventDispatchThread.java:124) ~[?:?]
	at java.awt.EventDispatchThread.pumpEventsForHierarchy(EventDispatchThread.java:113) ~[?:?]
	at java.awt.EventDispatchThread.pumpEvents(EventDispatchThread.java:109) ~[?:?]
	at java.awt.EventDispatchThread.pumpEvents(EventDispatchThread.java:101) ~[?:?]
	at java.awt.EventDispatchThread.run(EventDispatchThread.java:90) ~[?:?]
2024-12-19 22:51:14,901 [WARN] ThirdParty:871 - waiting for thirdparty lock release [close project]
2024-12-19 22:51:14,901 [INFO] ThirdParty:873 - entering critical section [close project]
2024-12-19 22:51:14,905 [INFO] ThirdParty:883 - exiting critical section [close project]
2024-12-19 22:51:14,910 [INFO] PinOutPanel:1589 - setPackage(No Configuration,No Configuration)
2024-12-19 22:51:14,928 [WARN] IpParametersView:154 - Warning: This peripheral hasn't parameters
2024-12-19 22:51:14,941 [WARN] MainPanel:289 - <html><b><center>Warning: This peripheral has no parameters to be configured<br></b></html>
2024-12-19 22:51:14,942 [ERROR] MainPanel:599 - java.lang.IndexOutOfBoundsException: Index: 0, Tab count: 0
2024-12-19 22:51:14,951 [INFO] UtilMem:75 - Begin LoadConfig() Used Memory: 866348480 Bytes (964689920)
2024-12-19 22:51:14,953 [INFO] MicroXplorer:468 - Change Database Path : 
2024-12-19 22:51:14,953 [INFO] MicroXplorer:498 - Change Database Version : DB.6.0.130
2024-12-19 22:51:14,953 [INFO] OpenFileManager:332 - Change cursor
2024-12-19 22:51:15,023 [INFO] RulesReader:64 - Compatibility file has been processed (297 Rules)
2024-12-19 22:51:15,053 [INFO] Mcu:2035 - Initializing MCU STM32F407V(E-G)Tx STM32F407VETx STM32F407VET6
2024-12-19 22:51:17,335 [INFO] Context:748 - Trying to add GPIOservice into a context  which must be forbidden
2024-12-19 22:51:18,284 [INFO] RtosManager:555 - Registered RTOS mode: class=CMSIS, group=RTOS, mode=CMSIS_V1, owner=FREERTOS
2024-12-19 22:51:18,285 [INFO] RtosManager:555 - Registered RTOS mode: class=CMSIS, group=RTOS2, mode=CMSIS_V2, owner=FREERTOS
2024-12-19 22:51:18,285 [INFO] RtosManager:555 - Registered RTOS mode: class=RTOS, group=Core, mode=CMSIS_V1, owner=FREERTOS
2024-12-19 22:51:18,285 [INFO] RtosManager:555 - Registered RTOS mode: class=RTOS, group=Core, mode=CMSIS_V2, owner=FREERTOS
2024-12-19 22:51:18,285 [WARN] ModelIntegratedComponent:184 - Missing modes for component STMicroelectronics:FreeRTOS:0.0.1:STMicroelectronics:RTOS:FreeRTOS:Core:::10.2.0:
2024-12-19 22:51:18,297 [WARN] ModelIntegratedComponent:63 - No mode defined for component null
2024-12-19 22:51:18,297 [WARN] ModelIntegratedComponent:63 - No mode defined for component null
2024-12-19 22:51:18,297 [WARN] ModelIntegratedComponent:63 - No mode defined for component null
2024-12-19 22:51:18,297 [WARN] ModelIntegratedComponent:63 - No mode defined for component null
2024-12-19 22:51:18,297 [WARN] ModelIntegratedComponent:63 - No mode defined for component null
2024-12-19 22:51:18,297 [WARN] ModelIntegratedComponent:63 - No mode defined for component null
2024-12-19 22:51:18,297 [WARN] ModelIntegratedComponent:63 - No mode defined for component null
2024-12-19 22:51:18,297 [WARN] ModelIntegratedComponent:63 - No mode defined for component null
2024-12-19 22:51:18,297 [WARN] ModelIntegratedComponent:63 - No mode defined for component null
2024-12-19 22:51:18,298 [WARN] ModelIntegratedComponent:63 - No mode defined for component null
2024-12-19 22:51:18,298 [WARN] ModelIntegratedComponent:63 - No mode defined for component null
2024-12-19 22:51:18,298 [WARN] ModelIntegratedComponent:63 - No mode defined for component null
2024-12-19 22:51:18,298 [WARN] ModelIntegratedComponent:63 - No mode defined for component null
2024-12-19 22:51:18,298 [WARN] ModelIntegratedComponent:63 - No mode defined for component null
2024-12-19 22:51:18,298 [WARN] ModelIntegratedComponent:63 - No mode defined for component null
2024-12-19 22:51:18,298 [WARN] ModelIntegratedComponent:63 - No mode defined for component null
2024-12-19 22:51:18,298 [WARN] ModelIntegratedComponent:63 - No mode defined for component null
2024-12-19 22:51:18,299 [WARN] ModelIntegratedComponent:63 - No mode defined for component null
2024-12-19 22:51:18,299 [WARN] ModelIntegratedComponent:63 - No mode defined for component null
2024-12-19 22:51:18,299 [WARN] ModelIntegratedComponent:63 - No mode defined for component null
2024-12-19 22:51:18,299 [WARN] ModelIntegratedComponent:63 - No mode defined for component null
2024-12-19 22:51:18,299 [WARN] ModelIntegratedComponent:63 - No mode defined for component null
2024-12-19 22:51:18,300 [WARN] ModelIntegratedComponent:63 - No mode defined for component null
2024-12-19 22:51:18,300 [WARN] ModelIntegratedComponent:63 - No mode defined for component null
2024-12-19 22:51:18,300 [WARN] ModelIntegratedComponent:63 - No mode defined for component null
2024-12-19 22:51:18,300 [WARN] ModelIntegratedComponent:63 - No mode defined for component null
2024-12-19 22:51:18,300 [WARN] ModelIntegratedComponent:63 - No mode defined for component null
2024-12-19 22:51:18,300 [WARN] ModelIntegratedComponent:63 - No mode defined for component null
2024-12-19 22:51:18,300 [WARN] ModelIntegratedComponent:63 - No mode defined for component null
2024-12-19 22:51:18,300 [WARN] ModelIntegratedComponent:63 - No mode defined for component null
2024-12-19 22:51:18,300 [WARN] ModelIntegratedComponent:63 - No mode defined for component null
2024-12-19 22:51:18,301 [WARN] ModelIntegratedComponent:63 - No mode defined for component null
2024-12-19 22:51:18,301 [WARN] ModelIntegratedComponent:63 - No mode defined for component null
2024-12-19 22:51:18,301 [WARN] ModelIntegratedComponent:63 - No mode defined for component null
2024-12-19 22:51:18,301 [WARN] ModelIntegratedComponent:63 - No mode defined for component null
2024-12-19 22:51:18,301 [WARN] ModelPack:524 - Component already loaded: STMicroelectronics:HAL Drivers:0.0.0:STMicroelectronics:Device:STMicro_Driver:XSPI:HAL::0.0.1:HAL_XSPI
2024-12-19 22:51:18,326 [INFO] ThirdPartyModel:298 - Start build external matchings
2024-12-19 22:51:19,037 [INFO] ThirdPartyModel:316 - End build external matchings
2024-12-19 22:51:19,050 [INFO] RtosManager:922 - Current active RTOS is FREERTOS [Cortex-M4NS]
2024-12-19 22:51:19,061 [INFO] ImportTextPane:218 - (OptionalMessage_ERROR) IP (RCC) : Parameter (48MHZClocksFreq_Value) has invalid value (84000000)
2024-12-19 22:51:19,061 [INFO] ImportTextPane:218 - (OptionalMessage_ERROR) IP (RCC) : Parameter (RTCHSEDivFreq_Value) has invalid value (12500000)
2024-12-19 22:51:19,422 [INFO] UtilMem:75 - End LoadConfig() Used Memory: 564976312 Bytes (964689920)
2024-12-19 22:51:19,471 [WARN] ThirdParty:833 - waiting for thirdparty lock release [change project]
2024-12-19 22:51:19,472 [INFO] ThirdParty:835 - entering critical section [change project]
2024-12-19 22:51:19,472 [INFO] ThirdParty:1030 - CMSIS Pack Vendor :STMicroelectronics USBPD 4.1
2024-12-19 22:51:19,472 [INFO] ThirdParty:1030 - CMSIS Pack Vendor :STMicroelectronics X-CUBE-AZRTOS-H7 3.3.0
2024-12-19 22:51:19,472 [INFO] ThirdParty:1030 - CMSIS Pack Vendor :STMicroelectronics X-CUBE-NFC9 1.0.0
2024-12-19 22:51:19,472 [INFO] ThirdParty:1030 - CMSIS Pack Vendor :STMicroelectronics USB_HOST 2.0.0
2024-12-19 22:51:19,472 [INFO] ThirdParty:1030 - CMSIS Pack Vendor :STMicroelectronics FP-SNS-MOTENVWB1 1.4.0
2024-12-19 22:51:19,472 [INFO] ThirdParty:1030 - CMSIS Pack Vendor :STMicroelectronics X-CUBE-AZRTOS-F4 1.1.0
2024-12-19 22:51:19,472 [INFO] ThirdParty:1030 - CMSIS Pack Vendor :STMicroelectronics LIBJPEG 8.0.0
2024-12-19 22:51:19,472 [INFO] ThirdParty:1030 - CMSIS Pack Vendor :STMicroelectronics FP-ATR-ASTRA1 2.0.1
2024-12-19 22:51:19,472 [INFO] ThirdParty:1030 - CMSIS Pack Vendor :STMicroelectronics X-CUBE-SMBUS 2.1.0
2024-12-19 22:51:19,472 [INFO] ThirdParty:1030 - CMSIS Pack Vendor :STMicroelectronics X-CUBE-WB05N 1.1.0
2024-12-19 22:51:19,472 [INFO] ThirdParty:1030 - CMSIS Pack Vendor :STMicroelectronics USB_DEVICE 3.0.0
2024-12-19 22:51:19,475 [INFO] ThirdParty:1030 - CMSIS Pack Vendor :STMicroelectronics X-CUBE-TCPP 4.1.0
2024-12-19 22:51:19,476 [INFO] ThirdParty:1030 - CMSIS Pack Vendor :STMicroelectronics X-CUBE-ISPU 2.1.0
2024-12-19 22:51:19,476 [INFO] ThirdParty:1030 - CMSIS Pack Vendor :STMicroelectronics X-CUBE-FREERTOS 1.2.0
2024-12-19 22:51:19,477 [INFO] ThirdParty:1030 - CMSIS Pack Vendor :STMicroelectronics X-CUBE-IPS 3.0.0
2024-12-19 22:51:19,477 [INFO] ThirdParty:1030 - CMSIS Pack Vendor :STMicroelectronics X-CUBE-AZRTOS-WB 2.0.0
2024-12-19 22:51:19,477 [INFO] ThirdParty:1030 - CMSIS Pack Vendor :STMicroelectronics X-CUBE-GNSS1 7.0.0
2024-12-19 22:51:19,477 [INFO] ThirdParty:1030 - CMSIS Pack Vendor :STMicroelectronics X-CUBE-AZRTOS-F7 1.1.0
2024-12-19 22:51:19,477 [INFO] ThirdParty:1030 - CMSIS Pack Vendor :STMicroelectronics X-CUBE-AZRTOS-L5 2.0.0
2024-12-19 22:51:19,477 [INFO] ThirdParty:1030 - CMSIS Pack Vendor :STMicroelectronics USB_DEVICE 2.0.0
2024-12-19 22:51:19,477 [INFO] ThirdParty:1030 - CMSIS Pack Vendor :STMicroelectronics X-CUBE-NFC6 3.1.0
2024-12-19 22:51:19,478 [INFO] ThirdParty:1030 - CMSIS Pack Vendor :STMicroelectronics FP-SNS-STBOX1 2.0.0
2024-12-19 22:51:19,478 [INFO] ThirdParty:1030 - CMSIS Pack Vendor :STMicroelectronics X-CUBE-MEMS1 11.0.0
2024-12-19 22:51:19,478 [INFO] ThirdParty:1030 - CMSIS Pack Vendor :STMicroelectronics FreeRTOS 0.0.1
2024-12-19 22:51:19,479 [INFO] ThirdParty:1030 - CMSIS Pack Vendor :STMicroelectronics X-CUBE-AZRTOS-G0 1.1.0
2024-12-19 22:51:19,479 [INFO] ThirdParty:1030 - CMSIS Pack Vendor :STMicroelectronics X-CUBE-SAFEA1 1.2.2
2024-12-19 22:51:19,479 [INFO] ThirdParty:1030 - CMSIS Pack Vendor :STMicroelectronics X-CUBE-NFC4 3.0.0
2024-12-19 22:51:19,479 [INFO] ThirdParty:1030 - CMSIS Pack Vendor :STMicroelectronics X-CUBE-DPower 1.2.0
2024-12-19 22:51:19,479 [INFO] ThirdParty:1030 - CMSIS Pack Vendor :STMicroelectronics X-CUBE-SUBG2 5.0.0
2024-12-19 22:51:19,479 [INFO] ThirdParty:1030 - CMSIS Pack Vendor :STMicroelectronics STM32_WPAN 1.0.0
2024-12-19 22:51:19,480 [INFO] ThirdParty:1030 - CMSIS Pack Vendor :EmbeddedOffice I-CUBE-FS-RTOS 1.0.1
2024-12-19 22:51:19,480 [INFO] ThirdParty:1030 - CMSIS Pack Vendor :STMicroelectronics lwIP 2.0.3
2024-12-19 22:51:19,480 [INFO] ThirdParty:1030 - CMSIS Pack Vendor :STMicroelectronics FP-SNS-FLIGHT1 5.0.2
2024-12-19 22:51:19,480 [INFO] ThirdParty:1030 - CMSIS Pack Vendor :Cesanta I-CUBE-Mongoose 7.13.0
2024-12-19 22:51:19,480 [INFO] ThirdParty:1030 - CMSIS Pack Vendor :STMicroelectronics USB_HOST 1.0.0
2024-12-19 22:51:19,480 [INFO] ThirdParty:1030 - CMSIS Pack Vendor :Infineon AIROC-Wi-Fi-Bluetooth-STM32 1.7.0
2024-12-19 22:51:19,480 [INFO] ThirdParty:1030 - CMSIS Pack Vendor :STMicroelectronics X-CUBE-AZRTOS-G4 2.0.0
2024-12-19 22:51:19,480 [INFO] ThirdParty:1030 - CMSIS Pack Vendor :STMicroelectronics PDM2PCM 3.1.0
2024-12-19 22:51:19,480 [INFO] ThirdParty:1030 - CMSIS Pack Vendor :STMicroelectronics PDM2PCM 3.3.0
2024-12-19 22:51:19,480 [INFO] ThirdParty:1030 - CMSIS Pack Vendor :STMicroelectronics X-CUBE-DISPLAY 3.0.0
2024-12-19 22:51:19,480 [INFO] ThirdParty:1030 - CMSIS Pack Vendor :RealThread X-CUBE-RT-Thread_Nano 4.1.1
2024-12-19 22:51:19,480 [INFO] ThirdParty:1030 - CMSIS Pack Vendor :STMicroelectronics X-CUBE-BLE1 7.0.0
2024-12-19 22:51:19,481 [INFO] ThirdParty:1030 - CMSIS Pack Vendor :STMicroelectronics FP-ATR-SIGFOX1 3.2.0
2024-12-19 22:51:19,481 [INFO] ThirdParty:1030 - CMSIS Pack Vendor :STMicroelectronics X-CUBE-NFC10 1.0.0
2024-12-19 22:51:19,481 [INFO] ThirdParty:1030 - CMSIS Pack Vendor :quantropi X-CUBE-qispace-sdk-base 1.9.3
2024-12-19 22:51:19,481 [INFO] ThirdParty:1030 - CMSIS Pack Vendor :STMicroelectronics X-CUBE-BLEMGR 4.0.0
2024-12-19 22:51:19,481 [INFO] ThirdParty:1030 - CMSIS Pack Vendor :STMicroelectronics X-CUBE-EEPRMA1 5.1.0
2024-12-19 22:51:19,481 [INFO] ThirdParty:1030 - CMSIS Pack Vendor :STMicroelectronics HAL Drivers 0.0.0
2024-12-19 22:51:19,481 [INFO] ThirdParty:1030 - CMSIS Pack Vendor :STMicroelectronics MBEDTLS 2.16.2
2024-12-19 22:51:19,481 [INFO] ThirdParty:1030 - CMSIS Pack Vendor :STMicroelectronics X-CUBE-ALS 1.0.2
2024-12-19 22:51:19,481 [INFO] ThirdParty:1030 - CMSIS Pack Vendor :emotas I-CUBE-CANOPEN 1.3.0
2024-12-19 22:51:19,481 [INFO] ThirdParty:1030 - CMSIS Pack Vendor :wolfSSL I-CUBE-wolfSSL 5.7.4
2024-12-19 22:51:19,481 [INFO] ThirdParty:1030 - CMSIS Pack Vendor :STMicroelectronics X-CUBE-NFC7 1.0.1
2024-12-19 22:51:19,481 [INFO] ThirdParty:1030 - CMSIS Pack Vendor :STMicroelectronics MBEDTLS 2.14.1
2024-12-19 22:51:19,482 [INFO] ThirdParty:1030 - CMSIS Pack Vendor :ITTIA_DB I-CUBE-ITTIADB 8.9.0
2024-12-19 22:51:19,482 [INFO] ThirdParty:1030 - CMSIS Pack Vendor :STMicroelectronics X-CUBE-TOUCHGFX 4.24.1
2024-12-19 22:51:19,482 [INFO] ThirdParty:1030 - CMSIS Pack Vendor :wolfSSL I-CUBE-wolfTPM 3.4.0
2024-12-19 22:51:19,482 [INFO] ThirdParty:1030 - CMSIS Pack Vendor :portGmbH I-Cube-SoM-uGOAL 1.1.0
2024-12-19 22:51:19,482 [INFO] ThirdParty:1030 - CMSIS Pack Vendor :STMicroelectronics ThreadX 1.0.0
2024-12-19 22:51:19,482 [INFO] ThirdParty:1030 - CMSIS Pack Vendor :STMicroelectronics FP-SNS-SMARTAG2 1.2.0
2024-12-19 22:51:19,482 [INFO] ThirdParty:1030 - CMSIS Pack Vendor :STMicroelectronics X-CUBE-AZRTOS-WL 2.0.0
2024-12-19 22:51:19,482 [INFO] ThirdParty:1030 - CMSIS Pack Vendor :SEGGER I-CUBE-embOS 1.3.1
2024-12-19 22:51:19,482 [INFO] ThirdParty:1030 - CMSIS Pack Vendor :STMicroelectronics X-CUBE-ALGOBUILD 1.4.0
2024-12-19 22:51:19,482 [INFO] ThirdParty:1030 - CMSIS Pack Vendor :STMicroelectronics FP-SNS-MOTENV1 5.0.0
2024-12-19 22:51:19,482 [INFO] ThirdParty:1030 - CMSIS Pack Vendor :STMicroelectronics USB_DEVICE 1.0.0
2024-12-19 22:51:19,482 [INFO] ThirdParty:1030 - CMSIS Pack Vendor :STMicroelectronics X-CUBE-AZRTOS-H7RS 1.0.0
2024-12-19 22:51:19,482 [INFO] ThirdParty:1030 - CMSIS Pack Vendor :wolfSSL I-CUBE-wolfMQTT 1.19.0
2024-12-19 22:51:19,482 [INFO] ThirdParty:1030 - CMSIS Pack Vendor :STMicroelectronics X-CUBE-AZRTOS-L4 2.0.0
2024-12-19 22:51:19,482 [INFO] ThirdParty:1030 - CMSIS Pack Vendor :STMicroelectronics ThreadX 0.0.2
2024-12-19 22:51:19,484 [INFO] ThirdParty:1030 - CMSIS Pack Vendor :WES I-CUBE-Cesium 1.3.0
2024-12-19 22:51:19,484 [INFO] ThirdParty:1030 - CMSIS Pack Vendor :STMicroelectronics lwIP 2.1.2
2024-12-19 22:51:19,484 [INFO] ThirdParty:1030 - CMSIS Pack Vendor :STMicroelectronics X-CUBE-SFXS2LP1 4.0.0
2024-12-19 22:51:19,484 [INFO] ThirdParty:1030 - CMSIS Pack Vendor :STMicroelectronics X-CUBE-BLE2 3.3.0
2024-12-19 22:51:19,484 [INFO] ThirdParty:1030 - CMSIS Pack Vendor :STMicroelectronics X-CUBE-TOF1 3.4.2
2024-12-19 22:51:19,484 [INFO] ThirdParty:1030 - CMSIS Pack Vendor :STMicroelectronics X-CUBE-AI 9.1.0
2024-12-19 22:51:19,484 [INFO] ThirdParty:1030 - CMSIS Pack Vendor :STMicroelectronics PDM2PCM 3.2.0
2024-12-19 22:51:19,484 [INFO] ThirdParty:1030 - CMSIS Pack Vendor :wolfSSL I-CUBE-wolfSSH 1.4.17
2024-12-19 22:51:19,484 [INFO] ThirdParty:841 - exiting critical section [change project]
2024-12-19 22:51:19,909 [INFO] PinOutPanel:1589 - setPackage(No Configuration,No Configuration)
2024-12-19 22:51:19,910 [INFO] PinOutPanel:1589 - setPackage(STM32F407VETx,LQFP100)
2024-12-19 22:51:20,423 [INFO] UtilMem:75 - Before build in PCC Used Memory: 820201312 Bytes (964689920)
2024-12-19 22:51:20,906 [INFO] UtilMem:75 - After build in PCC Used Memory: 866753328 Bytes (964689920)
2024-12-19 22:51:20,937 [INFO] ApiDbMcu:508 - Load IP Config File for FREERTOS
2024-12-19 22:51:20,982 [INFO] IPUIPlugin:80 - create IPUIPlugin
2024-12-19 22:51:20,982 [INFO] IPUIPlugin:80 - create IPUIPlugin
2024-12-19 22:51:20,982 [INFO] IPUIPlugin:80 - create IPUIPlugin
2024-12-19 22:51:20,982 [INFO] IPUIPlugin:80 - create IPUIPlugin
2024-12-19 22:51:20,982 [INFO] IPUIPlugin:80 - create IPUIPlugin
2024-12-19 22:51:20,982 [INFO] IPUIPlugin:80 - create IPUIPlugin
2024-12-19 22:51:20,982 [INFO] IPUIPlugin:80 - create IPUIPlugin
2024-12-19 22:51:20,982 [INFO] IPUIPlugin:80 - create IPUIPlugin
2024-12-19 22:51:20,982 [INFO] IPUIPlugin:80 - create IPUIPlugin
2024-12-19 22:51:20,984 [INFO] IPUIPlugin:80 - create IPUIPlugin
2024-12-19 22:51:20,984 [INFO] IPUIPlugin:80 - create IPUIPlugin
2024-12-19 22:51:20,984 [INFO] IPUIPlugin:80 - create IPUIPlugin
2024-12-19 22:51:20,984 [INFO] IPUIPlugin:80 - create IPUIPlugin
2024-12-19 22:51:20,984 [INFO] IPUIPlugin:80 - create IPUIPlugin
2024-12-19 22:51:20,985 [INFO] IPUIPlugin:80 - create IPUIPlugin
2024-12-19 22:51:20,985 [INFO] IPUIPlugin:80 - create IPUIPlugin
2024-12-19 22:51:20,985 [INFO] IPUIPlugin:80 - create IPUIPlugin
2024-12-19 22:51:20,986 [INFO] IPUIPlugin:80 - create IPUIPlugin
2024-12-19 22:51:20,986 [INFO] IPUIPlugin:80 - create IPUIPlugin
2024-12-19 22:51:20,986 [INFO] IPUIPlugin:80 - create IPUIPlugin
2024-12-19 22:51:20,986 [INFO] IPUIPlugin:80 - create IPUIPlugin
2024-12-19 22:51:20,987 [INFO] IPUIPlugin:80 - create IPUIPlugin
2024-12-19 22:51:20,987 [INFO] IPUIPlugin:80 - create IPUIPlugin
2024-12-19 22:51:20,987 [INFO] IPUIPlugin:80 - create IPUIPlugin
2024-12-19 22:51:20,988 [INFO] IPUIPlugin:80 - create IPUIPlugin
2024-12-19 22:51:20,988 [INFO] IPUIPlugin:80 - create IPUIPlugin
2024-12-19 22:51:20,988 [INFO] IPUIPlugin:80 - create IPUIPlugin
2024-12-19 22:51:20,988 [INFO] IPUIPlugin:80 - create IPUIPlugin
2024-12-19 22:51:20,989 [INFO] IPUIPlugin:80 - create IPUIPlugin
2024-12-19 22:51:20,989 [INFO] IPUIPlugin:80 - create IPUIPlugin
2024-12-19 22:51:20,990 [INFO] IPUIPlugin:80 - create IPUIPlugin
2024-12-19 22:51:21,019 [INFO] IPUIPlugin:80 - create IPUIPlugin
2024-12-19 22:51:21,020 [INFO] IPUIPlugin:80 - create IPUIPlugin
2024-12-19 22:51:21,020 [INFO] IPUIPlugin:80 - create IPUIPlugin
2024-12-19 22:51:21,021 [INFO] IPUIPlugin:80 - create IPUIPlugin
2024-12-19 22:51:21,021 [INFO] IPUIPlugin:80 - create IPUIPlugin
2024-12-19 22:51:21,021 [INFO] IPUIPlugin:80 - create IPUIPlugin
2024-12-19 22:51:21,022 [INFO] IPUIPlugin:80 - create IPUIPlugin
2024-12-19 22:51:21,022 [INFO] IPUIPlugin:80 - create IPUIPlugin
2024-12-19 22:51:21,022 [INFO] IPUIPlugin:80 - create IPUIPlugin
2024-12-19 22:51:21,022 [INFO] IPUIPlugin:80 - create IPUIPlugin
2024-12-19 22:51:21,023 [INFO] IPUIPlugin:80 - create IPUIPlugin
2024-12-19 22:51:21,024 [INFO] IPUIPlugin:80 - create IPUIPlugin
2024-12-19 22:51:21,024 [INFO] IPUIPlugin:80 - create IPUIPlugin
2024-12-19 22:51:21,024 [INFO] IPUIPlugin:80 - create IPUIPlugin
2024-12-19 22:51:21,025 [INFO] IPUIPlugin:80 - create IPUIPlugin
2024-12-19 22:51:21,025 [INFO] IPUIPlugin:80 - create IPUIPlugin
2024-12-19 22:51:21,025 [INFO] IPUIPlugin:80 - create IPUIPlugin
2024-12-19 22:51:21,026 [INFO] IPUIPlugin:80 - create IPUIPlugin
2024-12-19 22:51:21,026 [INFO] IPUIPlugin:80 - create IPUIPlugin
2024-12-19 22:51:21,027 [INFO] IPUIPlugin:80 - create IPUIPlugin
2024-12-19 22:51:21,027 [INFO] IPUIPlugin:80 - create IPUIPlugin
2024-12-19 22:51:21,029 [INFO] IPUIPlugin:80 - create IPUIPlugin
2024-12-19 22:51:21,030 [INFO] IPUIPlugin:80 - create IPUIPlugin
2024-12-19 22:51:21,030 [INFO] IPUIPlugin:80 - create IPUIPlugin
2024-12-19 22:51:21,031 [INFO] IPUIPlugin:80 - create IPUIPlugin
2024-12-19 22:51:21,032 [INFO] IPUIPlugin:80 - create IPUIPlugin
2024-12-19 22:51:21,032 [INFO] IPUIPlugin:80 - create IPUIPlugin
2024-12-19 22:51:21,056 [INFO] ApiDbMcu:508 - Load IP Config File for PDM2PCM
2024-12-19 22:51:21,071 [WARN] FreeRTOS:1023 - Null or empty value: should not occur! (nothing added to the table)
2024-12-19 22:51:21,167 [INFO] CADModel:165 - CPN selected for project levelSTM32F407VET6
2024-12-19 22:51:21,167 [INFO] CADModel:114 - Register for checkConnection events
2024-12-19 22:51:21,170 [INFO] RtosManager:697 - Active RTOS found at IOC load: FREERTOS [Cortex-M4NS]
2024-12-19 22:51:21,234 [INFO] OpenFileManager:363 - Restore cursor
2024-12-19 22:51:47,288 [INFO] NvicIntPanel:101 - NVIC parent = com.st.microxplorer.plugins.ip.nvic.MultiNvicIntPanel[,0,0,458x229,layout=javax.swing.BoxLayout,alignmentX=0.0,alignmentY=0.0,border=,flags=9,maximumSize=,minimumSize=,preferredSize=]
2024-12-19 22:51:50,736 [INFO] NvicIntPanel:101 - NVIC parent = com.st.microxplorer.plugins.ip.nvic.MultiNvicIntPanel[,0,0,0x0,invalid,layout=javax.swing.BoxLayout,alignmentX=0.0,alignmentY=0.0,border=,flags=9,maximumSize=,minimumSize=,preferredSize=]
2024-12-19 22:51:59,028 [INFO] UtilMem:75 - End SaveConfig() Used Memory: 600866096 Bytes (964689920)
2024-12-19 22:52:00,647 [INFO] UtilMem:75 - End SaveConfig() Used Memory: 656719416 Bytes (964689920)
2024-12-19 22:52:00,984 [INFO] BlockDiagram:2766 - set Specific Code input for plugin: FREERTOS
2024-12-19 22:52:00,984 [INFO] BlockDiagram:2766 - set Specific Code input for plugin: TIM1_8
2024-12-19 22:52:00,985 [INFO] BlockDiagram:2766 - set Specific Code input for plugin: SYS
2024-12-19 22:52:00,985 [INFO] BlockDiagram:2766 - set Specific Code input for plugin: RCC
2024-12-19 22:52:00,985 [INFO] BlockDiagram:2766 - set Specific Code input for plugin: NVIC
2024-12-19 22:52:00,985 [INFO] BlockDiagram:2766 - set Specific Code input for plugin: USART
2024-12-19 22:52:00,985 [INFO] BlockDiagram:2766 - set Specific Code input for plugin: GPIO
2024-12-19 22:52:00,987 [INFO] CodeGenerator:896 - code generatio: config db path: D:\STM32CubeIDE_1.17.0\STM32CubeIDE\plugins\com.st.stm32cube.common.mx_6.13.0.202411220809\\db\
2024-12-19 22:52:01,304 [INFO] CodeEngine:255 - oldGeneratedFile, D:\STM32\RTOS\RTOS\MXTmpFiles\license.tmp_save
2024-12-19 22:52:01,829 [INFO] CodeEngine:279 - Generated code: D:\STM32\RTOS\RTOS\MXTmpFiles\license.tmp
2024-12-19 22:52:01,958 [INFO] CodeEngine:255 - oldGeneratedFile, D:\STM32\RTOS\RTOS\MXTmpFiles\gpio.tmp_save
2024-12-19 22:52:02,217 [INFO] CodeEngine:279 - Generated code: D:\STM32\RTOS\RTOS\MXTmpFiles\gpio.tmp
2024-12-19 22:52:02,443 [INFO] Middleware:1450 - No code input for Bsp Dependency
2024-12-19 22:52:02,464 [INFO] CodeEngine:255 - oldGeneratedFile, D:\STM32\RTOS\RTOS\MXTmpFiles\rtos_inc.tmp_save
2024-12-19 22:52:02,688 [INFO] CodeEngine:279 - Generated code: D:\STM32\RTOS\RTOS\MXTmpFiles\rtos_inc.tmp
2024-12-19 22:52:02,704 [INFO] CodeEngine:255 - oldGeneratedFile, D:\STM32\RTOS\RTOS\MXTmpFiles\rtos_kernelInit.tmp_save
2024-12-19 22:52:02,897 [INFO] CodeEngine:279 - Generated code: D:\STM32\RTOS\RTOS\MXTmpFiles\rtos_kernelInit.tmp
2024-12-19 22:52:02,915 [INFO] CodeEngine:255 - oldGeneratedFile, D:\STM32\RTOS\RTOS\MXTmpFiles\rtos_kernelStart.tmp_save
2024-12-19 22:52:03,084 [INFO] CodeEngine:279 - Generated code: D:\STM32\RTOS\RTOS\MXTmpFiles\rtos_kernelStart.tmp
2024-12-19 22:52:03,099 [INFO] CodeEngine:255 - oldGeneratedFile, D:\STM32\RTOS\RTOS\MXTmpFiles\rtos_typedefs.tmp_save
2024-12-19 22:52:03,273 [INFO] CodeEngine:279 - Generated code: D:\STM32\RTOS\RTOS\MXTmpFiles\rtos_typedefs.tmp
2024-12-19 22:52:03,294 [INFO] CodeEngine:255 - oldGeneratedFile, D:\STM32\RTOS\RTOS\MXTmpFiles\rtos_vars.tmp_save
2024-12-19 22:52:03,452 [INFO] CodeEngine:279 - Generated code: D:\STM32\RTOS\RTOS\MXTmpFiles\rtos_vars.tmp
2024-12-19 22:52:03,478 [INFO] CodeEngine:255 - oldGeneratedFile, D:\STM32\RTOS\RTOS\MXTmpFiles\rtos_pfp.tmp_save
2024-12-19 22:52:03,605 [INFO] CodeEngine:279 - Generated code: D:\STM32\RTOS\RTOS\MXTmpFiles\rtos_pfp.tmp
2024-12-19 22:52:03,624 [INFO] CodeEngine:255 - oldGeneratedFile, D:\STM32\RTOS\RTOS\MXTmpFiles\rtos_obj_creat.tmp_save
2024-12-19 22:52:03,755 [INFO] CodeEngine:279 - Generated code: D:\STM32\RTOS\RTOS\MXTmpFiles\rtos_obj_creat.tmp
2024-12-19 22:52:03,787 [INFO] CodeEngine:255 - oldGeneratedFile, D:\STM32\RTOS\RTOS\MXTmpFiles\rtos_default_thread.tmp_save
2024-12-19 22:52:03,920 [INFO] CodeEngine:279 - Generated code: D:\STM32\RTOS\RTOS\MXTmpFiles\rtos_default_thread.tmp
2024-12-19 22:52:03,949 [INFO] CodeEngine:255 - oldGeneratedFile, D:\STM32\RTOS\RTOS\MXTmpFiles\rtos_threads.tmp_save
2024-12-19 22:52:04,100 [INFO] CodeEngine:279 - Generated code: D:\STM32\RTOS\RTOS\MXTmpFiles\rtos_threads.tmp
2024-12-19 22:52:04,117 [INFO] Middleware:1450 - No code input for Bsp Dependency
2024-12-19 22:52:04,129 [INFO] CodeEngine:255 - oldGeneratedFile, D:\STM32\RTOS\RTOS\MXTmpFiles\rtos_inc.tmp_save
2024-12-19 22:52:04,292 [INFO] CodeEngine:279 - Generated code: D:\STM32\RTOS\RTOS\MXTmpFiles\rtos_inc.tmp
2024-12-19 22:52:04,298 [INFO] CodeEngine:255 - oldGeneratedFile, D:\STM32\RTOS\RTOS\MXTmpFiles\rtos_kernelInit.tmp_save
2024-12-19 22:52:04,402 [INFO] CodeEngine:279 - Generated code: D:\STM32\RTOS\RTOS\MXTmpFiles\rtos_kernelInit.tmp
2024-12-19 22:52:04,409 [INFO] CodeEngine:255 - oldGeneratedFile, D:\STM32\RTOS\RTOS\MXTmpFiles\rtos_kernelStart.tmp_save
2024-12-19 22:52:04,501 [INFO] CodeEngine:279 - Generated code: D:\STM32\RTOS\RTOS\MXTmpFiles\rtos_kernelStart.tmp
2024-12-19 22:52:04,508 [INFO] CodeEngine:255 - oldGeneratedFile, D:\STM32\RTOS\RTOS\MXTmpFiles\rtos_typedefs.tmp_save
2024-12-19 22:52:04,619 [INFO] CodeEngine:279 - Generated code: D:\STM32\RTOS\RTOS\MXTmpFiles\rtos_typedefs.tmp
2024-12-19 22:52:04,640 [INFO] CodeEngine:255 - oldGeneratedFile, D:\STM32\RTOS\RTOS\MXTmpFiles\rtos_vars.tmp_save
2024-12-19 22:52:04,763 [INFO] CodeEngine:279 - Generated code: D:\STM32\RTOS\RTOS\MXTmpFiles\rtos_vars.tmp
2024-12-19 22:52:04,771 [INFO] CodeEngine:255 - oldGeneratedFile, D:\STM32\RTOS\RTOS\MXTmpFiles\rtos_pfp.tmp_save
2024-12-19 22:52:04,857 [INFO] CodeEngine:279 - Generated code: D:\STM32\RTOS\RTOS\MXTmpFiles\rtos_pfp.tmp
2024-12-19 22:52:04,877 [INFO] CodeEngine:255 - oldGeneratedFile, D:\STM32\RTOS\RTOS\MXTmpFiles\rtos_obj_creat.tmp_save
2024-12-19 22:52:04,969 [INFO] CodeEngine:279 - Generated code: D:\STM32\RTOS\RTOS\MXTmpFiles\rtos_obj_creat.tmp
2024-12-19 22:52:04,974 [INFO] CodeEngine:255 - oldGeneratedFile, D:\STM32\RTOS\RTOS\MXTmpFiles\rtos_default_thread.tmp_save
2024-12-19 22:52:05,053 [INFO] CodeEngine:279 - Generated code: D:\STM32\RTOS\RTOS\MXTmpFiles\rtos_default_thread.tmp
2024-12-19 22:52:05,058 [INFO] CodeEngine:255 - oldGeneratedFile, D:\STM32\RTOS\RTOS\MXTmpFiles\rtos_threads.tmp_save
2024-12-19 22:52:05,118 [INFO] CodeEngine:279 - Generated code: D:\STM32\RTOS\RTOS\MXTmpFiles\rtos_threads.tmp
2024-12-19 22:52:05,152 [INFO] CodeEngine:255 - oldGeneratedFile, D:\STM32\RTOS\RTOS\Core\Inc\FreeRTOSConfig.h_save
2024-12-19 22:52:05,317 [INFO] CodeEngine:279 - Generated code: D:\STM32\RTOS\RTOS\Core\Inc\FreeRTOSConfig.h
2024-12-19 22:52:05,363 [INFO] CodeEngine:255 - oldGeneratedFile, D:\STM32\RTOS\RTOS\Core\Src\freertos.c_save
2024-12-19 22:52:05,499 [INFO] CodeEngine:279 - Generated code: D:\STM32\RTOS\RTOS\Core\Src\freertos.c
2024-12-19 22:52:05,554 [INFO] CodeEngine:255 - oldGeneratedFile, D:\STM32\RTOS\RTOS\Core\Src\stm32f4xx_it.c_save
2024-12-19 22:52:05,859 [INFO] CodeEngine:279 - Generated code: D:\STM32\RTOS\RTOS\Core\Src\stm32f4xx_it.c
2024-12-19 22:52:05,895 [INFO] CodeEngine:255 - oldGeneratedFile, D:\STM32\RTOS\RTOS\Core\Inc\stm32f4xx_it.h_save
2024-12-19 22:52:06,023 [INFO] CodeEngine:279 - Generated code: D:\STM32\RTOS\RTOS\Core\Inc\stm32f4xx_it.h
2024-12-19 22:52:06,082 [INFO] CodeEngine:255 - oldGeneratedFile, D:\STM32\RTOS\RTOS\Core\Src\stm32f4xx_hal_msp.c_save
2024-12-19 22:52:06,329 [INFO] CodeEngine:279 - Generated code: D:\STM32\RTOS\RTOS\Core\Src\stm32f4xx_hal_msp.c
2024-12-19 22:52:06,346 [INFO] CodeEngine:255 - oldGeneratedFile, D:\STM32\RTOS\RTOS\MXTmpFiles\system.tmp_save
2024-12-19 22:52:06,449 [INFO] CodeEngine:279 - Generated code: D:\STM32\RTOS\RTOS\MXTmpFiles\system.tmp
2024-12-19 22:52:06,498 [INFO] CodeEngine:255 - oldGeneratedFile, D:\STM32\RTOS\RTOS\Core\Src\stm32f4xx_hal_timebase_tim.c_save
2024-12-19 22:52:06,648 [INFO] CodeEngine:279 - Generated code: D:\STM32\RTOS\RTOS\Core\Src\stm32f4xx_hal_timebase_tim.c
2024-12-19 22:52:06,690 [INFO] CodeEngine:311 - oldGeneratedFile, D:\STM32\RTOS\RTOS\Core\Inc\stm32f4xx_hal_conf.h_save
2024-12-19 22:52:06,811 [INFO] CodeEngine:335 - Generated code: D:\STM32\RTOS\RTOS\Core\Inc\stm32f4xx_hal_conf.h
2024-12-19 22:52:06,877 [INFO] ApiDbMcu:508 - Load IP Config File for TIM5
2024-12-19 22:52:06,882 [INFO] ApiDbMcu:508 - Load IP Config File for USART3
2024-12-19 22:52:06,886 [INFO] ApiDbMcu:508 - Load IP Config File for RCC
2024-12-19 22:52:06,888 [WARN] IPConfigManager:3618 - IP not found : TIM
2024-12-19 22:52:06,889 [WARN] CodeGenerator:4152 - IP not found : null
2024-12-19 22:52:06,930 [INFO] CodeEngine:255 - oldGeneratedFile, D:\STM32\RTOS\RTOS\Core\Inc\main.h_save
2024-12-19 22:52:07,076 [INFO] CodeEngine:279 - Generated code: D:\STM32\RTOS\RTOS\Core\Inc\main.h
2024-12-19 22:52:07,102 [INFO] CodeEngine:255 - oldGeneratedFile, D:\STM32\RTOS\RTOS\Core\Src\main.c_save
2024-12-19 22:52:07,278 [INFO] CodeEngine:279 - Generated code: D:\STM32\RTOS\RTOS\Core\Src\main.c
2024-12-19 22:52:07,756 [INFO] ProjectBuilder:3289 - Time for Copy HAL[1] : 218mS.
2024-12-19 22:52:07,760 [INFO] ProjectBuilder:4876 - Project Generator version: 4.5.0-RC5
2024-12-19 22:52:07,857 [INFO] ConfigFileManager:1579 - The Die is : DIE413
2024-12-19 22:52:07,873 [INFO] ApiDbMcu:508 - Load IP Config File for FATFS
2024-12-19 22:52:07,886 [INFO] ApiDbMcu:508 - Load IP Config File for LIBJPEG
2024-12-19 22:52:07,906 [INFO] ApiDbMcu:508 - Load IP Config File for LWIP
2024-12-19 22:52:07,923 [INFO] ApiDbMcu:508 - Load IP Config File for MBEDTLS
2024-12-19 22:52:07,946 [INFO] ApiDbMcu:508 - Load IP Config File for USB_DEVICE
2024-12-19 22:52:07,961 [INFO] ApiDbMcu:508 - Load IP Config File for USB_HOST
2024-12-19 22:52:09,266 [INFO] ProjectBuilder:5154 - Time for Generating toolchain IDE Files: 1506mS.
2024-12-19 22:52:09,267 [INFO] ProjectBuilder:3146 - Time for Copy CMSIS : 1mS.
2024-12-19 22:52:09,274 [INFO] ProjectBuilder:3146 - Time for Copy CMSIS : 0mS.
